[0m2022-03-20 11:14:42 V/Net 3424719593: No server list cached.[0m
[92m2022-03-20 11:14:43 I/Net 3424719593: ECDH key is invalid, start to fetch ecdh public key from server.[0m
[92m2022-03-20 11:14:43 I/Net 3424719593: Successfully fetched ecdh public key from server.[0m
[0m2022-03-20 11:14:43 V/Net 3424719593: Send: wtlogin.login[0m
[0m2022-03-20 11:14:43 V/Net 3424719593: Recv: wtlogin.login[0m
[0m2022-03-20 11:15:13 V/Net 3424719593: Send: wtlogin.login[0m
[0m2022-03-20 11:15:13 V/Net 3424719593: Recv: wtlogin.login[0m
[0m2022-03-20 11:16:04 V/Net 3424719593: Send: wtlogin.login[0m
[0m2022-03-20 11:16:04 V/Net 3424719593: Recv: wtlogin.login[0m
[0m2022-03-20 11:16:04 V/Net 3424719593: Send: wtlogin.login[0m
[0m2022-03-20 11:16:04 V/Net 3424719593: Recv: wtlogin.login[0m
[0m2022-03-20 11:16:04 V/Net 3424719593: Send: StatSvc.register(online)[0m
[0m2022-03-20 11:16:04 V/Net 3424719593: No BdhSession cache[0m
[92m2022-03-20 11:16:04 I/Net 3424719593: Syncing friend message history...[0m
[92m2022-03-20 11:16:04 I/Net 3424719593: Start loading stranger list...[0m
[92m2022-03-20 11:16:04 I/Net 3424719593: Server time updated, serverTime: 1647746164, diff: 0ms=0.0s[0m
[0m2022-03-20 11:16:04 V/Net 3424719593: Recv: StatSvc.register[0m
[0m2022-03-20 11:16:04 V/Net 3424719593: Send: StatSvc.GetDevLoginInfo(StatSvc.GetDevLoginInfo)[0m
[92m2022-03-20 11:16:04 I/Net 3424719593: Start loading friend list...[0m
[0m2022-03-20 11:16:04 V/Net 3424719593: Send: OidbSvc.0x5d2_0(OidbSvc.0x5d2_0)[0m
[0m2022-03-20 11:16:04 V/Net 3424719593: Send: OidbSvc.0x496(OidbSvc.0x496)[0m
[0m2022-03-20 11:16:04 V/Net 3424719593: Send: friendlist.getFriendGroupList(friendlist.getFriendGroupList)[0m
[0m2022-03-20 11:16:04 V/Net 3424719593: Recv: StatSvc.GetDevLoginInfo[0m
[92m2022-03-20 11:16:04 I/Net 3424719593: No OtherClient online.[0m
[0m2022-03-20 11:16:04 V/Net 3424719593: Recv: OidbSvc.0x5d2_0[0m
[92m2022-03-20 11:16:04 I/Net 3424719593: Successfully loaded stranger list: 0 in total[0m
[92m2022-03-20 11:16:04 I/Net 3424719593: Start loading group list...[0m
[0m2022-03-20 11:16:04 V/Net 3424719593: Recv: OidbSvc.0x496[0m
[0m2022-03-20 11:16:04 V/Net 3424719593: Send: friendlist.GetTroopListReqV2(friendlist.GetTroopListReqV2)[0m
[0m2022-03-20 11:16:04 V/Net 3424719593: Recv: friendlist.getFriendGroupList[0m
[0m2022-03-20 11:16:04 V/Net 3424719593: Loading friend list: 6/6[0m
[92m2022-03-20 11:16:04 I/Net 3424719593: Successfully loaded friend list: 6 in total[0m
[92m2022-03-20 11:16:04 I/Net 3424719593: Syncing friend message history: Success.[0m
[0m2022-03-20 11:16:04 V/Net 3424719593: Recv: friendlist.GetTroopListReqV2[0m
[0m2022-03-20 11:16:04 V/Net 3424719593: Send: friendlist.GetTroopMemberListReq(friendlist.GetTroopMemberListReq)[0m
[0m2022-03-20 11:16:04 V/Net 3424719593: Send: friendlist.GetTroopMemberListReq(friendlist.GetTroopMemberListReq)[0m
[0m2022-03-20 11:16:04 V/Net 3424719593: Send: friendlist.GetTroopMemberListReq(friendlist.GetTroopMemberListReq)[0m
[0m2022-03-20 11:16:04 V/Net 3424719593: Recv: friendlist.GetTroopMemberListReq[0m
[0m2022-03-20 11:16:04 V/Net 3424719593: Recv: friendlist.GetTroopMemberListReq[0m
[0m2022-03-20 11:16:04 V/Net 3424719593: Recv: friendlist.GetTroopMemberListReq[0m
[92m2022-03-20 11:16:04 I/Net 3424719593: Successfully loaded group list: 3 in total.[0m
[92m2022-03-20 11:16:05 I/Net 3424719593: Scheduled key refresh in 23h 55min 0.0s.[0m
[92m2022-03-20 11:16:05 I/Net 3424719593: Scheduled refresh login session in 19d 23h 55min 0.0s.[0m
[92m2022-03-20 11:16:07 I/Net 3424719593: Server list: 157.148.54.141:80, 180.109.52.200:14000, 42.81.184.253:80, msfwifi.3g.qq.com:8080, 129.226.103.59:80, 183.47.101.221:8080, 183.47.98.90:14000, 120.232.130.46:443.[0m
[0m2022-03-20 11:16:07 V/Net 3424719593: No BdhSession to save to cache[0m
[0m2022-03-20 11:16:07 V/Net 3424719593: Saving server list to cache[0m
[0m2022-03-20 11:16:07 V/Net 3424719593: Send: ConfigPushSvc.PushResp(ConfigPushSvc.PushResp)[0m
[0m2022-03-20 11:16:07 V/Net 3424719593: Recv: ConfigPushSvc.PushReq[0m
[0m2022-03-20 11:16:07 V/Net 3424719593: Saving bdh session to cache[0m
[0m2022-03-20 11:16:07 V/Net 3424719593: Send: ConfigPushSvc.PushResp(ConfigPushSvc.PushResp)[0m
[0m2022-03-20 11:16:07 V/Net 3424719593: Recv: ConfigPushSvc.PushReq[0m
[0m2022-03-20 11:17:12 V/Net 3424719593: Send: StatSvc.register(offline)[0m
[0m2022-03-20 11:18:44 V/Net 3424719593: Loading server list from cache.[0m
[92m2022-03-20 11:18:44 I/Net 3424719593: Server list: 157.148.54.141:80, 180.109.52.200:14000, 42.81.184.253:80, msfwifi.3g.qq.com:8080, 129.226.103.59:80, 183.47.101.221:8080, 183.47.98.90:14000, 120.232.130.46:443.[0m
[92m2022-03-20 11:18:45 I/Net 3424719593: ECDH key is valid.[0m
[0m2022-03-20 11:18:45 V/Net 3424719593: Send: wtlogin.exchange_emp[0m
[0m2022-03-20 11:18:45 V/Net 3424719593: Recv: wtlogin.exchange_emp[0m
[0m2022-03-20 11:18:45 V/Net 3424719593: Send: StatSvc.register(online)[0m
[92m2022-03-20 11:18:45 I/Net 3424719593: Server time updated, serverTime: 1647746325, diff: 0ms=0.0s[0m
[0m2022-03-20 11:18:45 V/Net 3424719593: Recv: StatSvc.register[0m
[0m2022-03-20 11:18:45 V/Net 3424719593: Loading BdhSession from cache file[0m
[92m2022-03-20 11:18:45 I/Net 3424719593: Syncing friend message history...[0m
[0m2022-03-20 11:18:45 V/Net 3424719593: Send: StatSvc.GetDevLoginInfo(StatSvc.GetDevLoginInfo)[0m
[92m2022-03-20 11:18:45 I/Net 3424719593: Start loading stranger list...[0m
[92m2022-03-20 11:18:45 I/Net 3424719593: Start loading friend list...[0m
[0m2022-03-20 11:18:45 V/Net 3424719593: Send: OidbSvc.0x5d2_0(OidbSvc.0x5d2_0)[0m
[0m2022-03-20 11:18:45 V/Net 3424719593: Send: friendlist.getFriendGroupList(friendlist.getFriendGroupList)[0m
[0m2022-03-20 11:18:45 V/Net 3424719593: Send: OidbSvc.0x496(OidbSvc.0x496)[0m
[92m2022-03-20 11:18:45 I/Net 3424719593: Successfully loaded stranger list: 0 in total[0m
[92m2022-03-20 11:18:45 I/Net 3424719593: Start loading group list...[0m
[0m2022-03-20 11:18:45 V/Net 3424719593: Send: friendlist.GetTroopListReqV2(friendlist.GetTroopListReqV2)[0m
[0m2022-03-20 11:18:45 V/Net 3424719593: Recv: OidbSvc.0x5d2_0[0m
[0m2022-03-20 11:18:45 V/Net 3424719593: Recv: OidbSvc.0x496[0m
[92m2022-03-20 11:18:45 I/Net 3424719593: No OtherClient online.[0m
[0m2022-03-20 11:18:45 V/Net 3424719593: Recv: StatSvc.GetDevLoginInfo[0m
[0m2022-03-20 11:18:45 V/Net 3424719593: Loading friend list: 6/6[0m
[0m2022-03-20 11:18:45 V/Net 3424719593: Recv: friendlist.getFriendGroupList[0m
[92m2022-03-20 11:18:45 I/Net 3424719593: Successfully loaded friend list: 6 in total[0m
[0m2022-03-20 11:18:45 V/Net 3424719593: Recv: friendlist.GetTroopListReqV2[0m
[0m2022-03-20 11:18:45 V/Net 3424719593: Send: friendlist.GetTroopMemberListReq(friendlist.GetTroopMemberListReq)[0m
[0m2022-03-20 11:18:45 V/Net 3424719593: Send: friendlist.GetTroopMemberListReq(friendlist.GetTroopMemberListReq)[0m
[0m2022-03-20 11:18:45 V/Net 3424719593: Send: friendlist.GetTroopMemberListReq(friendlist.GetTroopMemberListReq)[0m
[92m2022-03-20 11:18:45 I/Net 3424719593: Syncing friend message history: Success.[0m
[0m2022-03-20 11:18:46 V/Net 3424719593: Recv: friendlist.GetTroopMemberListReq[0m
[0m2022-03-20 11:18:46 V/Net 3424719593: Recv: friendlist.GetTroopMemberListReq[0m
[0m2022-03-20 11:18:46 V/Net 3424719593: Recv: friendlist.GetTroopMemberListReq[0m
[92m2022-03-20 11:18:46 I/Net 3424719593: Successfully loaded group list: 3 in total.[0m
[92m2022-03-20 11:18:46 I/Net 3424719593: Scheduled key refresh in 23h 55min 0.0s.[0m
[92m2022-03-20 11:18:46 I/Net 3424719593: Scheduled refresh login session in 19d 23h 55min 0.0s.[0m
[0m2022-03-20 11:18:48 V/Net 3424719593: Saving bdh session to cache[0m
[0m2022-03-20 11:18:48 V/Net 3424719593: Send: ConfigPushSvc.PushResp(ConfigPushSvc.PushResp)[0m
[0m2022-03-20 11:18:48 V/Net 3424719593: Recv: ConfigPushSvc.PushReq[0m
[0m2022-03-20 11:20:37 V/Net 3424719593: Loading server list from cache.[0m
[92m2022-03-20 11:20:37 I/Net 3424719593: Server list: 157.148.54.141:80, 180.109.52.200:14000, 42.81.184.253:80, msfwifi.3g.qq.com:8080, 129.226.103.59:80, 183.47.101.221:8080, 183.47.98.90:14000, 120.232.130.46:443.[0m
[92m2022-03-20 11:20:38 I/Net 3424719593: ECDH key is valid.[0m
[0m2022-03-20 11:20:38 V/Net 3424719593: Send: wtlogin.exchange_emp[0m
[0m2022-03-20 11:20:38 V/Net 3424719593: Send: StatSvc.register(online)[0m
[0m2022-03-20 11:20:38 V/Net 3424719593: Recv: wtlogin.exchange_emp[0m
[92m2022-03-20 11:20:38 I/Net 3424719593: Server time updated, serverTime: 1647746438, diff: 0ms=0.0s[0m
[0m2022-03-20 11:20:38 V/Net 3424719593: Recv: StatSvc.register[0m
[0m2022-03-20 11:20:38 V/Net 3424719593: Loading BdhSession from cache file[0m
[92m2022-03-20 11:20:38 I/Net 3424719593: Syncing friend message history...[0m
[0m2022-03-20 11:20:38 V/Net 3424719593: Send: StatSvc.GetDevLoginInfo(StatSvc.GetDevLoginInfo)[0m
[92m2022-03-20 11:20:38 I/Net 3424719593: Start loading stranger list...[0m
[0m2022-03-20 11:20:38 V/Net 3424719593: Send: OidbSvc.0x5d2_0(OidbSvc.0x5d2_0)[0m
[92m2022-03-20 11:20:38 I/Net 3424719593: Start loading friend list...[0m
[0m2022-03-20 11:20:38 V/Net 3424719593: Send: OidbSvc.0x496(OidbSvc.0x496)[0m
[0m2022-03-20 11:20:38 V/Net 3424719593: Send: friendlist.getFriendGroupList(friendlist.getFriendGroupList)[0m
[92m2022-03-20 11:20:38 I/Net 3424719593: Successfully loaded stranger list: 0 in total[0m
[0m2022-03-20 11:20:39 V/Net 3424719593: Recv: OidbSvc.0x5d2_0[0m
[92m2022-03-20 11:20:39 I/Net 3424719593: Start loading group list...[0m
[0m2022-03-20 11:20:39 V/Net 3424719593: Send: friendlist.GetTroopListReqV2(friendlist.GetTroopListReqV2)[0m
[0m2022-03-20 11:20:39 V/Net 3424719593: Recv: OidbSvc.0x496[0m
[92m2022-03-20 11:20:39 I/Net 3424719593: No OtherClient online.[0m
[0m2022-03-20 11:20:39 V/Net 3424719593: Recv: StatSvc.GetDevLoginInfo[0m
[0m2022-03-20 11:20:39 V/Net 3424719593: Send: friendlist.GetTroopMemberListReq(friendlist.GetTroopMemberListReq)[0m
[0m2022-03-20 11:20:39 V/Net 3424719593: Recv: friendlist.GetTroopListReqV2[0m
[0m2022-03-20 11:20:39 V/Net 3424719593: Send: friendlist.GetTroopMemberListReq(friendlist.GetTroopMemberListReq)[0m
[0m2022-03-20 11:20:39 V/Net 3424719593: Send: friendlist.GetTroopMemberListReq(friendlist.GetTroopMemberListReq)[0m
[92m2022-03-20 11:20:39 I/Net 3424719593: Syncing friend message history: Success.[0m
[0m2022-03-20 11:20:39 V/Net 3424719593: Loading friend list: 6/6[0m
[92m2022-03-20 11:20:39 I/Net 3424719593: Successfully loaded friend list: 6 in total[0m
[0m2022-03-20 11:20:39 V/Net 3424719593: Recv: friendlist.getFriendGroupList[0m
[0m2022-03-20 11:20:39 V/Net 3424719593: Recv: friendlist.GetTroopMemberListReq[0m
[0m2022-03-20 11:20:39 V/Net 3424719593: Recv: friendlist.GetTroopMemberListReq[0m
[0m2022-03-20 11:20:39 V/Net 3424719593: Recv: friendlist.GetTroopMemberListReq[0m
[92m2022-03-20 11:20:39 I/Net 3424719593: Successfully loaded group list: 3 in total.[0m
[92m2022-03-20 11:20:39 I/Net 3424719593: Scheduled key refresh in 23h 55min 0.0s.[0m
[92m2022-03-20 11:20:39 I/Net 3424719593: Scheduled refresh login session in 19d 23h 55min 0.0s.[0m
[0m2022-03-20 11:20:41 V/Net 3424719593: Saving bdh session to cache[0m
[0m2022-03-20 11:20:41 V/Net 3424719593: Send: ConfigPushSvc.PushResp(ConfigPushSvc.PushResp)[0m
[0m2022-03-20 11:20:41 V/Net 3424719593: Recv: ConfigPushSvc.PushReq[0m
[0m2022-03-20 12:31:16 V/Net 3424719593: Send: MessageSvc.PbSendMsg(MessageSvc.PbSendMsg)[0m
[0m2022-03-20 12:31:16 V/Net 3424719593: Recv: MessageSvc.PbSendMsg[0m
[0m2022-03-20 12:31:23 V/Net 3424719593: Send: MessageSvc.PbSendMsg(MessageSvc.PbSendMsg)[0m
[0m2022-03-20 12:31:23 V/Net 3424719593: Recv: MessageSvc.PbSendMsg[0m
[0m2022-03-20 12:31:28 V/Net 3424719593: Send: MessageSvc.PbSendMsg(MessageSvc.PbSendMsg)[0m
[0m2022-03-20 12:31:28 V/Net 3424719593: Recv: MessageSvc.PbSendMsg[0m
[0m2022-03-20 12:31:29 V/Net 3424719593: Send: MessageSvc.PbSendMsg(MessageSvc.PbSendMsg)[0m
[0m2022-03-20 12:31:29 V/Net 3424719593: Recv: MessageSvc.PbSendMsg[0m
[0m2022-03-20 12:31:33 V/Net 3424719593: Send: MessageSvc.PbSendMsg(MessageSvc.PbSendMsg)[0m
[0m2022-03-20 12:31:33 V/Net 3424719593: Recv: MessageSvc.PbSendMsg[0m
[0m2022-03-20 12:31:36 V/Net 3424719593: Send: MessageSvc.PbSendMsg(MessageSvc.PbSendMsg)[0m
[0m2022-03-20 12:31:36 V/Net 3424719593: Recv: MessageSvc.PbSendMsg[0m
[0m2022-03-20 12:31:39 V/Net 3424719593: Send: MessageSvc.PbSendMsg(MessageSvc.PbSendMsg)[0m
[0m2022-03-20 12:31:39 V/Net 3424719593: Recv: MessageSvc.PbSendMsg[0m
[0m2022-03-20 12:31:39 V/Net 3424719593: Send: MessageSvc.PbSendMsg(MessageSvc.PbSendMsg)[0m
[0m2022-03-20 12:31:40 V/Net 3424719593: Recv: MessageSvc.PbSendMsg[0m
[0m2022-03-20 12:33:04 V/Net 3424719593: Send: MessageSvc.PbSendMsg(MessageSvc.PbSendMsg)[0m
[0m2022-03-20 12:33:04 V/Net 3424719593: Recv: MessageSvc.PbSendMsg[0m
[0m2022-03-20 12:33:23 V/Net 3424719593: Send: MessageSvc.PbSendMsg(MessageSvc.PbSendMsg)[0m
[0m2022-03-20 12:33:23 V/Net 3424719593: Recv: MessageSvc.PbSendMsg[0m
[0m2022-03-20 12:33:24 V/Net 3424719593: Send: MessageSvc.PbSendMsg(MessageSvc.PbSendMsg)[0m
[0m2022-03-20 12:33:24 V/Net 3424719593: Recv: MessageSvc.PbSendMsg[0m
[0m2022-03-20 12:39:27 V/Net 3424719593: Send: MessageSvc.PbSendMsg(MessageSvc.PbSendMsg)[0m
[0m2022-03-20 12:39:27 V/Net 3424719593: Recv: MessageSvc.PbSendMsg[0m
[0m2022-03-20 12:39:31 V/Net 3424719593: Send: MessageSvc.PbSendMsg(MessageSvc.PbSendMsg)[0m
[0m2022-03-20 12:39:31 V/Net 3424719593: Recv: MessageSvc.PbSendMsg[0m
[0m2022-03-20 12:39:32 V/Net 3424719593: Send: MessageSvc.PbSendMsg(MessageSvc.PbSendMsg)[0m
[0m2022-03-20 12:39:33 V/Net 3424719593: Recv: MessageSvc.PbSendMsg[0m
[0m2022-03-20 12:39:33 V/Net 3424719593: Send: MessageSvc.PbSendMsg(MessageSvc.PbSendMsg)[0m
[0m2022-03-20 12:39:33 V/Net 3424719593: Recv: MessageSvc.PbSendMsg[0m
[0m2022-03-20 12:52:39 V/Net 3424719593: Send: MessageSvc.PbSendMsg(MessageSvc.PbSendMsg)[0m
[0m2022-03-20 12:52:39 V/Net 3424719593: Recv: MessageSvc.PbSendMsg[0m
[0m2022-03-20 12:52:48 V/Net 3424719593: Send: MessageSvc.PbSendMsg(MessageSvc.PbSendMsg)[0m
[0m2022-03-20 12:52:48 V/Net 3424719593: Recv: MessageSvc.PbSendMsg[0m
[0m2022-03-20 12:53:23 V/Net 3424719593: Send: StatSvc.register(offline)[0m
[0m2022-03-20 12:53:43 V/Net 3424719593: Loading server list from cache.[0m
[92m2022-03-20 12:53:43 I/Net 3424719593: Server list: 157.148.54.141:80, 180.109.52.200:14000, 42.81.184.253:80, msfwifi.3g.qq.com:8080, 129.226.103.59:80, 183.47.101.221:8080, 183.47.98.90:14000, 120.232.130.46:443.[0m
[92m2022-03-20 12:53:44 I/Net 3424719593: ECDH key is valid.[0m
[0m2022-03-20 12:53:44 V/Net 3424719593: Send: wtlogin.exchange_emp[0m
[0m2022-03-20 12:53:44 V/Net 3424719593: Recv: wtlogin.exchange_emp[0m
[0m2022-03-20 12:53:44 V/Net 3424719593: Send: StatSvc.register(online)[0m
[0m2022-03-20 12:53:44 V/Net 3424719593: Loading BdhSession from cache file[0m
[92m2022-03-20 12:53:44 I/Net 3424719593: Server time updated, serverTime: 1647752024, diff: 0ms=0.0s[0m
[0m2022-03-20 12:53:44 V/Net 3424719593: Recv: StatSvc.register[0m
[92m2022-03-20 12:53:44 I/Net 3424719593: Syncing friend message history...[0m
[92m2022-03-20 12:53:44 I/Net 3424719593: Start loading stranger list...[0m
[0m2022-03-20 12:53:44 V/Net 3424719593: Send: StatSvc.GetDevLoginInfo(StatSvc.GetDevLoginInfo)[0m
[0m2022-03-20 12:53:44 V/Net 3424719593: Send: OidbSvc.0x5d2_0(OidbSvc.0x5d2_0)[0m
[0m2022-03-20 12:53:44 V/Net 3424719593: Send: OidbSvc.0x496(OidbSvc.0x496)[0m
[92m2022-03-20 12:53:44 I/Net 3424719593: Start loading friend list...[0m
[0m2022-03-20 12:53:44 V/Net 3424719593: Send: friendlist.getFriendGroupList(friendlist.getFriendGroupList)[0m
[92m2022-03-20 12:53:44 I/Net 3424719593: Successfully loaded stranger list: 0 in total[0m
[0m2022-03-20 12:53:44 V/Net 3424719593: Recv: OidbSvc.0x5d2_0[0m
[92m2022-03-20 12:53:44 I/Net 3424719593: Start loading group list...[0m
[0m2022-03-20 12:53:44 V/Net 3424719593: Send: friendlist.GetTroopListReqV2(friendlist.GetTroopListReqV2)[0m
[0m2022-03-20 12:53:44 V/Net 3424719593: Recv: OidbSvc.0x496[0m
[0m2022-03-20 12:53:44 V/Net 3424719593: Recv: StatSvc.GetDevLoginInfo[0m
[92m2022-03-20 12:53:44 I/Net 3424719593: No OtherClient online.[0m
[92m2022-03-20 12:53:44 I/Net 3424719593: Syncing friend message history: Success.[0m
[0m2022-03-20 12:53:44 V/Net 3424719593: Loading friend list: 6/6[0m
[92m2022-03-20 12:53:44 I/Net 3424719593: Successfully loaded friend list: 6 in total[0m
[0m2022-03-20 12:53:44 V/Net 3424719593: Recv: friendlist.getFriendGroupList[0m
[0m2022-03-20 12:53:44 V/Net 3424719593: Send: friendlist.GetTroopMemberListReq(friendlist.GetTroopMemberListReq)[0m
[0m2022-03-20 12:53:44 V/Net 3424719593: Send: friendlist.GetTroopMemberListReq(friendlist.GetTroopMemberListReq)[0m
[0m2022-03-20 12:53:44 V/Net 3424719593: Send: friendlist.GetTroopMemberListReq(friendlist.GetTroopMemberListReq)[0m
[0m2022-03-20 12:53:44 V/Net 3424719593: Recv: friendlist.GetTroopListReqV2[0m
[0m2022-03-20 12:53:44 V/Net 3424719593: Recv: friendlist.GetTroopMemberListReq[0m
[0m2022-03-20 12:53:44 V/Net 3424719593: Recv: friendlist.GetTroopMemberListReq[0m
[0m2022-03-20 12:53:44 V/Net 3424719593: Recv: friendlist.GetTroopMemberListReq[0m
[92m2022-03-20 12:53:44 I/Net 3424719593: Successfully loaded group list: 3 in total.[0m
[92m2022-03-20 12:53:44 I/Net 3424719593: Scheduled key refresh in 23h 55min 0.0s.[0m
[92m2022-03-20 12:53:44 I/Net 3424719593: Scheduled refresh login session in 19d 23h 55min 0.0s.[0m
[92m2022-03-20 12:53:47 I/Net 3424719593: Server list: 183.47.101.174:8080, 129.226.103.59:80, msfwifi.3g.qq.com:8080, 120.232.31.221:443, 183.2.144.33:14000, 157.148.55.96:80, 49.7.253.65:80, 101.91.37.242:14000.[0m
[0m2022-03-20 12:53:47 V/Net 3424719593: Saving bdh session to cache[0m
[0m2022-03-20 12:53:47 V/Net 3424719593: Saving server list to cache[0m
[0m2022-03-20 12:53:47 V/Net 3424719593: Send: ConfigPushSvc.PushResp(ConfigPushSvc.PushResp)[0m
[0m2022-03-20 12:53:47 V/Net 3424719593: Recv: ConfigPushSvc.PushReq[0m
[0m2022-03-20 12:53:47 V/Net 3424719593: Saving bdh session to cache[0m
[0m2022-03-20 12:53:47 V/Net 3424719593: Send: ConfigPushSvc.PushResp(ConfigPushSvc.PushResp)[0m
[0m2022-03-20 12:53:47 V/Net 3424719593: Recv: ConfigPushSvc.PushReq[0m
[0m2022-03-20 12:53:49 V/Net 3424719593: Send: StatSvc.register(offline)[0m
[0m2022-03-20 12:58:43 V/Net 3424719593: Loading server list from cache.[0m
[92m2022-03-20 12:58:43 I/Net 3424719593: Server list: 183.47.101.174:8080, 129.226.103.59:80, msfwifi.3g.qq.com:8080, 120.232.31.221:443, 183.2.144.33:14000, 157.148.55.96:80, 49.7.253.65:80, 101.91.37.242:14000.[0m
[92m2022-03-20 12:58:44 I/Net 3424719593: ECDH key is valid.[0m
[0m2022-03-20 12:58:44 V/Net 3424719593: Send: wtlogin.exchange_emp[0m
[0m2022-03-20 12:58:44 V/Net 3424719593: Send: StatSvc.register(online)[0m
[0m2022-03-20 12:58:44 V/Net 3424719593: Recv: wtlogin.exchange_emp[0m
[0m2022-03-20 12:58:44 V/Net 3424719593: Loading BdhSession from cache file[0m
[92m2022-03-20 12:58:44 I/Net 3424719593: Syncing friend message history...[0m
[92m2022-03-20 12:58:44 I/Net 3424719593: Start loading stranger list...[0m
[92m2022-03-20 12:58:44 I/Net 3424719593: Server time updated, serverTime: 1647752324, diff: 0ms=0.0s[0m
[0m2022-03-20 12:58:44 V/Net 3424719593: Recv: StatSvc.register[0m
[0m2022-03-20 12:58:44 V/Net 3424719593: Send: StatSvc.GetDevLoginInfo(StatSvc.GetDevLoginInfo)[0m
[0m2022-03-20 12:58:44 V/Net 3424719593: Send: OidbSvc.0x5d2_0(OidbSvc.0x5d2_0)[0m
[92m2022-03-20 12:58:44 I/Net 3424719593: Start loading friend list...[0m
[0m2022-03-20 12:58:44 V/Net 3424719593: Send: OidbSvc.0x496(OidbSvc.0x496)[0m
[0m2022-03-20 12:58:44 V/Net 3424719593: Send: friendlist.getFriendGroupList(friendlist.getFriendGroupList)[0m
[92m2022-03-20 12:58:44 I/Net 3424719593: Successfully loaded stranger list: 0 in total[0m
[0m2022-03-20 12:58:44 V/Net 3424719593: Recv: OidbSvc.0x5d2_0[0m
[0m2022-03-20 12:58:44 V/Net 3424719593: Recv: StatSvc.GetDevLoginInfo[0m
[92m2022-03-20 12:58:44 I/Net 3424719593: No OtherClient online.[0m
[92m2022-03-20 12:58:44 I/Net 3424719593: Start loading group list...[0m
[0m2022-03-20 12:58:44 V/Net 3424719593: Recv: OidbSvc.0x496[0m
[0m2022-03-20 12:58:44 V/Net 3424719593: Send: friendlist.GetTroopListReqV2(friendlist.GetTroopListReqV2)[0m
[0m2022-03-20 12:58:44 V/Net 3424719593: Recv: friendlist.GetTroopListReqV2[0m
[0m2022-03-20 12:58:44 V/Net 3424719593: Send: friendlist.GetTroopMemberListReq(friendlist.GetTroopMemberListReq)[0m
[0m2022-03-20 12:58:44 V/Net 3424719593: Send: friendlist.GetTroopMemberListReq(friendlist.GetTroopMemberListReq)[0m
[0m2022-03-20 12:58:44 V/Net 3424719593: Send: friendlist.GetTroopMemberListReq(friendlist.GetTroopMemberListReq)[0m
[92m2022-03-20 12:58:44 I/Net 3424719593: Syncing friend message history: Success.[0m
[0m2022-03-20 12:58:44 V/Net 3424719593: Recv: friendlist.GetTroopMemberListReq[0m
[0m2022-03-20 12:58:44 V/Net 3424719593: Recv: friendlist.GetTroopMemberListReq[0m
[0m2022-03-20 12:58:44 V/Net 3424719593: Recv: friendlist.GetTroopMemberListReq[0m
[92m2022-03-20 12:58:44 I/Net 3424719593: Successfully loaded group list: 3 in total.[0m
[0m2022-03-20 12:58:45 V/Net 3424719593: Recv: friendlist.getFriendGroupList[0m
[0m2022-03-20 12:58:45 V/Net 3424719593: Loading friend list: 6/6[0m
[92m2022-03-20 12:58:45 I/Net 3424719593: Successfully loaded friend list: 6 in total[0m
[92m2022-03-20 12:58:45 I/Net 3424719593: Scheduled key refresh in 23h 55min 0.0s.[0m
[92m2022-03-20 12:58:45 I/Net 3424719593: Scheduled refresh login session in 19d 23h 55min 0.0s.[0m
[0m2022-03-20 12:58:47 V/Net 3424719593: Saving bdh session to cache[0m
[0m2022-03-20 12:58:47 V/Net 3424719593: Send: ConfigPushSvc.PushResp(ConfigPushSvc.PushResp)[0m
[0m2022-03-20 12:58:47 V/Net 3424719593: Recv: ConfigPushSvc.PushReq[0m
[0m2022-03-20 12:58:48 V/Net 3424719593: Send: MessageSvc.PbSendMsg(MessageSvc.PbSendMsg)[0m
[0m2022-03-20 12:58:48 V/Net 3424719593: Recv: MessageSvc.PbSendMsg[0m
[0m2022-03-20 13:08:02 V/Net 3424719593: Send: ProfileService.Pb.ReqSystemMsgNew.Friend(ProfileService.Pb.ReqSystemMsgNew.Friend)[0m
[0m2022-03-20 13:08:02 V/Net 3424719593: Send: MessageSvc.PbSendMsg(MessageSvc.PbSendMsg)[0m
[0m2022-03-20 13:08:02 V/Net 3424719593: Recv: ProfileService.Pb.ReqSystemMsgNew.Friend[0m
[0m2022-03-20 13:08:02 V/Net 3424719593: Recv: MessageSvc.PbSendMsg[0m
[0m2022-03-20 13:08:02 V/Net 3424719593: Send: ProfileService.Pb.ReqSystemMsgAction.Friend(ProfileService.Pb.ReqSystemMsgAction.Friend)[0m
[0m2022-03-20 13:09:12 V/Net 3424719593: Send: MessageSvc.PbSendMsg(MessageSvc.PbSendMsg)[0m
[0m2022-03-20 13:09:12 V/Net 3424719593: Recv: MessageSvc.PbSendMsg[0m
[0m2022-03-20 13:09:42 V/Net 3424719593: Send: MessageSvc.PbSendMsg(MessageSvc.PbSendMsg)[0m
[0m2022-03-20 13:09:42 V/Net 3424719593: Recv: MessageSvc.PbSendMsg[0m
[0m2022-03-20 13:10:32 V/Net 3424719593: Send: MessageSvc.PbSendMsg(MessageSvc.PbSendMsg)[0m
[0m2022-03-20 13:10:32 V/Net 3424719593: Recv: MessageSvc.PbSendMsg[0m
[0m2022-03-20 13:11:02 V/Net 3424719593: Send: MessageSvc.PbSendMsg(MessageSvc.PbSendMsg)[0m
[0m2022-03-20 13:11:02 V/Net 3424719593: Recv: MessageSvc.PbSendMsg[0m
[0m2022-03-20 13:11:30 V/Net 3424719593: Send: ProfileService.Pb.ReqSystemMsgNew.Friend(ProfileService.Pb.ReqSystemMsgNew.Friend)[0m
[0m2022-03-20 13:11:30 V/Net 3424719593: Send: MessageSvc.PbSendMsg(MessageSvc.PbSendMsg)[0m
[0m2022-03-20 13:11:30 V/Net 3424719593: Recv: ProfileService.Pb.ReqSystemMsgNew.Friend[0m
[0m2022-03-20 13:11:30 V/Net 3424719593: Recv: MessageSvc.PbSendMsg[0m
[0m2022-03-20 13:11:30 V/Net 3424719593: Send: ProfileService.Pb.ReqSystemMsgAction.Friend(ProfileService.Pb.ReqSystemMsgAction.Friend)[0m
[0m2022-03-20 13:11:51 V/Net 3424719593: Send: MessageSvc.PbSendMsg(MessageSvc.PbSendMsg)[0m
[0m2022-03-20 13:11:51 V/Net 3424719593: Recv: MessageSvc.PbSendMsg[0m
[0m2022-03-20 13:12:21 V/Net 3424719593: Send: MessageSvc.PbSendMsg(MessageSvc.PbSendMsg)[0m
[0m2022-03-20 13:12:21 V/Net 3424719593: Recv: MessageSvc.PbSendMsg[0m
[0m2022-03-20 13:12:58 V/Net 3424719593: Send: MessageSvc.PbSendMsg(MessageSvc.PbSendMsg)[0m
[0m2022-03-20 13:12:58 V/Net 3424719593: Recv: MessageSvc.PbSendMsg[0m
[0m2022-03-20 13:13:29 V/Net 3424719593: Send: MessageSvc.PbSendMsg(MessageSvc.PbSendMsg)[0m
[0m2022-03-20 13:13:29 V/Net 3424719593: Recv: MessageSvc.PbSendMsg[0m
[0m2022-03-20 13:14:18 V/Net 3424719593: Send: MessageSvc.PbSendMsg(MessageSvc.PbSendMsg)[0m
[0m2022-03-20 13:14:18 V/Net 3424719593: Recv: MessageSvc.PbSendMsg[0m
[0m2022-03-20 13:14:22 V/Net 3424719593: Send: MessageSvc.PbSendMsg(MessageSvc.PbSendMsg)[0m
[0m2022-03-20 13:14:22 V/Net 3424719593: Recv: MessageSvc.PbSendMsg[0m
[0m2022-03-20 13:14:32 V/Net 3424719593: Send: MessageSvc.PbSendMsg(MessageSvc.PbSendMsg)[0m
[0m2022-03-20 13:14:32 V/Net 3424719593: Recv: MessageSvc.PbSendMsg[0m
[0m2022-03-20 13:14:33 V/Net 3424719593: Send: MessageSvc.PbSendMsg(MessageSvc.PbSendMsg)[0m
[0m2022-03-20 13:14:33 V/Net 3424719593: Recv: MessageSvc.PbSendMsg[0m
[0m2022-03-20 13:14:42 V/Net 3424719593: Send: MessageSvc.PbSendMsg(MessageSvc.PbSendMsg)[0m
[0m2022-03-20 13:14:42 V/Net 3424719593: Recv: MessageSvc.PbSendMsg[0m
[0m2022-03-20 13:14:49 V/Net 3424719593: Send: MessageSvc.PbSendMsg(MessageSvc.PbSendMsg)[0m
[0m2022-03-20 13:14:49 V/Net 3424719593: Recv: MessageSvc.PbSendMsg[0m
[0m2022-03-20 13:15:06 V/Net 3424719593: Send: MessageSvc.PbSendMsg(MessageSvc.PbSendMsg)[0m
[0m2022-03-20 13:15:06 V/Net 3424719593: Recv: MessageSvc.PbSendMsg[0m
[0m2022-03-20 13:15:08 V/Net 3424719593: Send: MessageSvc.PbSendMsg(MessageSvc.PbSendMsg)[0m
[0m2022-03-20 13:15:08 V/Net 3424719593: Recv: MessageSvc.PbSendMsg[0m
[0m2022-03-20 13:15:16 V/Net 3424719593: Send: MessageSvc.PbSendMsg(MessageSvc.PbSendMsg)[0m
[0m2022-03-20 13:15:16 V/Net 3424719593: Recv: MessageSvc.PbSendMsg[0m
[0m2022-03-20 13:15:30 V/Net 3424719593: Send: MessageSvc.PbSendMsg(MessageSvc.PbSendMsg)[0m
[0m2022-03-20 13:15:30 V/Net 3424719593: Recv: MessageSvc.PbSendMsg[0m
[0m2022-03-20 13:16:00 V/Net 3424719593: Send: MessageSvc.PbSendMsg(MessageSvc.PbSendMsg)[0m
[0m2022-03-20 13:16:00 V/Net 3424719593: Recv: MessageSvc.PbSendMsg[0m
[0m2022-03-20 13:17:27 V/Net 3424719593: Send: MessageSvc.PbSendMsg(MessageSvc.PbSendMsg)[0m
[0m2022-03-20 13:17:27 V/Net 3424719593: Recv: MessageSvc.PbSendMsg[0m
[0m2022-03-20 13:17:36 V/Net 3424719593: Send: MessageSvc.PbSendMsg(MessageSvc.PbSendMsg)[0m
[0m2022-03-20 13:17:36 V/Net 3424719593: Recv: MessageSvc.PbSendMsg[0m
[0m2022-03-20 13:17:50 V/Net 3424719593: Send: MessageSvc.PbSendMsg(MessageSvc.PbSendMsg)[0m
[0m2022-03-20 13:17:50 V/Net 3424719593: Recv: MessageSvc.PbSendMsg[0m
[0m2022-03-20 13:17:51 V/Net 3424719593: Send: MessageSvc.PbSendMsg(MessageSvc.PbSendMsg)[0m
[0m2022-03-20 13:17:51 V/Net 3424719593: Recv: MessageSvc.PbSendMsg[0m
[0m2022-03-20 13:17:54 V/Net 3424719593: Send: MessageSvc.PbSendMsg(MessageSvc.PbSendMsg)[0m
[0m2022-03-20 13:17:54 V/Net 3424719593: Recv: MessageSvc.PbSendMsg[0m
[0m2022-03-20 13:18:00 V/Net 3424719593: Send: MessageSvc.PbSendMsg(MessageSvc.PbSendMsg)[0m
[0m2022-03-20 13:18:00 V/Net 3424719593: Recv: MessageSvc.PbSendMsg[0m
[0m2022-03-20 13:24:17 V/Net 3424719593: Send: MessageSvc.PbSendMsg(MessageSvc.PbSendMsg)[0m
[0m2022-03-20 13:24:17 V/Net 3424719593: Recv: MessageSvc.PbSendMsg[0m
[0m2022-03-20 13:24:30 V/Net 3424719593: Send: MessageSvc.PbSendMsg(MessageSvc.PbSendMsg)[0m
[0m2022-03-20 13:24:30 V/Net 3424719593: Recv: MessageSvc.PbSendMsg[0m
[0m2022-03-20 13:24:46 V/Net 3424719593: Send: MessageSvc.PbSendMsg(MessageSvc.PbSendMsg)[0m
[0m2022-03-20 13:24:46 V/Net 3424719593: Recv: MessageSvc.PbSendMsg[0m
[0m2022-03-20 13:24:47 V/Net 3424719593: Send: MessageSvc.PbSendMsg(MessageSvc.PbSendMsg)[0m
[0m2022-03-20 13:24:47 V/Net 3424719593: Recv: MessageSvc.PbSendMsg[0m
[0m2022-03-20 13:24:55 V/Net 3424719593: Send: MessageSvc.PbSendMsg(MessageSvc.PbSendMsg)[0m
[0m2022-03-20 13:24:55 V/Net 3424719593: Recv: MessageSvc.PbSendMsg[0m
[0m2022-03-20 13:24:56 V/Net 3424719593: Send: MessageSvc.PbSendMsg(MessageSvc.PbSendMsg)[0m
[0m2022-03-20 13:24:56 V/Net 3424719593: Recv: MessageSvc.PbSendMsg[0m
[0m2022-03-20 13:25:01 V/Net 3424719593: Send: MessageSvc.PbSendMsg(MessageSvc.PbSendMsg)[0m
[0m2022-03-20 13:25:02 V/Net 3424719593: Recv: MessageSvc.PbSendMsg[0m
[0m2022-03-20 13:25:09 V/Net 3424719593: Send: MessageSvc.PbSendMsg(MessageSvc.PbSendMsg)[0m
[0m2022-03-20 13:25:09 V/Net 3424719593: Recv: MessageSvc.PbSendMsg[0m
[0m2022-03-20 13:25:22 V/Net 3424719593: Send: MessageSvc.PbSendMsg(MessageSvc.PbSendMsg)[0m
[0m2022-03-20 13:25:22 V/Net 3424719593: Recv: MessageSvc.PbSendMsg[0m
[0m2022-03-20 13:25:22 V/Net 3424719593: Send: MessageSvc.PbSendMsg(MessageSvc.PbSendMsg)[0m
[0m2022-03-20 13:25:22 V/Net 3424719593: Recv: MessageSvc.PbSendMsg[0m
[0m2022-03-20 13:25:51 V/Net 3424719593: Send: MessageSvc.PbSendMsg(MessageSvc.PbSendMsg)[0m
[0m2022-03-20 13:25:51 V/Net 3424719593: Recv: MessageSvc.PbSendMsg[0m
[0m2022-03-20 13:25:56 V/Net 3424719593: Send: MessageSvc.PbSendMsg(MessageSvc.PbSendMsg)[0m
[0m2022-03-20 13:25:56 V/Net 3424719593: Recv: MessageSvc.PbSendMsg[0m
[0m2022-03-20 13:26:04 V/Net 3424719593: Send: MessageSvc.PbSendMsg(MessageSvc.PbSendMsg)[0m
[0m2022-03-20 13:26:04 V/Net 3424719593: Recv: MessageSvc.PbSendMsg[0m
[0m2022-03-20 13:26:05 V/Net 3424719593: Send: MessageSvc.PbSendMsg(MessageSvc.PbSendMsg)[0m
[0m2022-03-20 13:26:05 V/Net 3424719593: Recv: MessageSvc.PbSendMsg[0m
[0m2022-03-20 13:26:15 V/Net 3424719593: Send: MessageSvc.PbSendMsg(MessageSvc.PbSendMsg)[0m
[0m2022-03-20 13:26:15 V/Net 3424719593: Recv: MessageSvc.PbSendMsg[0m
[0m2022-03-20 13:26:20 V/Net 3424719593: Send: MessageSvc.PbSendMsg(MessageSvc.PbSendMsg)[0m
[0m2022-03-20 13:26:20 V/Net 3424719593: Recv: MessageSvc.PbSendMsg[0m
[0m2022-03-20 13:27:25 V/Net 3424719593: Send: MessageSvc.PbSendMsg(MessageSvc.PbSendMsg)[0m
[0m2022-03-20 13:27:25 V/Net 3424719593: Recv: MessageSvc.PbSendMsg[0m
[0m2022-03-20 13:27:33 V/Net 3424719593: Send: MessageSvc.PbSendMsg(MessageSvc.PbSendMsg)[0m
[0m2022-03-20 13:27:33 V/Net 3424719593: Recv: MessageSvc.PbSendMsg[0m
[0m2022-03-20 13:27:40 V/Net 3424719593: Send: MessageSvc.PbSendMsg(MessageSvc.PbSendMsg)[0m
[0m2022-03-20 13:27:40 V/Net 3424719593: Recv: MessageSvc.PbSendMsg[0m
[0m2022-03-20 13:27:42 V/Net 3424719593: Send: MessageSvc.PbSendMsg(MessageSvc.PbSendMsg)[0m
[0m2022-03-20 13:27:42 V/Net 3424719593: Recv: MessageSvc.PbSendMsg[0m
[0m2022-03-20 13:27:44 V/Net 3424719593: Send: MessageSvc.PbSendMsg(MessageSvc.PbSendMsg)[0m
[0m2022-03-20 13:27:44 V/Net 3424719593: Recv: MessageSvc.PbSendMsg[0m
[0m2022-03-20 13:28:14 V/Net 3424719593: Send: MessageSvc.PbSendMsg(MessageSvc.PbSendMsg)[0m
[0m2022-03-20 13:28:15 V/Net 3424719593: Recv: MessageSvc.PbSendMsg[0m
[0m2022-03-20 13:29:20 V/Net 3424719593: Send: MessageSvc.PbSendMsg(MessageSvc.PbSendMsg)[0m
[0m2022-03-20 13:29:20 V/Net 3424719593: Recv: MessageSvc.PbSendMsg[0m
[0m2022-03-20 13:29:24 V/Net 3424719593: Send: MessageSvc.PbSendMsg(MessageSvc.PbSendMsg)[0m
[0m2022-03-20 13:29:24 V/Net 3424719593: Recv: MessageSvc.PbSendMsg[0m
[0m2022-03-20 13:29:28 V/Net 3424719593: Send: MessageSvc.PbSendMsg(MessageSvc.PbSendMsg)[0m
[0m2022-03-20 13:29:28 V/Net 3424719593: Recv: MessageSvc.PbSendMsg[0m
[0m2022-03-20 13:29:29 V/Net 3424719593: Send: MessageSvc.PbSendMsg(MessageSvc.PbSendMsg)[0m
[0m2022-03-20 13:29:29 V/Net 3424719593: Recv: MessageSvc.PbSendMsg[0m
[0m2022-03-20 13:29:33 V/Net 3424719593: Send: MessageSvc.PbSendMsg(MessageSvc.PbSendMsg)[0m
[0m2022-03-20 13:29:33 V/Net 3424719593: Recv: MessageSvc.PbSendMsg[0m
[0m2022-03-20 13:29:38 V/Net 3424719593: Send: MessageSvc.PbSendMsg(MessageSvc.PbSendMsg)[0m
[0m2022-03-20 13:29:38 V/Net 3424719593: Recv: MessageSvc.PbSendMsg[0m
[0m2022-03-20 13:29:44 V/Net 3424719593: Send: MessageSvc.PbSendMsg(MessageSvc.PbSendMsg)[0m
[0m2022-03-20 13:29:44 V/Net 3424719593: Send: MessageSvc.PbSendMsg(MessageSvc.PbSendMsg)[0m
[0m2022-03-20 13:29:44 V/Net 3424719593: Recv: MessageSvc.PbSendMsg[0m
[0m2022-03-20 13:29:44 V/Net 3424719593: Recv: MessageSvc.PbSendMsg[0m
[0m2022-03-20 13:29:53 V/Net 3424719593: Send: MessageSvc.PbSendMsg(MessageSvc.PbSendMsg)[0m
[0m2022-03-20 13:29:53 V/Net 3424719593: Recv: MessageSvc.PbSendMsg[0m
[0m2022-03-20 13:29:55 V/Net 3424719593: Send: MessageSvc.PbSendMsg(MessageSvc.PbSendMsg)[0m
[0m2022-03-20 13:29:55 V/Net 3424719593: Recv: MessageSvc.PbSendMsg[0m
[0m2022-03-20 13:29:56 V/Net 3424719593: Send: MessageSvc.PbSendMsg(MessageSvc.PbSendMsg)[0m
[0m2022-03-20 13:29:56 V/Net 3424719593: Recv: MessageSvc.PbSendMsg[0m
[0m2022-03-20 13:30:03 V/Net 3424719593: Send: MessageSvc.PbSendMsg(MessageSvc.PbSendMsg)[0m
[0m2022-03-20 13:30:03 V/Net 3424719593: Recv: MessageSvc.PbSendMsg[0m
[0m2022-03-20 13:30:09 V/Net 3424719593: Send: MessageSvc.PbSendMsg(MessageSvc.PbSendMsg)[0m
[0m2022-03-20 13:30:09 V/Net 3424719593: Recv: MessageSvc.PbSendMsg[0m
[0m2022-03-20 13:30:13 V/Net 3424719593: Send: MessageSvc.PbSendMsg(MessageSvc.PbSendMsg)[0m
[0m2022-03-20 13:30:13 V/Net 3424719593: Recv: MessageSvc.PbSendMsg[0m
[0m2022-03-20 13:30:14 V/Net 3424719593: Send: MessageSvc.PbSendMsg(MessageSvc.PbSendMsg)[0m
[0m2022-03-20 13:30:14 V/Net 3424719593: Send: MessageSvc.PbSendMsg(MessageSvc.PbSendMsg)[0m
[0m2022-03-20 13:30:14 V/Net 3424719593: Recv: MessageSvc.PbSendMsg[0m
[0m2022-03-20 13:30:14 V/Net 3424719593: Send: MessageSvc.PbSendMsg(MessageSvc.PbSendMsg)[0m
[0m2022-03-20 13:30:14 V/Net 3424719593: Recv: MessageSvc.PbSendMsg[0m
[0m2022-03-20 13:30:14 V/Net 3424719593: Recv: MessageSvc.PbSendMsg[0m
[0m2022-03-20 13:30:17 V/Net 3424719593: Send: MessageSvc.PbSendMsg(MessageSvc.PbSendMsg)[0m
[0m2022-03-20 13:30:17 V/Net 3424719593: Recv: MessageSvc.PbSendMsg[0m
[0m2022-03-20 13:30:19 V/Net 3424719593: Send: MessageSvc.PbSendMsg(MessageSvc.PbSendMsg)[0m
[0m2022-03-20 13:30:19 V/Net 3424719593: Recv: MessageSvc.PbSendMsg[0m
[0m2022-03-20 14:01:15 V/Net 3424719593: Send: MessageSvc.PbSendMsg(MessageSvc.PbSendMsg)[0m
[0m2022-03-20 14:01:15 V/Net 3424719593: Recv: MessageSvc.PbSendMsg[0m
[0m2022-03-20 14:01:18 V/Net 3424719593: Send: MessageSvc.PbSendMsg(MessageSvc.PbSendMsg)[0m
[0m2022-03-20 14:01:18 V/Net 3424719593: Recv: MessageSvc.PbSendMsg[0m
[0m2022-03-20 14:01:23 V/Net 3424719593: Send: MessageSvc.PbSendMsg(MessageSvc.PbSendMsg)[0m
[0m2022-03-20 14:01:23 V/Net 3424719593: Recv: MessageSvc.PbSendMsg[0m
[0m2022-03-20 14:01:24 V/Net 3424719593: Send: MessageSvc.PbSendMsg(MessageSvc.PbSendMsg)[0m
[0m2022-03-20 14:01:24 V/Net 3424719593: Recv: MessageSvc.PbSendMsg[0m
[0m2022-03-20 14:01:26 V/Net 3424719593: Send: MessageSvc.PbSendMsg(MessageSvc.PbSendMsg)[0m
[0m2022-03-20 14:01:26 V/Net 3424719593: Recv: MessageSvc.PbSendMsg[0m
[0m2022-03-20 14:01:29 V/Net 3424719593: Send: MessageSvc.PbSendMsg(MessageSvc.PbSendMsg)[0m
[0m2022-03-20 14:01:29 V/Net 3424719593: Recv: MessageSvc.PbSendMsg[0m
[0m2022-03-20 14:01:31 V/Net 3424719593: Send: MessageSvc.PbSendMsg(MessageSvc.PbSendMsg)[0m
[0m2022-03-20 14:01:31 V/Net 3424719593: Recv: MessageSvc.PbSendMsg[0m
[0m2022-03-20 14:01:31 V/Net 3424719593: Send: MessageSvc.PbSendMsg(MessageSvc.PbSendMsg)[0m
[0m2022-03-20 14:01:31 V/Net 3424719593: Recv: MessageSvc.PbSendMsg[0m
[0m2022-03-20 14:01:31 V/Net 3424719593: Send: MessageSvc.PbSendMsg(MessageSvc.PbSendMsg)[0m
[0m2022-03-20 14:01:31 V/Net 3424719593: Recv: MessageSvc.PbSendMsg[0m
[0m2022-03-20 14:01:32 V/Net 3424719593: Send: MessageSvc.PbSendMsg(MessageSvc.PbSendMsg)[0m
[0m2022-03-20 14:01:32 V/Net 3424719593: Recv: MessageSvc.PbSendMsg[0m
[0m2022-03-20 14:01:32 V/Net 3424719593: Send: MessageSvc.PbSendMsg(MessageSvc.PbSendMsg)[0m
[0m2022-03-20 14:01:32 V/Net 3424719593: Recv: MessageSvc.PbSendMsg[0m
[0m2022-03-20 14:01:32 V/Net 3424719593: Send: MessageSvc.PbSendMsg(MessageSvc.PbSendMsg)[0m
[0m2022-03-20 14:01:32 V/Net 3424719593: Recv: MessageSvc.PbSendMsg[0m
[0m2022-03-20 14:01:32 V/Net 3424719593: Send: MessageSvc.PbSendMsg(MessageSvc.PbSendMsg)[0m
[0m2022-03-20 14:01:32 V/Net 3424719593: Recv: MessageSvc.PbSendMsg[0m
[0m2022-03-20 14:01:32 V/Net 3424719593: Send: MessageSvc.PbSendMsg(MessageSvc.PbSendMsg)[0m
[0m2022-03-20 14:01:32 V/Net 3424719593: Recv: MessageSvc.PbSendMsg[0m
[0m2022-03-20 14:01:32 V/Net 3424719593: Send: MessageSvc.PbSendMsg(MessageSvc.PbSendMsg)[0m
[0m2022-03-20 14:01:32 V/Net 3424719593: Recv: MessageSvc.PbSendMsg[0m
[0m2022-03-20 14:01:32 V/Net 3424719593: Send: MessageSvc.PbSendMsg(MessageSvc.PbSendMsg)[0m
[0m2022-03-20 14:01:32 V/Net 3424719593: Recv: MessageSvc.PbSendMsg[0m
[0m2022-03-20 14:04:05 V/Net 3424719593: Send: MessageSvc.PbSendMsg(MessageSvc.PbSendMsg)[0m
[0m2022-03-20 14:04:05 V/Net 3424719593: Recv: MessageSvc.PbSendMsg[0m
[0m2022-03-20 14:04:32 V/Net 3424719593: Send: MessageSvc.PbSendMsg(MessageSvc.PbSendMsg)[0m
[0m2022-03-20 14:04:32 V/Net 3424719593: Recv: MessageSvc.PbSendMsg[0m
[0m2022-03-20 14:04:47 V/Net 3424719593: Send: MessageSvc.PbSendMsg(MessageSvc.PbSendMsg)[0m
[0m2022-03-20 14:04:47 V/Net 3424719593: Recv: MessageSvc.PbSendMsg[0m
[0m2022-03-20 14:04:48 V/Net 3424719593: Send: MessageSvc.PbSendMsg(MessageSvc.PbSendMsg)[0m
[0m2022-03-20 14:04:48 V/Net 3424719593: Recv: MessageSvc.PbSendMsg[0m
[0m2022-03-20 14:12:05 V/Net 3424719593: Send: ProfileService.Pb.ReqSystemMsgNew.Friend(ProfileService.Pb.ReqSystemMsgNew.Friend)[0m
[0m2022-03-20 14:12:05 V/Net 3424719593: Send: MessageSvc.PbSendMsg(MessageSvc.PbSendMsg)[0m
[0m2022-03-20 14:12:05 V/Net 3424719593: Recv: ProfileService.Pb.ReqSystemMsgNew.Friend[0m
[0m2022-03-20 14:12:05 V/Net 3424719593: Recv: MessageSvc.PbSendMsg[0m
[0m2022-03-20 14:12:05 V/Net 3424719593: Send: ProfileService.Pb.ReqSystemMsgAction.Friend(ProfileService.Pb.ReqSystemMsgAction.Friend)[0m
[0m2022-03-20 14:13:01 V/Net 3424719593: Send: MessageSvc.PbSendMsg(MessageSvc.PbSendMsg)[0m
[0m2022-03-20 14:13:01 V/Net 3424719593: Recv: MessageSvc.PbSendMsg[0m
[0m2022-03-20 14:13:32 V/Net 3424719593: Send: MessageSvc.PbSendMsg(MessageSvc.PbSendMsg)[0m
[0m2022-03-20 14:13:32 V/Net 3424719593: Recv: MessageSvc.PbSendMsg[0m
[0m2022-03-20 14:13:39 V/Net 3424719593: Send: MessageSvc.PbSendMsg(MessageSvc.PbSendMsg)[0m
[0m2022-03-20 14:13:39 V/Net 3424719593: Recv: MessageSvc.PbSendMsg[0m
[0m2022-03-20 14:13:43 V/Net 3424719593: Send: MessageSvc.PbSendMsg(MessageSvc.PbSendMsg)[0m
[0m2022-03-20 14:13:43 V/Net 3424719593: Recv: MessageSvc.PbSendMsg[0m
[0m2022-03-20 14:14:13 V/Net 3424719593: Send: MessageSvc.PbSendMsg(MessageSvc.PbSendMsg)[0m
[0m2022-03-20 14:14:13 V/Net 3424719593: Recv: MessageSvc.PbSendMsg[0m
[0m2022-03-20 14:15:55 V/Net 3424719593: Send: MessageSvc.PbSendMsg(MessageSvc.PbSendMsg)[0m
[0m2022-03-20 14:15:55 V/Net 3424719593: Recv: MessageSvc.PbSendMsg[0m
[0m2022-03-20 14:15:59 V/Net 3424719593: Send: MessageSvc.PbSendMsg(MessageSvc.PbSendMsg)[0m
[0m2022-03-20 14:15:59 V/Net 3424719593: Recv: MessageSvc.PbSendMsg[0m
[0m2022-03-20 14:16:05 V/Net 3424719593: Send: MessageSvc.PbSendMsg(MessageSvc.PbSendMsg)[0m
[0m2022-03-20 14:16:06 V/Net 3424719593: Recv: MessageSvc.PbSendMsg[0m
[0m2022-03-20 14:16:07 V/Net 3424719593: Send: MessageSvc.PbSendMsg(MessageSvc.PbSendMsg)[0m
[0m2022-03-20 14:16:07 V/Net 3424719593: Recv: MessageSvc.PbSendMsg[0m
[0m2022-03-20 14:16:30 V/Net 3424719593: Send: MessageSvc.PbSendMsg(MessageSvc.PbSendMsg)[0m
[0m2022-03-20 14:16:30 V/Net 3424719593: Recv: MessageSvc.PbSendMsg[0m
[0m2022-03-20 14:16:49 V/Net 3424719593: Send: MessageSvc.PbSendMsg(MessageSvc.PbSendMsg)[0m
[0m2022-03-20 14:16:49 V/Net 3424719593: Recv: MessageSvc.PbSendMsg[0m
[0m2022-03-20 14:17:19 V/Net 3424719593: Send: MessageSvc.PbSendMsg(MessageSvc.PbSendMsg)[0m
[0m2022-03-20 14:17:19 V/Net 3424719593: Recv: MessageSvc.PbSendMsg[0m
[0m2022-03-20 14:20:04 V/Net 3424719593: Send: MessageSvc.PbSendMsg(MessageSvc.PbSendMsg)[0m
[0m2022-03-20 14:20:04 V/Net 3424719593: Recv: MessageSvc.PbSendMsg[0m
[0m2022-03-20 14:20:08 V/Net 3424719593: Send: MessageSvc.PbSendMsg(MessageSvc.PbSendMsg)[0m
[0m2022-03-20 14:20:08 V/Net 3424719593: Recv: MessageSvc.PbSendMsg[0m
[0m2022-03-20 14:20:15 V/Net 3424719593: Send: MessageSvc.PbSendMsg(MessageSvc.PbSendMsg)[0m
[0m2022-03-20 14:20:15 V/Net 3424719593: Recv: MessageSvc.PbSendMsg[0m
[0m2022-03-20 14:20:16 V/Net 3424719593: Send: MessageSvc.PbSendMsg(MessageSvc.PbSendMsg)[0m
[0m2022-03-20 14:20:16 V/Net 3424719593: Recv: MessageSvc.PbSendMsg[0m
[0m2022-03-20 14:20:29 V/Net 3424719593: Send: MessageSvc.PbSendMsg(MessageSvc.PbSendMsg)[0m
[0m2022-03-20 14:20:29 V/Net 3424719593: Recv: MessageSvc.PbSendMsg[0m
[0m2022-03-20 14:20:33 V/Net 3424719593: Send: MessageSvc.PbSendMsg(MessageSvc.PbSendMsg)[0m
[0m2022-03-20 14:20:33 V/Net 3424719593: Recv: MessageSvc.PbSendMsg[0m
[0m2022-03-20 14:20:45 V/Net 3424719593: Send: MessageSvc.PbSendMsg(MessageSvc.PbSendMsg)[0m
[0m2022-03-20 14:20:45 V/Net 3424719593: Recv: MessageSvc.PbSendMsg[0m
[0m2022-03-20 14:20:45 V/Net 3424719593: Send: MessageSvc.PbSendMsg(MessageSvc.PbSendMsg)[0m
[0m2022-03-20 14:20:45 V/Net 3424719593: Recv: MessageSvc.PbSendMsg[0m
[0m2022-03-20 14:20:45 V/Net 3424719593: Send: MessageSvc.PbSendMsg(MessageSvc.PbSendMsg)[0m
[0m2022-03-20 14:20:45 V/Net 3424719593: Recv: MessageSvc.PbSendMsg[0m
[0m2022-03-20 20:50:25 V/Net 3424719593: Send: ProfileService.Pb.ReqSystemMsgNew.Friend(ProfileService.Pb.ReqSystemMsgNew.Friend)[0m
[0m2022-03-20 20:50:25 V/Net 3424719593: Send: MessageSvc.PbSendMsg(MessageSvc.PbSendMsg)[0m
[0m2022-03-20 20:50:25 V/Net 3424719593: Recv: ProfileService.Pb.ReqSystemMsgNew.Friend[0m
[0m2022-03-20 20:50:25 V/Net 3424719593: Recv: MessageSvc.PbSendMsg[0m
[0m2022-03-20 20:50:25 V/Net 3424719593: Send: ProfileService.Pb.ReqSystemMsgAction.Friend(ProfileService.Pb.ReqSystemMsgAction.Friend)[0m
[0m2022-03-20 20:50:31 V/Net 3424719593: Send: MessageSvc.PbSendMsg(MessageSvc.PbSendMsg)[0m
[0m2022-03-20 20:50:32 V/Net 3424719593: Recv: MessageSvc.PbSendMsg[0m
[0m2022-03-20 20:51:02 V/Net 3424719593: Send: MessageSvc.PbSendMsg(MessageSvc.PbSendMsg)[0m
[0m2022-03-20 20:51:02 V/Net 3424719593: Recv: MessageSvc.PbSendMsg[0m
[0m2022-03-20 20:51:48 V/Net 3424719593: Send: MessageSvc.PbSendMsg(MessageSvc.PbSendMsg)[0m
[0m2022-03-20 20:51:48 V/Net 3424719593: Recv: MessageSvc.PbSendMsg[0m
[0m2022-03-20 20:51:53 V/Net 3424719593: Send: MessageSvc.PbSendMsg(MessageSvc.PbSendMsg)[0m
[0m2022-03-20 20:51:53 V/Net 3424719593: Recv: MessageSvc.PbSendMsg[0m
[0m2022-03-20 20:52:00 V/Net 3424719593: Send: MessageSvc.PbSendMsg(MessageSvc.PbSendMsg)[0m
[0m2022-03-20 20:52:00 V/Net 3424719593: Recv: MessageSvc.PbSendMsg[0m
[0m2022-03-20 20:52:01 V/Net 3424719593: Send: MessageSvc.PbSendMsg(MessageSvc.PbSendMsg)[0m
[0m2022-03-20 20:52:01 V/Net 3424719593: Recv: MessageSvc.PbSendMsg[0m
[0m2022-03-20 20:52:10 V/Net 3424719593: Send: MessageSvc.PbSendMsg(MessageSvc.PbSendMsg)[0m
[0m2022-03-20 20:52:10 V/Net 3424719593: Recv: MessageSvc.PbSendMsg[0m
[0m2022-03-20 20:52:17 V/Net 3424719593: Send: MessageSvc.PbSendMsg(MessageSvc.PbSendMsg)[0m
[0m2022-03-20 20:52:17 V/Net 3424719593: Recv: MessageSvc.PbSendMsg[0m
[0m2022-03-20 20:52:38 V/Net 3424719593: Send: MessageSvc.PbSendMsg(MessageSvc.PbSendMsg)[0m
[0m2022-03-20 20:52:38 V/Net 3424719593: Recv: MessageSvc.PbSendMsg[0m
[0m2022-03-20 20:52:47 V/Net 3424719593: Send: MessageSvc.PbSendMsg(MessageSvc.PbSendMsg)[0m
[0m2022-03-20 20:52:47 V/Net 3424719593: Recv: MessageSvc.PbSendMsg[0m
[0m2022-03-20 20:52:56 V/Net 3424719593: Send: MessageSvc.PbSendMsg(MessageSvc.PbSendMsg)[0m
[0m2022-03-20 20:52:56 V/Net 3424719593: Recv: MessageSvc.PbSendMsg[0m
[0m2022-03-20 20:53:04 V/Net 3424719593: Send: MessageSvc.PbSendMsg(MessageSvc.PbSendMsg)[0m
[0m2022-03-20 20:53:05 V/Net 3424719593: Recv: MessageSvc.PbSendMsg[0m
[0m2022-03-20 20:53:13 V/Net 3424719593: Send: MessageSvc.PbSendMsg(MessageSvc.PbSendMsg)[0m
[0m2022-03-20 20:53:14 V/Net 3424719593: Recv: MessageSvc.PbSendMsg[0m
[0m2022-03-20 20:53:23 V/Net 3424719593: Send: MessageSvc.PbSendMsg(MessageSvc.PbSendMsg)[0m
[0m2022-03-20 20:53:23 V/Net 3424719593: Recv: MessageSvc.PbSendMsg[0m
[0m2022-03-20 20:53:32 V/Net 3424719593: Send: MessageSvc.PbSendMsg(MessageSvc.PbSendMsg)[0m
[0m2022-03-20 20:53:32 V/Net 3424719593: Recv: MessageSvc.PbSendMsg[0m
[0m2022-03-20 20:53:41 V/Net 3424719593: Send: MessageSvc.PbSendMsg(MessageSvc.PbSendMsg)[0m
[0m2022-03-20 20:53:41 V/Net 3424719593: Recv: MessageSvc.PbSendMsg[0m
[0m2022-03-20 20:53:41 V/Net 3424719593: Send: MessageSvc.PbSendMsg(MessageSvc.PbSendMsg)[0m
[0m2022-03-20 20:53:41 V/Net 3424719593: Recv: MessageSvc.PbSendMsg[0m
[0m2022-03-20 20:53:42 V/Net 3424719593: Send: MessageSvc.PbSendMsg(MessageSvc.PbSendMsg)[0m
[0m2022-03-20 20:53:42 V/Net 3424719593: Recv: MessageSvc.PbSendMsg[0m
[0m2022-03-20 21:43:54 V/Net 3424719593: Loading server list from cache.[0m
[92m2022-03-20 21:43:54 I/Net 3424719593: Server list: 183.47.101.174:8080, 129.226.103.59:80, msfwifi.3g.qq.com:8080, 120.232.31.221:443, 183.2.144.33:14000, 157.148.55.96:80, 49.7.253.65:80, 101.91.37.242:14000.[0m
[92m2022-03-20 21:43:54 I/Net 3424719593: ECDH key is valid.[0m
[0m2022-03-20 21:43:55 V/Net 3424719593: Send: wtlogin.exchange_emp[0m
[0m2022-03-20 21:43:55 V/Net 3424719593: Recv: wtlogin.exchange_emp[0m
[0m2022-03-20 21:43:55 V/Net 3424719593: Send: StatSvc.register(online)[0m
[92m2022-03-20 21:43:55 I/Net 3424719593: Server time updated, serverTime: 1647783835, diff: 0ms=0.0s[0m
[0m2022-03-20 21:43:55 V/Net 3424719593: Recv: StatSvc.register[0m
[0m2022-03-20 21:43:55 V/Net 3424719593: Loading BdhSession from cache file[0m
[92m2022-03-20 21:43:55 I/Net 3424719593: Syncing friend message history...[0m
[0m2022-03-20 21:43:55 V/Net 3424719593: Send: StatSvc.GetDevLoginInfo(StatSvc.GetDevLoginInfo)[0m
[92m2022-03-20 21:43:55 I/Net 3424719593: Start loading stranger list...[0m
[0m2022-03-20 21:43:55 V/Net 3424719593: Send: OidbSvc.0x5d2_0(OidbSvc.0x5d2_0)[0m
[92m2022-03-20 21:43:55 I/Net 3424719593: Start loading friend list...[0m
[0m2022-03-20 21:43:55 V/Net 3424719593: Send: friendlist.getFriendGroupList(friendlist.getFriendGroupList)[0m
[0m2022-03-20 21:43:55 V/Net 3424719593: Send: OidbSvc.0x496(OidbSvc.0x496)[0m
[92m2022-03-20 21:43:55 I/Net 3424719593: Successfully loaded stranger list: 0 in total[0m
[0m2022-03-20 21:43:55 V/Net 3424719593: Recv: OidbSvc.0x5d2_0[0m
[0m2022-03-20 21:43:55 V/Net 3424719593: Recv: StatSvc.GetDevLoginInfo[0m
[92m2022-03-20 21:43:55 I/Net 3424719593: No OtherClient online.[0m
[0m2022-03-20 21:43:55 V/Net 3424719593: Recv: OidbSvc.0x496[0m
[92m2022-03-20 21:43:55 I/Net 3424719593: Start loading group list...[0m
[0m2022-03-20 21:43:55 V/Net 3424719593: Send: friendlist.GetTroopListReqV2(friendlist.GetTroopListReqV2)[0m
[92m2022-03-20 21:43:55 I/Net 3424719593: Syncing friend message history: Success.[0m
[0m2022-03-20 21:43:55 V/Net 3424719593: Loading friend list: 10/10[0m
[0m2022-03-20 21:43:55 V/Net 3424719593: Recv: friendlist.getFriendGroupList[0m
[92m2022-03-20 21:43:55 I/Net 3424719593: Successfully loaded friend list: 10 in total[0m
[0m2022-03-20 21:43:55 V/Net 3424719593: Recv: friendlist.GetTroopListReqV2[0m
[0m2022-03-20 21:43:55 V/Net 3424719593: Send: friendlist.GetTroopMemberListReq(friendlist.GetTroopMemberListReq)[0m
[0m2022-03-20 21:43:55 V/Net 3424719593: Send: friendlist.GetTroopMemberListReq(friendlist.GetTroopMemberListReq)[0m
[0m2022-03-20 21:43:55 V/Net 3424719593: Send: friendlist.GetTroopMemberListReq(friendlist.GetTroopMemberListReq)[0m
[0m2022-03-20 21:43:55 V/Net 3424719593: Recv: friendlist.GetTroopMemberListReq[0m
[0m2022-03-20 21:43:55 V/Net 3424719593: Recv: friendlist.GetTroopMemberListReq[0m
[0m2022-03-20 21:43:55 V/Net 3424719593: Recv: friendlist.GetTroopMemberListReq[0m
[92m2022-03-20 21:43:55 I/Net 3424719593: Successfully loaded group list: 3 in total.[0m
[92m2022-03-20 21:43:55 I/Net 3424719593: Scheduled key refresh in 23h 55min 0.0s.[0m
[92m2022-03-20 21:43:55 I/Net 3424719593: Scheduled refresh login session in 19d 23h 55min 0.0s.[0m
[92m2022-03-20 21:43:58 I/Net 3424719593: Server list: 183.47.101.174:8080, 183.47.102.193:14000, msfwifi.3g.qq.com:8080, 101.91.40.83:14000, 120.232.31.239:443, 157.255.13.204:80, 49.7.253.123:80, 129.226.103.136:80.[0m
[0m2022-03-20 21:43:58 V/Net 3424719593: Saving bdh session to cache[0m
[0m2022-03-20 21:43:58 V/Net 3424719593: Saving server list to cache[0m
[0m2022-03-20 21:43:58 V/Net 3424719593: Send: ConfigPushSvc.PushResp(ConfigPushSvc.PushResp)[0m
[0m2022-03-20 21:43:58 V/Net 3424719593: Recv: ConfigPushSvc.PushReq[0m
[0m2022-03-20 21:43:58 V/Net 3424719593: Saving bdh session to cache[0m
[0m2022-03-20 21:43:58 V/Net 3424719593: Send: ConfigPushSvc.PushResp(ConfigPushSvc.PushResp)[0m
[0m2022-03-20 21:43:58 V/Net 3424719593: Recv: ConfigPushSvc.PushReq[0m
[0m2022-03-20 21:43:58 V/Net 3424719593: Send: MessageSvc.PbSendMsg(MessageSvc.PbSendMsg)[0m
[0m2022-03-20 21:43:59 V/Net 3424719593: Recv: MessageSvc.PbSendMsg[0m
