[0m2022-03-21 00:11:05 V/: Send: MessageSvc.PbSendMsg(MessageSvc.PbSendMsg)[0m
[0m2022-03-21 00:11:05 V/: Recv: MessageSvc.PbSendMsg[0m
[0m2022-03-21 09:43:59 V/: Send: MessageSvc.PbSendMsg(MessageSvc.PbSendMsg)[0m
[0m2022-03-21 09:43:59 V/: Recv: MessageSvc.PbSendMsg[0m
[0m2022-03-21 10:12:11 V/: Send: MessageSvc.PbSendMsg(MessageSvc.PbSendMsg)[0m
[0m2022-03-21 10:12:11 V/: Recv: MessageSvc.PbSendMsg[0m
[0m2022-03-21 10:12:51 V/: Send: MessageSvc.PbSendMsg(MessageSvc.PbSendMsg)[0m
[0m2022-03-21 10:12:51 V/: Recv: MessageSvc.PbSendMsg[0m
[91m2022-03-21 15:49:38 W/: HeartbeatFailedException: AliveHeartbeat, recoverable=true, cause=PacketTimeoutException(message=Timeout receiving Heartbeat response, cause=kotlinx.coroutines.TimeoutCancellationException: Timed out waiting for 5000 ms)
HeartbeatFailedException: AliveHeartbeat, recoverable=true, cause=PacketTimeoutException(message=Timeout receiving Heartbeat response, cause=kotlinx.coroutines.TimeoutCancellationException: Timed out waiting for 5000 ms)
	at net.mamoe.mirai.internal.network.impl.netty.NettyNetworkHandler$StateOK$heartbeatJobs$1$1.invoke(NettyNetworkHandler.kt:349)
	at net.mamoe.mirai.internal.network.impl.netty.NettyNetworkHandler$StateOK$heartbeatJobs$1$1.invoke(NettyNetworkHandler.kt:349)
	at net.mamoe.mirai.internal.network.handler.NetworkHandlerSupport.setStateImpl$mirai_core(NetworkHandlerSupport.kt:251)
	at net.mamoe.mirai.internal.network.impl.netty.NettyNetworkHandler$StateOK$heartbeatJobs$1.invoke(NettyNetworkHandler.kt:395)
	at net.mamoe.mirai.internal.network.impl.netty.NettyNetworkHandler$StateOK$heartbeatJobs$1.invoke(NettyNetworkHandler.kt:348)
	at net.mamoe.mirai.internal.network.components.TimeBasedHeartbeatSchedulerImpl$launchHeartbeatJobAsync$1.invokeSuspend(HeartbeatScheduler.kt:108)
	at kotlin.coroutines.jvm.internal.BaseContinuationImpl.resumeWith(ContinuationImpl.kt:33)
	at kotlinx.coroutines.internal.ScopeCoroutine.afterResume(Scopes.kt:33)
	at kotlinx.coroutines.AbstractCoroutine.resumeWith(AbstractCoroutine.kt:102)
	at kotlin.coroutines.jvm.internal.BaseContinuationImpl.resumeWith(ContinuationImpl.kt:46)
	at kotlinx.coroutines.internal.ScopeCoroutine.afterResume(Scopes.kt:33)
	at kotlinx.coroutines.AbstractCoroutine.resumeWith(AbstractCoroutine.kt:102)
	at kotlin.coroutines.jvm.internal.BaseContinuationImpl.resumeWith(ContinuationImpl.kt:46)
	at kotlinx.coroutines.DispatchedTask.run(DispatchedTask.kt:106)
	at kotlinx.coroutines.scheduling.CoroutineScheduler.runSafely(CoroutineScheduler.kt:571)
	at kotlinx.coroutines.scheduling.CoroutineScheduler$Worker.executeTask(CoroutineScheduler.kt:750)
	at kotlinx.coroutines.scheduling.CoroutineScheduler$Worker.runWorker(CoroutineScheduler.kt:678)
	at kotlinx.coroutines.scheduling.CoroutineScheduler$Worker.run(CoroutineScheduler.kt:665)
Caused by: PacketTimeoutException(message=Timeout receiving Heartbeat response, cause=kotlinx.coroutines.TimeoutCancellationException: Timed out waiting for 5000 ms)
	... 13 more
Caused by: kotlinx.coroutines.TimeoutCancellationException: Timed out waiting for 5000 ms
	at kotlinx.coroutines.TimeoutKt.TimeoutCancellationException(Timeout.kt:184)
	at kotlinx.coroutines.TimeoutCoroutine.run(Timeout.kt:154)
	at kotlinx.coroutines.EventLoopImplBase$DelayedRunnableTask.run(EventLoop.common.kt:502)
	at kotlinx.coroutines.EventLoopImplBase.processNextEvent(EventLoop.common.kt:279)
	at kotlinx.coroutines.DefaultExecutor.run(DefaultExecutor.kt:108)
	at java.base/java.lang.Thread.run(Thread.java:829)
[0m
[0m2022-03-21 15:49:38 V/: Loading server list from cache.[0m
[92m2022-03-21 15:49:39 I/: Server list: 183.47.101.174:8080, 183.47.102.193:14000, msfwifi.3g.qq.com:8080, 101.91.40.83:14000, 120.232.31.239:443, 157.255.13.204:80, 49.7.253.123:80, 129.226.103.136:80.[0m
[92m2022-03-21 15:49:39 I/: ECDH key is invalid, start to fetch ecdh public key from server.[0m
[31m2022-03-21 15:55:55 E/: Failed to fetch ECDH public key from server, using default key instead
io.ktor.client.features.HttpRequestTimeoutException: Request timeout has expired [url=https://keyrotate.qq.com/rotate_key?cipher_suite_ver=305&uin=3424719593, request_timeout=300000 ms]
	at io.ktor.client.features.HttpTimeout$Feature$install$1$1$killer$1.invokeSuspend(HttpTimeout.kt:149)
	at kotlin.coroutines.jvm.internal.BaseContinuationImpl.resumeWith(ContinuationImpl.kt:33)
	at kotlinx.coroutines.DispatchedTask.run(DispatchedTask.kt:106)
	at kotlinx.coroutines.scheduling.CoroutineScheduler.runSafely(CoroutineScheduler.kt:571)
	at kotlinx.coroutines.scheduling.CoroutineScheduler$Worker.executeTask(CoroutineScheduler.kt:750)
	at kotlinx.coroutines.scheduling.CoroutineScheduler$Worker.runWorker(CoroutineScheduler.kt:678)
	at kotlinx.coroutines.scheduling.CoroutineScheduler$Worker.run(CoroutineScheduler.kt:665)
[0m
[0m2022-03-21 15:55:57 V/: Send: wtlogin.exchange_emp[0m
[0m2022-03-21 15:56:50 V/: Send: wtlogin.exchange_emp[0m
[0m2022-03-21 16:04:44 V/: Recv: wtlogin.exchange_emp[0m
[31m2022-03-21 16:09:54 E/: Exception in decoding packet.
net.mamoe.mirai.internal.utils.crypto.DecryptionFailedException
	at net.mamoe.mirai.internal.utils.crypto.TEA.fail(TEA.kt:298)
	at net.mamoe.mirai.internal.utils.crypto.TEA.doOption$decrypt(TEA.kt:274)
	at net.mamoe.mirai.internal.utils.crypto.TEA.doOption(TEA.kt:294)
	at net.mamoe.mirai.internal.utils.crypto.TEA.decrypt(TEA.kt:318)
	at net.mamoe.mirai.internal.utils.crypto.TEA.decrypt$default(TEA.kt:317)
	at net.mamoe.mirai.internal.network.protocol.packet.login.WtLogin$Login.onLoginSuccess(WtLogin.kt:256)
	at net.mamoe.mirai.internal.network.protocol.packet.login.WtLogin$Login.decode(WtLogin.kt:181)
	at net.mamoe.mirai.internal.network.protocol.packet.login.WtLogin$ExchangeEmp.decode(WtLogin.kt:546)
	at net.mamoe.mirai.internal.network.components.PacketCodecImpl.processBody(PacketCodec.kt:368)
	at net.mamoe.mirai.internal.network.impl.netty.NettyNetworkHandler$PacketDecodePipeline$send$1.invokeSuspend(NettyNetworkHandler.kt:175)
	at kotlin.coroutines.jvm.internal.BaseContinuationImpl.resumeWith(ContinuationImpl.kt:33)
	at kotlinx.coroutines.DispatchedTask.run(DispatchedTask.kt:106)
	at io.netty.util.concurrent.AbstractEventExecutor.safeExecute(AbstractEventExecutor.java:164)
	at io.netty.util.concurrent.SingleThreadEventExecutor.runAllTasks(SingleThreadEventExecutor.java:472)
	at io.netty.channel.nio.NioEventLoop.run(NioEventLoop.java:500)
	at io.netty.util.concurrent.SingleThreadEventExecutor$4.run(SingleThreadEventExecutor.java:989)
	at io.netty.util.internal.ThreadExecutorMap$2.run(ThreadExecutorMap.java:74)
	at io.netty.util.concurrent.FastThreadLocalRunnable.run(FastThreadLocalRunnable.java:30)
	at java.base/java.lang.Thread.run(Thread.java:829)
[0m
[0m2022-03-21 16:27:51 V/: Send: wtlogin.login[0m
[91m2022-03-21 16:34:52 W/: NettyChannelException(message=null, cause=java.io.IOException: Connection reset by peer)
NettyChannelException(message=null, cause=java.io.IOException: Connection reset by peer)
	at net.mamoe.mirai.internal.network.impl.netty.NettyNetworkHandler$handlePipelineException$1.invoke(NettyNetworkHandler.kt:66)
	at net.mamoe.mirai.internal.network.impl.netty.NettyNetworkHandler$handlePipelineException$1.invoke(NettyNetworkHandler.kt:66)
	at net.mamoe.mirai.internal.network.handler.NetworkHandlerSupport.setStateImpl$mirai_core(NetworkHandlerSupport.kt:251)
	at net.mamoe.mirai.internal.network.impl.netty.NettyNetworkHandler.handlePipelineException(NettyNetworkHandler.kt:406)
	at net.mamoe.mirai.internal.network.impl.netty.NettyNetworkHandler$setupChannelPipeline$1.exceptionCaught(NettyNetworkHandler.kt:107)
	at io.netty.channel.AbstractChannelHandlerContext.invokeExceptionCaught(AbstractChannelHandlerContext.java:302)
	at io.netty.channel.AbstractChannelHandlerContext.invokeExceptionCaught(AbstractChannelHandlerContext.java:281)
	at io.netty.channel.AbstractChannelHandlerContext.fireExceptionCaught(AbstractChannelHandlerContext.java:273)
	at io.netty.channel.DefaultChannelPipeline$HeadContext.exceptionCaught(DefaultChannelPipeline.java:1377)
	at io.netty.channel.AbstractChannelHandlerContext.invokeExceptionCaught(AbstractChannelHandlerContext.java:302)
	at io.netty.channel.AbstractChannelHandlerContext.invokeExceptionCaught(AbstractChannelHandlerContext.java:281)
	at io.netty.channel.DefaultChannelPipeline.fireExceptionCaught(DefaultChannelPipeline.java:907)
	at io.netty.channel.nio.AbstractNioByteChannel$NioByteUnsafe.handleReadException(AbstractNioByteChannel.java:125)
	at io.netty.channel.nio.AbstractNioByteChannel$NioByteUnsafe.read(AbstractNioByteChannel.java:177)
	at io.netty.channel.nio.NioEventLoop.processSelectedKey(NioEventLoop.java:719)
	at io.netty.channel.nio.NioEventLoop.processSelectedKeysOptimized(NioEventLoop.java:655)
	at io.netty.channel.nio.NioEventLoop.processSelectedKeys(NioEventLoop.java:581)
	at io.netty.channel.nio.NioEventLoop.run(NioEventLoop.java:493)
	at io.netty.util.concurrent.SingleThreadEventExecutor$4.run(SingleThreadEventExecutor.java:989)
	at io.netty.util.internal.ThreadExecutorMap$2.run(ThreadExecutorMap.java:74)
	at io.netty.util.concurrent.FastThreadLocalRunnable.run(FastThreadLocalRunnable.java:30)
	at java.base/java.lang.Thread.run(Thread.java:829)
Caused by: java.io.IOException: Connection reset by peer
	at java.base/sun.nio.ch.FileDispatcherImpl.read0(Native Method)
	at java.base/sun.nio.ch.SocketDispatcher.read(SocketDispatcher.java:39)
	at java.base/sun.nio.ch.IOUtil.readIntoNativeBuffer(IOUtil.java:276)
	at java.base/sun.nio.ch.IOUtil.read(IOUtil.java:233)
	at java.base/sun.nio.ch.IOUtil.read(IOUtil.java:223)
	at java.base/sun.nio.ch.SocketChannelImpl.read(SocketChannelImpl.java:356)
	at io.netty.buffer.PooledByteBuf.setBytes(PooledByteBuf.java:253)
	at io.netty.buffer.AbstractByteBuf.writeBytes(AbstractByteBuf.java:1132)
	at io.netty.channel.socket.nio.NioSocketChannel.doReadBytes(NioSocketChannel.java:350)
	at io.netty.channel.nio.AbstractNioByteChannel$NioByteUnsafe.read(AbstractNioByteChannel.java:151)
	... 8 more
[0m
[0m2022-03-21 22:15:30 V/Net 3424719593: Loading server list from cache.[0m
[92m2022-03-21 22:15:30 I/Net 3424719593: Server list: 183.47.101.174:8080, 183.47.102.193:14000, msfwifi.3g.qq.com:8080, 101.91.40.83:14000, 120.232.31.239:443, 157.255.13.204:80, 49.7.253.123:80, 129.226.103.136:80.[0m
[92m2022-03-21 22:15:31 I/Net 3424719593: ECDH key is invalid, start to fetch ecdh public key from server.[0m
[92m2022-03-21 22:15:31 I/Net 3424719593: Successfully fetched ecdh public key from server.[0m
[0m2022-03-21 22:15:31 V/Net 3424719593: Send: wtlogin.exchange_emp[0m
[0m2022-03-21 22:15:32 V/Net 3424719593: Recv: wtlogin.exchange_emp[0m
[0m2022-03-21 22:15:32 V/Net 3424719593: Send: StatSvc.register(online)[0m
[0m2022-03-21 22:15:32 V/Net 3424719593: Loading BdhSession from cache file[0m
[92m2022-03-21 22:15:32 I/Net 3424719593: Syncing friend message history...[0m
[92m2022-03-21 22:15:32 I/Net 3424719593: Server time updated, serverTime: 1647872132, diff: 0ms=0.0s[0m
[0m2022-03-21 22:15:32 V/Net 3424719593: Recv: StatSvc.register[0m
[92m2022-03-21 22:15:32 I/Net 3424719593: Start loading stranger list...[0m
[0m2022-03-21 22:15:32 V/Net 3424719593: Send: StatSvc.GetDevLoginInfo(StatSvc.GetDevLoginInfo)[0m
[0m2022-03-21 22:15:32 V/Net 3424719593: Send: OidbSvc.0x5d2_0(OidbSvc.0x5d2_0)[0m
[92m2022-03-21 22:15:32 I/Net 3424719593: Start loading friend list...[0m
[0m2022-03-21 22:15:32 V/Net 3424719593: Send: friendlist.getFriendGroupList(friendlist.getFriendGroupList)[0m
[0m2022-03-21 22:15:32 V/Net 3424719593: Send: OidbSvc.0x496(OidbSvc.0x496)[0m
[92m2022-03-21 22:15:32 I/Net 3424719593: Successfully loaded stranger list: 0 in total[0m
[0m2022-03-21 22:15:32 V/Net 3424719593: Recv: OidbSvc.0x5d2_0[0m
[92m2022-03-21 22:15:32 I/Net 3424719593: No OtherClient online.[0m
[0m2022-03-21 22:15:32 V/Net 3424719593: Recv: StatSvc.GetDevLoginInfo[0m
[92m2022-03-21 22:15:32 I/Net 3424719593: Start loading group list...[0m
[0m2022-03-21 22:15:32 V/Net 3424719593: Send: friendlist.GetTroopListReqV2(friendlist.GetTroopListReqV2)[0m
[0m2022-03-21 22:15:32 V/Net 3424719593: Recv: OidbSvc.0x496[0m
[0m2022-03-21 22:15:32 V/Net 3424719593: Loading friend list: 10/10[0m
[92m2022-03-21 22:15:32 I/Net 3424719593: Successfully loaded friend list: 10 in total[0m
[0m2022-03-21 22:15:32 V/Net 3424719593: Send: friendlist.GetTroopMemberListReq(friendlist.GetTroopMemberListReq)[0m
[0m2022-03-21 22:15:32 V/Net 3424719593: Send: friendlist.GetTroopMemberListReq(friendlist.GetTroopMemberListReq)[0m
[0m2022-03-21 22:15:32 V/Net 3424719593: Send: friendlist.GetTroopMemberListReq(friendlist.GetTroopMemberListReq)[0m
[0m2022-03-21 22:15:32 V/Net 3424719593: Recv: friendlist.GetTroopListReqV2[0m
[0m2022-03-21 22:15:32 V/Net 3424719593: Recv: friendlist.getFriendGroupList[0m
[92m2022-03-21 22:15:32 I/Net 3424719593: Syncing friend message history: Success.[0m
[0m2022-03-21 22:15:32 V/Net 3424719593: Recv: friendlist.GetTroopMemberListReq[0m
[0m2022-03-21 22:15:32 V/Net 3424719593: Recv: friendlist.GetTroopMemberListReq[0m
[0m2022-03-21 22:15:32 V/Net 3424719593: Recv: friendlist.GetTroopMemberListReq[0m
[92m2022-03-21 22:15:32 I/Net 3424719593: Successfully loaded group list: 3 in total.[0m
[92m2022-03-21 22:15:32 I/Net 3424719593: Scheduled key refresh in 23h 55min 0.0s.[0m
[92m2022-03-21 22:15:32 I/Net 3424719593: Scheduled refresh login session in 19d 23h 55min 0.0s.[0m
[92m2022-03-21 22:15:35 I/Net 3424719593: Server list: 120.232.69.213:443, 157.148.54.73:80, 42.81.183.253:80, 113.96.18.253:14000, msfwifi.3g.qq.com:8080, 183.47.98.105:8080, 180.109.52.200:14000, 157.148.54.28:443.[0m
[0m2022-03-21 22:15:35 V/Net 3424719593: Saving bdh session to cache[0m
[0m2022-03-21 22:15:35 V/Net 3424719593: Saving server list to cache[0m
[0m2022-03-21 22:15:35 V/Net 3424719593: Saving bdh session to cache[0m
[0m2022-03-21 22:15:35 V/Net 3424719593: Send: ConfigPushSvc.PushResp(ConfigPushSvc.PushResp)[0m
[0m2022-03-21 22:15:35 V/Net 3424719593: Recv: ConfigPushSvc.PushReq[0m
[0m2022-03-21 22:15:35 V/Net 3424719593: Send: ConfigPushSvc.PushResp(ConfigPushSvc.PushResp)[0m
[0m2022-03-21 22:15:35 V/Net 3424719593: Recv: ConfigPushSvc.PushReq[0m
[0m2022-03-21 22:15:35 V/Net 3424719593: Send: MessageSvc.PbSendMsg(MessageSvc.PbSendMsg)[0m
[0m2022-03-21 22:15:35 V/Net 3424719593: Recv: MessageSvc.PbSendMsg[0m
[0m2022-03-21 22:17:09 V/Net 3424719593: Send: MessageSvc.PbSendMsg(MessageSvc.PbSendMsg)[0m
[0m2022-03-21 22:17:09 V/Net 3424719593: Recv: MessageSvc.PbSendMsg[0m
[0m2022-03-21 22:17:49 V/Net 3424719593: Send: MessageSvc.PbSendMsg(MessageSvc.PbSendMsg)[0m
[0m2022-03-21 22:17:49 V/Net 3424719593: Recv: MessageSvc.PbSendMsg[0m
