[92m2022-05-07 19:52:17 I/main: Starting mirai-console...[0m[m
[92m2022-05-07 19:52:17 I/main: Backend: version 2.11.0-M1, built on 2022-03-08 20:34:54.[0m[m
[92m2022-05-07 19:52:17 I/main: Frontend Terminal: version 2.11.0-M1, provided by Mamoe Technologies[0m[m
[92m2022-05-07 19:52:17 I/main: Welcome to visit https://mirai.mamoe.net/[0m[m
[91m2022-05-07 19:52:17 W/stderr: SLF4J: Failed to load class "org.slf4j.impl.StaticLoggerBinder".[0m[m
[91m2022-05-07 19:52:17 W/stderr: SLF4J: Defaulting to no-operation (NOP) logger implementation[0m[m
[91m2022-05-07 19:52:17 W/stderr: SLF4J: See http://www.slf4j.org/codes.html#StaticLoggerBinder for further details.[0m[m
[92m2022-05-07 19:52:18 I/LuckPerms: Loading configuration...[0m[m
[92m2022-05-07 19:52:18 I/LuckPerms: Loading storage provider... [H2][0m[m
[92m2022-05-07 19:52:19 I/LuckPerms: Loading internal permission managers...[0m[m
[92m2022-05-07 19:52:19 I/LuckPerms: Performing initial data load...[0m[m
[92m2022-05-07 19:52:19 I/LuckPerms: Registering internal users....[0m[m
[92m2022-05-07 19:52:19 I/LuckPerms: Successfully enabled. (took 1286ms)[0m[m
[92m2022-05-07 19:52:19 I/plugin: Successfully loaded plugin LuckPerms v2.10.0-dev-6+null[0m[m
[92m2022-05-07 19:52:19 I/plugin: Successfully loaded plugin MCL Addon v1.2.2[0m[m
[92m2022-05-07 19:52:19 I/plugin: Successfully loaded plugin Chat Command v0.5.0[0m[m
[92m2022-05-07 19:52:19 I/plugin: Successfully loaded plugin net.mamoe.mirai-api-http v2.4.0[0m[m
[92m2022-05-07 19:52:19 I/plugin: Successfully loaded plugin mirai-administrator v1.0.4[0m[m
[92m2022-05-07 19:52:19 I/main: Loaded PermissionService from plugin LuckPerms[0m[m
[92m2022-05-07 19:52:20 I/main: Prepared built-in commands: autoLogin, help, login, logout, permission, status, stop[0m[m
[92m2022-05-07 19:52:20 I/MCL Addon: iTXTech MCL Version: 1.2.2-60c67fb[0m[m
[92m2022-05-07 19:52:20 I/Mirai HTTP API: ********************************************************[0m[m
[92m2022-05-07 19:52:20 I/http adapter: >>> [http adapter] is listening at http://localhost:8080[0m[m
[92m2022-05-07 19:52:20 I/ws adapter: >>> [ws adapter] is listening at ws://localhost:8080[0m[m
[92m2022-05-07 19:52:20 I/Mirai HTTP API: Http api server is running with verifyKey: Aa11221133[0m[m
[92m2022-05-07 19:52:20 I/Mirai HTTP API: adaptors: [http,ws][0m[m
[92m2022-05-07 19:52:20 I/Mirai HTTP API: ********************************************************[0m[m
[92m2022-05-07 19:52:21 I/mirai-administrator: æœºå™¨äººæ‰€æœ‰è€… 2598810411[0m[m
[92m2022-05-07 19:52:21 I/mirai-administrator: å‘é€ä¸Šçº¿é€šçŸ¥è¯·ä½¿ç”¨ /perm add gç¾¤å· xyz.cssxsh.mirai.plugin.mirai-administrator:online.include èµ‹äºˆæƒé™[0m[m
[92m2022-05-07 19:52:21 I/mirai-administrator: ComparableService Registered [7]:
ContentCensor: default-censor
FriendApprover: default-approver
GroupApprover: default-approver
MemberApprover: default-approver
MessageSourceHandler: default-recorder
TimerService: status, online, curfew-timer, cleaner
[0m[m
[92m2022-05-07 19:52:21 I/main: 5 plugin(s) enabled.[0m[m
[92m2022-05-07 19:52:21 I/main: Auto-login 202898447[0m[m
[91m2022-05-07 19:52:21 W/stderr: ERROR StatusLogger Log4j2 could not find a logging implementation. Please add log4j-core to the classpath. Using SimpleLogger to log to the console...[0m[m
[92m2022-05-07 19:52:22 I/Bot.202898447: Loaded account secrets from local cache.[0m[m
[92m2022-05-07 19:52:22 I/Bot.202898447: Saved account secrets to local cache for fast login.[0m[m
[92m2022-05-07 19:52:23 I/Bot.202898447: Login successful.[0m[m
[92m2022-05-07 19:52:23 I/Bot.202898447: Login successful[0m[m
[92m2022-05-07 19:52:23 I/Bot.202898447: Saved account secrets to local cache for fast login.[0m[m
[92m2022-05-07 19:52:23 I/Bot.202898447: Login successful.[0m[m
[92m2022-05-07 19:52:23 I/Bot.202898447: Saved account secrets to local cache for fast login.[0m[m
[92m2022-05-07 19:52:24 I/Bot.202898447: Login successful.[0m[m
[0m2022-05-07 19:52:24 V/Bot.202898447: Event: BotOnlineEvent(bot=Bot(202898447))[0m[m
[92m2022-05-07 19:52:24 I/Bot.202898447: Bot login successful.[0m[m
[92m2022-05-07 19:52:24 I/main: mirai-console started successfully.[0m[m
[0m2022-05-07 19:52:27 V/Bot.202898447: Friend(2598810411) <- Running MiraiConsole v2.11.0-M1, built on 2022-03-08 20:34:54.\nFrontend Terminal: version 2.11.0-M1, provided by Mamoe Technologies\n\nPermission Service: LuckPerms v2.10.0-dev-6+null\n\nPlugins: LuckPerms v2.10.0-dev-6+null, MCL Addon v1.2.2, Chat Command v0.5.0, net.mamoe.mirai-api-http v2.4.0, mirai-administrator v1.0.4\n\nObject Pending Finalization Count: 0\n                 committed |  init  |  used   |   max  \n    Heap Memory:  150.0MB  | 32.0MB | 93.98MB | 496.0MB\nNon-Heap Memory: 101.31MB  | 7.31MB | 96.94MB |   -1   [0m[m
[0m2022-05-07 19:55:02 V/Bot.202898447: ä¸€æ¬¡å……ç”µæ•°å‘¨ç»­èˆª(2598810411) -> 1[0m[m
[92m2022-05-07 19:55:24 I/mirai-administrator: Group dkenn(724282871) timer run success with cleaner[0m[m
[92m2022-05-07 19:55:24 I/mirai-administrator: Group minsharking2(672588350) timer run success with curfew-timer[0m[m
[92m2022-05-07 19:55:24 I/mirai-administrator: Group dkenn(724282871) timer run success with curfew-timer[0m[m
[92m2022-05-07 19:55:24 I/mirai-administrator: Group ä¸€æ¬¡å……ç”µæ•°å‘¨ã€1(1004634397) timer run success with cleaner[0m[m
[92m2022-05-07 19:55:24 I/mirai-administrator: Group minsharking2(672588350) timer run success with cleaner[0m[m
[92m2022-05-07 19:55:24 I/mirai-administrator: Group ä¸€æ¬¡å……ç”µæ•°å‘¨ã€1(1004634397) timer run success with curfew-timer[0m[m
[92m2022-05-07 19:58:24 I/mirai-administrator: Group minsharking2(672588350) timer run success with curfew-timer[0m[m
[92m2022-05-07 19:58:24 I/mirai-administrator: Group dkenn(724282871) timer run success with cleaner[0m[m
[92m2022-05-07 19:58:24 I/mirai-administrator: Group ä¸€æ¬¡å……ç”µæ•°å‘¨ã€1(1004634397) timer run success with cleaner[0m[m
[92m2022-05-07 19:58:24 I/mirai-administrator: Group minsharking2(672588350) timer run success with cleaner[0m[m
[92m2022-05-07 19:58:24 I/mirai-administrator: Group ä¸€æ¬¡å……ç”µæ•°å‘¨ã€1(1004634397) timer run success with curfew-timer[0m[m
[92m2022-05-07 19:58:24 I/mirai-administrator: Group dkenn(724282871) timer run success with curfew-timer[0m[m
[0m2022-05-07 19:59:45 V/Bot.202898447: ä¸€æ¬¡å……ç”µæ•°å‘¨ç»­èˆª(2598810411) -> welearn[0m[m
[0m2022-05-07 19:59:45 V/Bot.202898447: Friend(2598810411) <- ä½ å¥½æ¬¢è¿ä½¿ç”¨welearnåˆ·è¯¾å·¥å…·\nè¯·è¾“å…¥è´¦å·[0m[m
[92m2022-05-07 20:00:39 I/MCL Addon: Package: net.mamoe:mirai-console  Channel: beta  Type: libs  Version: 2.11.0-M1  Locked: false[0m[m
[92m2022-05-07 20:00:39 I/MCL Addon: Package: net.mamoe:mirai-console-terminal  Channel: beta  Type: libs  Version: 2.11.0-M1  Locked: false[0m[m
[92m2022-05-07 20:00:39 I/MCL Addon: Package: net.mamoe:mirai-core-all  Channel: beta  Type: libs  Version: 2.11.0-M1  Locked: false[0m[m
[92m2022-05-07 20:00:39 I/MCL Addon: Package: org.itxtech:mcl-addon  Channel: c122  Type: plugins  Version: 1.2.2  Locked: false[0m[m
[92m2022-05-07 20:00:39 I/MCL Addon: Package: net.mamoe:chat-command  Channel: stable  Type: plugins  Version: 0.5.1  Locked: false[0m[m
[92m2022-05-07 20:00:39 I/MCL Addon: Package: io.github.karlatemp:luckperms  Channel: nightly  Type: plugins  Version: 2.10.0-dev-6+null  Locked: false[0m[m
[92m2022-05-07 20:00:39 I/MCL Addon: Package: net.mamoe:mirai-api-http  Channel: stable-v2  Type: plugins  Version: 2.4.0  Locked: false[0m[m
[92m2022-05-07 20:00:39 I/MCL Addon: Package: xyz.cssxsh.mirai:mirai-administrator  Channel: stable  Type: plugins  Version: 1.0.4  Locked: false[0m[m
[0m2022-05-07 20:00:45 V/Bot.202898447: Friend(2598810411) <- å·²è¶…æ—¶å–æ¶ˆ[0m[m
[92m2022-05-07 20:01:24 I/mirai-administrator: Group minsharking2(672588350) timer run success with curfew-timer[0m[m
[92m2022-05-07 20:01:24 I/mirai-administrator: Group dkenn(724282871) timer run success with curfew-timer[0m[m
[92m2022-05-07 20:01:24 I/mirai-administrator: Group dkenn(724282871) timer run success with cleaner[0m[m
[92m2022-05-07 20:01:24 I/mirai-administrator: Group ä¸€æ¬¡å……ç”µæ•°å‘¨ã€1(1004634397) timer run success with cleaner[0m[m
[92m2022-05-07 20:01:24 I/mirai-administrator: Group minsharking2(672588350) timer run success with cleaner[0m[m
[92m2022-05-07 20:01:24 I/mirai-administrator: Group ä¸€æ¬¡å……ç”µæ•°å‘¨ã€1(1004634397) timer run success with curfew-timer[0m[m
[92m2022-05-07 20:04:24 I/mirai-administrator: Group minsharking2(672588350) timer run success with curfew-timer[0m[m
[92m2022-05-07 20:04:24 I/mirai-administrator: Group dkenn(724282871) timer run success with curfew-timer[0m[m
[92m2022-05-07 20:04:24 I/mirai-administrator: Group dkenn(724282871) timer run success with cleaner[0m[m
[92m2022-05-07 20:04:24 I/mirai-administrator: Group ä¸€æ¬¡å……ç”µæ•°å‘¨ã€1(1004634397) timer run success with cleaner[0m[m
[92m2022-05-07 20:04:24 I/mirai-administrator: Group minsharking2(672588350) timer run success with cleaner[0m[m
[92m2022-05-07 20:04:24 I/mirai-administrator: Group ä¸€æ¬¡å……ç”µæ•°å‘¨ã€1(1004634397) timer run success with curfew-timer[0m[m
[92m2022-05-07 20:07:24 I/mirai-administrator: Group minsharking2(672588350) timer run success with curfew-timer[0m[m
[92m2022-05-07 20:07:24 I/mirai-administrator: Group dkenn(724282871) timer run success with curfew-timer[0m[m
[92m2022-05-07 20:07:24 I/mirai-administrator: Group dkenn(724282871) timer run success with cleaner[0m[m
[92m2022-05-07 20:07:24 I/mirai-administrator: Group ä¸€æ¬¡å……ç”µæ•°å‘¨ã€1(1004634397) timer run success with cleaner[0m[m
[92m2022-05-07 20:07:24 I/mirai-administrator: Group minsharking2(672588350) timer run success with cleaner[0m[m
[92m2022-05-07 20:07:24 I/mirai-administrator: Group ä¸€æ¬¡å……ç”µæ•°å‘¨ã€1(1004634397) timer run success with curfew-timer[0m[m
[92m2022-05-07 20:07:37 I/MCL Addon: Package: net.mamoe:mirai-console  Channel: beta  Type: libs  Version: 2.11.0-M1  Locked: false[0m[m
[92m2022-05-07 20:07:37 I/MCL Addon: Package: net.mamoe:mirai-console-terminal  Channel: beta  Type: libs  Version: 2.11.0-M1  Locked: false[0m[m
[92m2022-05-07 20:07:37 I/MCL Addon: Package: net.mamoe:mirai-core-all  Channel: beta  Type: libs  Version: 2.11.0-M1  Locked: false[0m[m
[92m2022-05-07 20:07:37 I/MCL Addon: Package: org.itxtech:mcl-addon  Channel: c122  Type: plugins  Version: 1.2.2  Locked: false[0m[m
[92m2022-05-07 20:07:37 I/MCL Addon: Package: net.mamoe:chat-command  Channel: stable  Type: plugins  Version: 0.5.1  Locked: false[0m[m
[92m2022-05-07 20:07:37 I/MCL Addon: Package: io.github.karlatemp:luckperms  Channel: nightly  Type: plugins  Version: 2.10.0-dev-6+null  Locked: false[0m[m
[92m2022-05-07 20:07:37 I/MCL Addon: Package: net.mamoe:mirai-api-http  Channel: stable-v2  Type: plugins  Version: 2.4.0  Locked: false[0m[m
[92m2022-05-07 20:07:37 I/MCL Addon: Package: xyz.cssxsh.mirai:mirai-administrator  Channel: stable  Type: plugins  Version: 1.0.4  Locked: false[0m[m
[0m2022-05-07 20:08:30 V/Bot.202898447: ä¸€æ¬¡å……ç”µæ•°å‘¨ç»­èˆª(2598810411) -> welearn[0m[m
[0m2022-05-07 20:08:30 V/Bot.202898447: Friend(2598810411) <- ä½ å¥½æ¬¢è¿ä½¿ç”¨welearnåˆ·è¯¾å·¥å…·\nè¯·è¾“å…¥è´¦å·[0m[m
[0m2022-05-07 20:09:30 V/Bot.202898447: Friend(2598810411) <- å·²è¶…æ—¶å–æ¶ˆ[0m[m
[92m2022-05-07 20:10:24 I/mirai-administrator: Group minsharking2(672588350) timer run success with curfew-timer[0m[m
[92m2022-05-07 20:10:24 I/mirai-administrator: Group dkenn(724282871) timer run success with curfew-timer[0m[m
[92m2022-05-07 20:10:24 I/mirai-administrator: Group dkenn(724282871) timer run success with cleaner[0m[m
[92m2022-05-07 20:10:24 I/mirai-administrator: Group ä¸€æ¬¡å……ç”µæ•°å‘¨ã€1(1004634397) timer run success with cleaner[0m[m
[92m2022-05-07 20:10:24 I/mirai-administrator: Group minsharking2(672588350) timer run success with cleaner[0m[m
[92m2022-05-07 20:10:24 I/mirai-administrator: Group ä¸€æ¬¡å……ç”µæ•°å‘¨ã€1(1004634397) timer run success with curfew-timer[0m[m
[92m2022-05-07 20:13:24 I/mirai-administrator: Group minsharking2(672588350) timer run success with curfew-timer[0m[m
[92m2022-05-07 20:13:24 I/mirai-administrator: Group dkenn(724282871) timer run success with curfew-timer[0m[m
[92m2022-05-07 20:13:24 I/mirai-administrator: Group dkenn(724282871) timer run success with cleaner[0m[m
[92m2022-05-07 20:13:24 I/mirai-administrator: Group ä¸€æ¬¡å……ç”µæ•°å‘¨ã€1(1004634397) timer run success with cleaner[0m[m
[92m2022-05-07 20:13:24 I/mirai-administrator: Group minsharking2(672588350) timer run success with cleaner[0m[m
[92m2022-05-07 20:13:24 I/mirai-administrator: Group ä¸€æ¬¡å……ç”µæ•°å‘¨ã€1(1004634397) timer run success with curfew-timer[0m[m
[92m2022-05-07 20:16:24 I/mirai-administrator: Group minsharking2(672588350) timer run success with curfew-timer[0m[m
[92m2022-05-07 20:16:24 I/mirai-administrator: Group dkenn(724282871) timer run success with curfew-timer[0m[m
[92m2022-05-07 20:16:24 I/mirai-administrator: Group dkenn(724282871) timer run success with cleaner[0m[m
[92m2022-05-07 20:16:24 I/mirai-administrator: Group ä¸€æ¬¡å……ç”µæ•°å‘¨ã€1(1004634397) timer run success with cleaner[0m[m
[92m2022-05-07 20:16:24 I/mirai-administrator: Group minsharking2(672588350) timer run success with cleaner[0m[m
[92m2022-05-07 20:16:24 I/mirai-administrator: Group ä¸€æ¬¡å……ç”µæ•°å‘¨ã€1(1004634397) timer run success with curfew-timer[0m[m
[92m2022-05-07 20:19:24 I/mirai-administrator: Group minsharking2(672588350) timer run success with curfew-timer[0m[m
[92m2022-05-07 20:19:24 I/mirai-administrator: Group dkenn(724282871) timer run success with curfew-timer[0m[m
[92m2022-05-07 20:19:24 I/mirai-administrator: Group dkenn(724282871) timer run success with cleaner[0m[m
[92m2022-05-07 20:19:24 I/mirai-administrator: Group ä¸€æ¬¡å……ç”µæ•°å‘¨ã€1(1004634397) timer run success with cleaner[0m[m
[92m2022-05-07 20:19:24 I/mirai-administrator: Group minsharking2(672588350) timer run success with cleaner[0m[m
[92m2022-05-07 20:19:24 I/mirai-administrator: Group ä¸€æ¬¡å……ç”µæ•°å‘¨ã€1(1004634397) timer run success with curfew-timer[0m[m
[92m2022-05-07 20:22:24 I/mirai-administrator: Group minsharking2(672588350) timer run success with curfew-timer[0m[m
[92m2022-05-07 20:22:24 I/mirai-administrator: Group dkenn(724282871) timer run success with curfew-timer[0m[m
[92m2022-05-07 20:22:24 I/mirai-administrator: Group dkenn(724282871) timer run success with cleaner[0m[m
[92m2022-05-07 20:22:24 I/mirai-administrator: Group ä¸€æ¬¡å……ç”µæ•°å‘¨ã€1(1004634397) timer run success with cleaner[0m[m
[92m2022-05-07 20:22:24 I/mirai-administrator: Group minsharking2(672588350) timer run success with cleaner[0m[m
[92m2022-05-07 20:22:24 I/mirai-administrator: Group ä¸€æ¬¡å……ç”µæ•°å‘¨ã€1(1004634397) timer run success with curfew-timer[0m[m
[92m2022-05-07 20:25:24 I/mirai-administrator: Group minsharking2(672588350) timer run success with curfew-timer[0m[m
[92m2022-05-07 20:25:24 I/mirai-administrator: Group dkenn(724282871) timer run success with curfew-timer[0m[m
[92m2022-05-07 20:25:24 I/mirai-administrator: Group dkenn(724282871) timer run success with cleaner[0m[m
[92m2022-05-07 20:25:24 I/mirai-administrator: Group ä¸€æ¬¡å……ç”µæ•°å‘¨ã€1(1004634397) timer run success with cleaner[0m[m
[92m2022-05-07 20:25:24 I/mirai-administrator: Group minsharking2(672588350) timer run success with cleaner[0m[m
[92m2022-05-07 20:25:24 I/mirai-administrator: Group ä¸€æ¬¡å……ç”µæ•°å‘¨ã€1(1004634397) timer run success with curfew-timer[0m[m
[92m2022-05-07 20:28:24 I/mirai-administrator: Group minsharking2(672588350) timer run success with curfew-timer[0m[m
[92m2022-05-07 20:28:24 I/mirai-administrator: Group dkenn(724282871) timer run success with cleaner[0m[m
[92m2022-05-07 20:28:24 I/mirai-administrator: Group dkenn(724282871) timer run success with curfew-timer[0m[m
[92m2022-05-07 20:28:24 I/mirai-administrator: Group ä¸€æ¬¡å……ç”µæ•°å‘¨ã€1(1004634397) timer run success with cleaner[0m[m
[92m2022-05-07 20:28:24 I/mirai-administrator: Group minsharking2(672588350) timer run success with cleaner[0m[m
[92m2022-05-07 20:28:24 I/mirai-administrator: Group ä¸€æ¬¡å……ç”µæ•°å‘¨ã€1(1004634397) timer run success with curfew-timer[0m[m
[92m2022-05-07 20:31:24 I/mirai-administrator: Group minsharking2(672588350) timer run success with curfew-timer[0m[m
[92m2022-05-07 20:31:24 I/mirai-administrator: Group dkenn(724282871) timer run success with curfew-timer[0m[m
[92m2022-05-07 20:31:24 I/mirai-administrator: Group ä¸€æ¬¡å……ç”µæ•°å‘¨ã€1(1004634397) timer run success with cleaner[0m[m
[92m2022-05-07 20:31:24 I/mirai-administrator: Group dkenn(724282871) timer run success with cleaner[0m[m
[92m2022-05-07 20:31:24 I/mirai-administrator: Group minsharking2(672588350) timer run success with cleaner[0m[m
[92m2022-05-07 20:31:24 I/mirai-administrator: Group ä¸€æ¬¡å……ç”µæ•°å‘¨ã€1(1004634397) timer run success with curfew-timer[0m[m
[92m2022-05-07 20:34:24 I/mirai-administrator: Group minsharking2(672588350) timer run success with curfew-timer[0m[m
[92m2022-05-07 20:34:24 I/mirai-administrator: Group dkenn(724282871) timer run success with cleaner[0m[m
[92m2022-05-07 20:34:24 I/mirai-administrator: Group dkenn(724282871) timer run success with curfew-timer[0m[m
[92m2022-05-07 20:34:24 I/mirai-administrator: Group ä¸€æ¬¡å……ç”µæ•°å‘¨ã€1(1004634397) timer run success with cleaner[0m[m
[92m2022-05-07 20:34:24 I/mirai-administrator: Group minsharking2(672588350) timer run success with cleaner[0m[m
[92m2022-05-07 20:34:24 I/mirai-administrator: Group ä¸€æ¬¡å……ç”µæ•°å‘¨ã€1(1004634397) timer run success with curfew-timer[0m[m
[92m2022-05-07 20:37:24 I/mirai-administrator: Group minsharking2(672588350) timer run success with curfew-timer[0m[m
[92m2022-05-07 20:37:24 I/mirai-administrator: Group dkenn(724282871) timer run success with cleaner[0m[m
[92m2022-05-07 20:37:24 I/mirai-administrator: Group dkenn(724282871) timer run success with curfew-timer[0m[m
[92m2022-05-07 20:37:24 I/mirai-administrator: Group ä¸€æ¬¡å……ç”µæ•°å‘¨ã€1(1004634397) timer run success with cleaner[0m[m
[92m2022-05-07 20:37:24 I/mirai-administrator: Group minsharking2(672588350) timer run success with cleaner[0m[m
[92m2022-05-07 20:37:24 I/mirai-administrator: Group ä¸€æ¬¡å……ç”µæ•°å‘¨ã€1(1004634397) timer run success with curfew-timer[0m[m
[92m2022-05-07 20:40:24 I/mirai-administrator: Group minsharking2(672588350) timer run success with curfew-timer[0m[m
[92m2022-05-07 20:40:24 I/mirai-administrator: Group dkenn(724282871) timer run success with cleaner[0m[m
[92m2022-05-07 20:40:24 I/mirai-administrator: Group dkenn(724282871) timer run success with curfew-timer[0m[m
[92m2022-05-07 20:40:24 I/mirai-administrator: Group ä¸€æ¬¡å……ç”µæ•°å‘¨ã€1(1004634397) timer run success with cleaner[0m[m
[92m2022-05-07 20:40:24 I/mirai-administrator: Group minsharking2(672588350) timer run success with cleaner[0m[m
[92m2022-05-07 20:40:24 I/mirai-administrator: Group ä¸€æ¬¡å……ç”µæ•°å‘¨ã€1(1004634397) timer run success with curfew-timer[0m[m
[92m2022-05-07 20:43:24 I/mirai-administrator: Group minsharking2(672588350) timer run success with curfew-timer[0m[m
[92m2022-05-07 20:43:24 I/mirai-administrator: Group dkenn(724282871) timer run success with cleaner[0m[m
[92m2022-05-07 20:43:24 I/mirai-administrator: Group dkenn(724282871) timer run success with curfew-timer[0m[m
[92m2022-05-07 20:43:24 I/mirai-administrator: Group ä¸€æ¬¡å……ç”µæ•°å‘¨ã€1(1004634397) timer run success with cleaner[0m[m
[92m2022-05-07 20:43:24 I/mirai-administrator: Group minsharking2(672588350) timer run success with cleaner[0m[m
[92m2022-05-07 20:43:24 I/mirai-administrator: Group ä¸€æ¬¡å……ç”µæ•°å‘¨ã€1(1004634397) timer run success with curfew-timer[0m[m
[92m2022-05-07 20:46:24 I/mirai-administrator: Group minsharking2(672588350) timer run success with curfew-timer[0m[m
[92m2022-05-07 20:46:24 I/mirai-administrator: Group dkenn(724282871) timer run success with cleaner[0m[m
[92m2022-05-07 20:46:24 I/mirai-administrator: Group minsharking2(672588350) timer run success with cleaner[0m[m
[92m2022-05-07 20:46:24 I/mirai-administrator: Group dkenn(724282871) timer run success with curfew-timer[0m[m
[92m2022-05-07 20:46:24 I/mirai-administrator: Group ä¸€æ¬¡å……ç”µæ•°å‘¨ã€1(1004634397) timer run success with cleaner[0m[m
[92m2022-05-07 20:46:24 I/mirai-administrator: Group ä¸€æ¬¡å……ç”µæ•°å‘¨ã€1(1004634397) timer run success with curfew-timer[0m[m
[92m2022-05-07 20:49:24 I/mirai-administrator: Group minsharking2(672588350) timer run success with curfew-timer[0m[m
[92m2022-05-07 20:49:24 I/mirai-administrator: Group dkenn(724282871) timer run success with cleaner[0m[m
[92m2022-05-07 20:49:24 I/mirai-administrator: Group dkenn(724282871) timer run success with curfew-timer[0m[m
[92m2022-05-07 20:49:24 I/mirai-administrator: Group ä¸€æ¬¡å……ç”µæ•°å‘¨ã€1(1004634397) timer run success with cleaner[0m[m
[92m2022-05-07 20:49:24 I/mirai-administrator: Group minsharking2(672588350) timer run success with cleaner[0m[m
[92m2022-05-07 20:49:24 I/mirai-administrator: Group ä¸€æ¬¡å……ç”µæ•°å‘¨ã€1(1004634397) timer run success with curfew-timer[0m[m
[92m2022-05-07 20:52:24 I/mirai-administrator: Group minsharking2(672588350) timer run success with curfew-timer[0m[m
[92m2022-05-07 20:52:24 I/mirai-administrator: Group dkenn(724282871) timer run success with cleaner[0m[m
[92m2022-05-07 20:52:24 I/mirai-administrator: Group dkenn(724282871) timer run success with curfew-timer[0m[m
[92m2022-05-07 20:52:24 I/mirai-administrator: Group ä¸€æ¬¡å……ç”µæ•°å‘¨ã€1(1004634397) timer run success with cleaner[0m[m
[92m2022-05-07 20:52:24 I/mirai-administrator: Group minsharking2(672588350) timer run success with cleaner[0m[m
[92m2022-05-07 20:52:24 I/mirai-administrator: Group ä¸€æ¬¡å……ç”µæ•°å‘¨ã€1(1004634397) timer run success with curfew-timer[0m[m
[92m2022-05-07 20:55:24 I/mirai-administrator: Group minsharking2(672588350) timer run success with curfew-timer[0m[m
[92m2022-05-07 20:55:24 I/mirai-administrator: Group dkenn(724282871) timer run success with cleaner[0m[m
[92m2022-05-07 20:55:24 I/mirai-administrator: Group dkenn(724282871) timer run success with curfew-timer[0m[m
[92m2022-05-07 20:55:24 I/mirai-administrator: Group ä¸€æ¬¡å……ç”µæ•°å‘¨ã€1(1004634397) timer run success with cleaner[0m[m
[92m2022-05-07 20:55:24 I/mirai-administrator: Group minsharking2(672588350) timer run success with cleaner[0m[m
[92m2022-05-07 20:55:24 I/mirai-administrator: Group ä¸€æ¬¡å……ç”µæ•°å‘¨ã€1(1004634397) timer run success with curfew-timer[0m[m
[92m2022-05-07 20:58:24 I/mirai-administrator: Group minsharking2(672588350) timer run success with curfew-timer[0m[m
[92m2022-05-07 20:58:24 I/mirai-administrator: Group dkenn(724282871) timer run success with cleaner[0m[m
[92m2022-05-07 20:58:24 I/mirai-administrator: Group ä¸€æ¬¡å……ç”µæ•°å‘¨ã€1(1004634397) timer run success with cleaner[0m[m
[92m2022-05-07 20:58:24 I/mirai-administrator: Group dkenn(724282871) timer run success with curfew-timer[0m[m
[92m2022-05-07 20:58:24 I/mirai-administrator: Group minsharking2(672588350) timer run success with cleaner[0m[m
[92m2022-05-07 20:58:24 I/mirai-administrator: Group ä¸€æ¬¡å……ç”µæ•°å‘¨ã€1(1004634397) timer run success with curfew-timer[0m[m
[92m2022-05-07 21:01:24 I/mirai-administrator: Group minsharking2(672588350) timer run success with curfew-timer[0m[m
[92m2022-05-07 21:01:24 I/mirai-administrator: Group dkenn(724282871) timer run success with cleaner[0m[m
[92m2022-05-07 21:01:24 I/mirai-administrator: Group ä¸€æ¬¡å……ç”µæ•°å‘¨ã€1(1004634397) timer run success with cleaner[0m[m
[92m2022-05-07 21:01:24 I/mirai-administrator: Group dkenn(724282871) timer run success with curfew-timer[0m[m
[92m2022-05-07 21:01:24 I/mirai-administrator: Group minsharking2(672588350) timer run success with cleaner[0m[m
[92m2022-05-07 21:01:24 I/mirai-administrator: Group ä¸€æ¬¡å……ç”µæ•°å‘¨ã€1(1004634397) timer run success with curfew-timer[0m[m
[92m2022-05-07 21:04:24 I/mirai-administrator: Group minsharking2(672588350) timer run success with curfew-timer[0m[m
[92m2022-05-07 21:04:24 I/mirai-administrator: Group dkenn(724282871) timer run success with cleaner[0m[m
[92m2022-05-07 21:04:24 I/mirai-administrator: Group ä¸€æ¬¡å……ç”µæ•°å‘¨ã€1(1004634397) timer run success with cleaner[0m[m
[92m2022-05-07 21:04:24 I/mirai-administrator: Group dkenn(724282871) timer run success with curfew-timer[0m[m
[92m2022-05-07 21:04:24 I/mirai-administrator: Group minsharking2(672588350) timer run success with cleaner[0m[m
[92m2022-05-07 21:04:24 I/mirai-administrator: Group ä¸€æ¬¡å……ç”µæ•°å‘¨ã€1(1004634397) timer run success with curfew-timer[0m[m
[92m2022-05-07 21:07:24 I/mirai-administrator: Group minsharking2(672588350) timer run success with curfew-timer[0m[m
[92m2022-05-07 21:07:24 I/mirai-administrator: Group dkenn(724282871) timer run success with cleaner[0m[m
[92m2022-05-07 21:07:24 I/mirai-administrator: Group ä¸€æ¬¡å……ç”µæ•°å‘¨ã€1(1004634397) timer run success with cleaner[0m[m
[92m2022-05-07 21:07:24 I/mirai-administrator: Group dkenn(724282871) timer run success with curfew-timer[0m[m
[92m2022-05-07 21:07:24 I/mirai-administrator: Group minsharking2(672588350) timer run success with cleaner[0m[m
[92m2022-05-07 21:07:24 I/mirai-administrator: Group ä¸€æ¬¡å……ç”µæ•°å‘¨ã€1(1004634397) timer run success with curfew-timer[0m[m
[92m2022-05-07 21:10:24 I/mirai-administrator: Group minsharking2(672588350) timer run success with curfew-timer[0m[m
[92m2022-05-07 21:10:24 I/mirai-administrator: Group dkenn(724282871) timer run success with cleaner[0m[m
[92m2022-05-07 21:10:24 I/mirai-administrator: Group ä¸€æ¬¡å……ç”µæ•°å‘¨ã€1(1004634397) timer run success with cleaner[0m[m
[92m2022-05-07 21:10:24 I/mirai-administrator: Group dkenn(724282871) timer run success with curfew-timer[0m[m
[92m2022-05-07 21:10:24 I/mirai-administrator: Group minsharking2(672588350) timer run success with cleaner[0m[m
[92m2022-05-07 21:10:24 I/mirai-administrator: Group ä¸€æ¬¡å……ç”µæ•°å‘¨ã€1(1004634397) timer run success with curfew-timer[0m[m
[92m2022-05-07 21:13:24 I/mirai-administrator: Group dkenn(724282871) timer run success with cleaner[0m[m
[92m2022-05-07 21:13:24 I/mirai-administrator: Group minsharking2(672588350) timer run success with curfew-timer[0m[m
[92m2022-05-07 21:13:24 I/mirai-administrator: Group ä¸€æ¬¡å……ç”µæ•°å‘¨ã€1(1004634397) timer run success with cleaner[0m[m
[92m2022-05-07 21:13:24 I/mirai-administrator: Group dkenn(724282871) timer run success with curfew-timer[0m[m
[92m2022-05-07 21:13:24 I/mirai-administrator: Group minsharking2(672588350) timer run success with cleaner[0m[m
[92m2022-05-07 21:13:24 I/mirai-administrator: Group ä¸€æ¬¡å……ç”µæ•°å‘¨ã€1(1004634397) timer run success with curfew-timer[0m[m
[92m2022-05-07 21:16:24 I/mirai-administrator: Group minsharking2(672588350) timer run success with curfew-timer[0m[m
[92m2022-05-07 21:16:24 I/mirai-administrator: Group dkenn(724282871) timer run success with cleaner[0m[m
[92m2022-05-07 21:16:24 I/mirai-administrator: Group ä¸€æ¬¡å……ç”µæ•°å‘¨ã€1(1004634397) timer run success with cleaner[0m[m
[92m2022-05-07 21:16:24 I/mirai-administrator: Group dkenn(724282871) timer run success with curfew-timer[0m[m
[92m2022-05-07 21:16:24 I/mirai-administrator: Group minsharking2(672588350) timer run success with cleaner[0m[m
[92m2022-05-07 21:16:24 I/mirai-administrator: Group ä¸€æ¬¡å……ç”µæ•°å‘¨ã€1(1004634397) timer run success with curfew-timer[0m[m
[92m2022-05-07 21:19:24 I/mirai-administrator: Group dkenn(724282871) timer run success with cleaner[0m[m
[92m2022-05-07 21:19:24 I/mirai-administrator: Group minsharking2(672588350) timer run success with curfew-timer[0m[m
[92m2022-05-07 21:19:24 I/mirai-administrator: Group ä¸€æ¬¡å……ç”µæ•°å‘¨ã€1(1004634397) timer run success with cleaner[0m[m
[92m2022-05-07 21:19:24 I/mirai-administrator: Group dkenn(724282871) timer run success with curfew-timer[0m[m
[92m2022-05-07 21:19:24 I/mirai-administrator: Group minsharking2(672588350) timer run success with cleaner[0m[m
[92m2022-05-07 21:19:24 I/mirai-administrator: Group ä¸€æ¬¡å……ç”µæ•°å‘¨ã€1(1004634397) timer run success with curfew-timer[0m[m
[92m2022-05-07 21:22:24 I/mirai-administrator: Group minsharking2(672588350) timer run success with curfew-timer[0m[m
[92m2022-05-07 21:22:24 I/mirai-administrator: Group dkenn(724282871) timer run success with curfew-timer[0m[m
[92m2022-05-07 21:22:24 I/mirai-administrator: Group ä¸€æ¬¡å……ç”µæ•°å‘¨ã€1(1004634397) timer run success with cleaner[0m[m
[92m2022-05-07 21:22:24 I/mirai-administrator: Group dkenn(724282871) timer run success with cleaner[0m[m
[92m2022-05-07 21:22:24 I/mirai-administrator: Group minsharking2(672588350) timer run success with cleaner[0m[m
[92m2022-05-07 21:22:24 I/mirai-administrator: Group ä¸€æ¬¡å……ç”µæ•°å‘¨ã€1(1004634397) timer run success with curfew-timer[0m[m
[92m2022-05-07 21:25:24 I/mirai-administrator: Group dkenn(724282871) timer run success with cleaner[0m[m
[92m2022-05-07 21:25:24 I/mirai-administrator: Group minsharking2(672588350) timer run success with curfew-timer[0m[m
[92m2022-05-07 21:25:24 I/mirai-administrator: Group dkenn(724282871) timer run success with curfew-timer[0m[m
[92m2022-05-07 21:25:24 I/mirai-administrator: Group ä¸€æ¬¡å……ç”µæ•°å‘¨ã€1(1004634397) timer run success with cleaner[0m[m
[92m2022-05-07 21:25:24 I/mirai-administrator: Group minsharking2(672588350) timer run success with cleaner[0m[m
[92m2022-05-07 21:25:24 I/mirai-administrator: Group ä¸€æ¬¡å……ç”µæ•°å‘¨ã€1(1004634397) timer run success with curfew-timer[0m[m
[92m2022-05-07 21:28:24 I/mirai-administrator: Group dkenn(724282871) timer run success with cleaner[0m[m
[92m2022-05-07 21:28:24 I/mirai-administrator: Group minsharking2(672588350) timer run success with curfew-timer[0m[m
[92m2022-05-07 21:28:24 I/mirai-administrator: Group ä¸€æ¬¡å……ç”µæ•°å‘¨ã€1(1004634397) timer run success with cleaner[0m[m
[92m2022-05-07 21:28:24 I/mirai-administrator: Group dkenn(724282871) timer run success with curfew-timer[0m[m
[92m2022-05-07 21:28:24 I/mirai-administrator: Group minsharking2(672588350) timer run success with cleaner[0m[m
[92m2022-05-07 21:28:24 I/mirai-administrator: Group ä¸€æ¬¡å……ç”µæ•°å‘¨ã€1(1004634397) timer run success with curfew-timer[0m[m
[92m2022-05-07 21:31:24 I/mirai-administrator: Group dkenn(724282871) timer run success with cleaner[0m[m
[92m2022-05-07 21:31:24 I/mirai-administrator: Group minsharking2(672588350) timer run success with curfew-timer[0m[m
[92m2022-05-07 21:31:24 I/mirai-administrator: Group ä¸€æ¬¡å……ç”µæ•°å‘¨ã€1(1004634397) timer run success with cleaner[0m[m
[92m2022-05-07 21:31:24 I/mirai-administrator: Group dkenn(724282871) timer run success with curfew-timer[0m[m
[92m2022-05-07 21:31:24 I/mirai-administrator: Group minsharking2(672588350) timer run success with cleaner[0m[m
[92m2022-05-07 21:31:24 I/mirai-administrator: Group ä¸€æ¬¡å……ç”µæ•°å‘¨ã€1(1004634397) timer run success with curfew-timer[0m[m
[92m2022-05-07 21:34:24 I/mirai-administrator: Group dkenn(724282871) timer run success with cleaner[0m[m
[92m2022-05-07 21:34:24 I/mirai-administrator: Group minsharking2(672588350) timer run success with curfew-timer[0m[m
[92m2022-05-07 21:34:24 I/mirai-administrator: Group ä¸€æ¬¡å……ç”µæ•°å‘¨ã€1(1004634397) timer run success with cleaner[0m[m
[92m2022-05-07 21:34:24 I/mirai-administrator: Group dkenn(724282871) timer run success with curfew-timer[0m[m
[92m2022-05-07 21:34:24 I/mirai-administrator: Group minsharking2(672588350) timer run success with cleaner[0m[m
[92m2022-05-07 21:34:24 I/mirai-administrator: Group ä¸€æ¬¡å……ç”µæ•°å‘¨ã€1(1004634397) timer run success with curfew-timer[0m[m
[92m2022-05-07 21:37:24 I/mirai-administrator: Group dkenn(724282871) timer run success with cleaner[0m[m
[92m2022-05-07 21:37:24 I/mirai-administrator: Group minsharking2(672588350) timer run success with curfew-timer[0m[m
[92m2022-05-07 21:37:24 I/mirai-administrator: Group ä¸€æ¬¡å……ç”µæ•°å‘¨ã€1(1004634397) timer run success with cleaner[0m[m
[92m2022-05-07 21:37:24 I/mirai-administrator: Group dkenn(724282871) timer run success with curfew-timer[0m[m
[92m2022-05-07 21:37:24 I/mirai-administrator: Group minsharking2(672588350) timer run success with cleaner[0m[m
[92m2022-05-07 21:37:24 I/mirai-administrator: Group ä¸€æ¬¡å……ç”µæ•°å‘¨ã€1(1004634397) timer run success with curfew-timer[0m[m
[92m2022-05-07 21:40:24 I/mirai-administrator: Group dkenn(724282871) timer run success with cleaner[0m[m
[92m2022-05-07 21:40:24 I/mirai-administrator: Group minsharking2(672588350) timer run success with curfew-timer[0m[m
[92m2022-05-07 21:40:24 I/mirai-administrator: Group ä¸€æ¬¡å……ç”µæ•°å‘¨ã€1(1004634397) timer run success with cleaner[0m[m
[92m2022-05-07 21:40:24 I/mirai-administrator: Group dkenn(724282871) timer run success with curfew-timer[0m[m
[92m2022-05-07 21:40:24 I/mirai-administrator: Group minsharking2(672588350) timer run success with cleaner[0m[m
[92m2022-05-07 21:40:24 I/mirai-administrator: Group ä¸€æ¬¡å……ç”µæ•°å‘¨ã€1(1004634397) timer run success with curfew-timer[0m[m
[92m2022-05-07 21:43:24 I/mirai-administrator: Group dkenn(724282871) timer run success with cleaner[0m[m
[92m2022-05-07 21:43:24 I/mirai-administrator: Group minsharking2(672588350) timer run success with curfew-timer[0m[m
[92m2022-05-07 21:43:24 I/mirai-administrator: Group ä¸€æ¬¡å……ç”µæ•°å‘¨ã€1(1004634397) timer run success with cleaner[0m[m
[92m2022-05-07 21:43:24 I/mirai-administrator: Group dkenn(724282871) timer run success with curfew-timer[0m[m
[92m2022-05-07 21:43:24 I/mirai-administrator: Group minsharking2(672588350) timer run success with cleaner[0m[m
[92m2022-05-07 21:43:24 I/mirai-administrator: Group ä¸€æ¬¡å……ç”µæ•°å‘¨ã€1(1004634397) timer run success with curfew-timer[0m[m
[92m2022-05-07 21:46:24 I/mirai-administrator: Group dkenn(724282871) timer run success with cleaner[0m[m
[92m2022-05-07 21:46:24 I/mirai-administrator: Group minsharking2(672588350) timer run success with curfew-timer[0m[m
[92m2022-05-07 21:46:24 I/mirai-administrator: Group ä¸€æ¬¡å……ç”µæ•°å‘¨ã€1(1004634397) timer run success with cleaner[0m[m
[92m2022-05-07 21:46:24 I/mirai-administrator: Group dkenn(724282871) timer run success with curfew-timer[0m[m
[92m2022-05-07 21:46:24 I/mirai-administrator: Group minsharking2(672588350) timer run success with cleaner[0m[m
[92m2022-05-07 21:46:24 I/mirai-administrator: Group ä¸€æ¬¡å……ç”µæ•°å‘¨ã€1(1004634397) timer run success with curfew-timer[0m[m
[0m2022-05-07 21:46:36 V/Bot.202898447: ä¸€æ¬¡å……ç”µæ•°å‘¨ç»­èˆª(2598810411) -> welearn[0m[m
[0m2022-05-07 21:46:36 V/Bot.202898447: Friend(2598810411) <- ä½ å¥½æ¬¢è¿ä½¿ç”¨welearnåˆ·è¯¾å·¥å…·\nè¯·è¾“å…¥è´¦å·[0m[m
[0m2022-05-07 21:47:36 V/Bot.202898447: Friend(2598810411) <- å·²è¶…æ—¶å–æ¶ˆ[0m[m
[92m2022-05-07 21:49:24 I/mirai-administrator: Group dkenn(724282871) timer run success with cleaner[0m[m
[92m2022-05-07 21:49:24 I/mirai-administrator: Group minsharking2(672588350) timer run success with curfew-timer[0m[m
[92m2022-05-07 21:49:24 I/mirai-administrator: Group ä¸€æ¬¡å……ç”µæ•°å‘¨ã€1(1004634397) timer run success with cleaner[0m[m
[92m2022-05-07 21:49:24 I/mirai-administrator: Group minsharking2(672588350) timer run success with cleaner[0m[m
[92m2022-05-07 21:49:24 I/mirai-administrator: Group dkenn(724282871) timer run success with curfew-timer[0m[m
[92m2022-05-07 21:49:24 I/mirai-administrator: Group ä¸€æ¬¡å……ç”µæ•°å‘¨ã€1(1004634397) timer run success with curfew-timer[0m[m
[92m2022-05-07 21:52:24 I/mirai-administrator: Group dkenn(724282871) timer run success with cleaner[0m[m
[92m2022-05-07 21:52:24 I/mirai-administrator: Group minsharking2(672588350) timer run success with curfew-timer[0m[m
[92m2022-05-07 21:52:24 I/mirai-administrator: Group ä¸€æ¬¡å……ç”µæ•°å‘¨ã€1(1004634397) timer run success with cleaner[0m[m
[92m2022-05-07 21:52:24 I/mirai-administrator: Group dkenn(724282871) timer run success with curfew-timer[0m[m
[92m2022-05-07 21:52:24 I/mirai-administrator: Group minsharking2(672588350) timer run success with cleaner[0m[m
[92m2022-05-07 21:52:24 I/mirai-administrator: Group ä¸€æ¬¡å……ç”µæ•°å‘¨ã€1(1004634397) timer run success with curfew-timer[0m[m
[92m2022-05-07 21:55:24 I/mirai-administrator: Group dkenn(724282871) timer run success with cleaner[0m[m
[92m2022-05-07 21:55:24 I/mirai-administrator: Group minsharking2(672588350) timer run success with curfew-timer[0m[m
[92m2022-05-07 21:55:24 I/mirai-administrator: Group ä¸€æ¬¡å……ç”µæ•°å‘¨ã€1(1004634397) timer run success with cleaner[0m[m
[92m2022-05-07 21:55:24 I/mirai-administrator: Group minsharking2(672588350) timer run success with cleaner[0m[m
[92m2022-05-07 21:55:24 I/mirai-administrator: Group dkenn(724282871) timer run success with curfew-timer[0m[m
[92m2022-05-07 21:55:24 I/mirai-administrator: Group ä¸€æ¬¡å……ç”µæ•°å‘¨ã€1(1004634397) timer run success with curfew-timer[0m[m
[92m2022-05-07 21:58:24 I/mirai-administrator: Group dkenn(724282871) timer run success with cleaner[0m[m
[92m2022-05-07 21:58:24 I/mirai-administrator: Group ä¸€æ¬¡å……ç”µæ•°å‘¨ã€1(1004634397) timer run success with cleaner[0m[m
[92m2022-05-07 21:58:24 I/mirai-administrator: Group minsharking2(672588350) timer run success with curfew-timer[0m[m
[92m2022-05-07 21:58:24 I/mirai-administrator: Group minsharking2(672588350) timer run success with cleaner[0m[m
[92m2022-05-07 21:58:24 I/mirai-administrator: Group dkenn(724282871) timer run success with curfew-timer[0m[m
[92m2022-05-07 21:58:24 I/mirai-administrator: Group ä¸€æ¬¡å……ç”µæ•°å‘¨ã€1(1004634397) timer run success with curfew-timer[0m[m
[92m2022-05-07 22:01:24 I/mirai-administrator: Group dkenn(724282871) timer run success with cleaner[0m[m
[92m2022-05-07 22:01:24 I/mirai-administrator: Group ä¸€æ¬¡å……ç”µæ•°å‘¨ã€1(1004634397) timer run success with cleaner[0m[m
[92m2022-05-07 22:01:24 I/mirai-administrator: Group minsharking2(672588350) timer run success with curfew-timer[0m[m
[92m2022-05-07 22:01:24 I/mirai-administrator: Group dkenn(724282871) timer run success with curfew-timer[0m[m
[92m2022-05-07 22:01:24 I/mirai-administrator: Group minsharking2(672588350) timer run success with cleaner[0m[m
[92m2022-05-07 22:01:24 I/mirai-administrator: Group ä¸€æ¬¡å……ç”µæ•°å‘¨ã€1(1004634397) timer run success with curfew-timer[0m[m
[92m2022-05-07 22:04:24 I/mirai-administrator: Group dkenn(724282871) timer run success with cleaner[0m[m
[92m2022-05-07 22:04:24 I/mirai-administrator: Group ä¸€æ¬¡å……ç”µæ•°å‘¨ã€1(1004634397) timer run success with cleaner[0m[m
[92m2022-05-07 22:04:24 I/mirai-administrator: Group minsharking2(672588350) timer run success with curfew-timer[0m[m
[92m2022-05-07 22:04:24 I/mirai-administrator: Group minsharking2(672588350) timer run success with cleaner[0m[m
[92m2022-05-07 22:04:24 I/mirai-administrator: Group dkenn(724282871) timer run success with curfew-timer[0m[m
[92m2022-05-07 22:04:24 I/mirai-administrator: Group ä¸€æ¬¡å……ç”µæ•°å‘¨ã€1(1004634397) timer run success with curfew-timer[0m[m
[92m2022-05-07 22:07:24 I/mirai-administrator: Group dkenn(724282871) timer run success with cleaner[0m[m
[92m2022-05-07 22:07:24 I/mirai-administrator: Group ä¸€æ¬¡å……ç”µæ•°å‘¨ã€1(1004634397) timer run success with cleaner[0m[m
[92m2022-05-07 22:07:24 I/mirai-administrator: Group minsharking2(672588350) timer run success with curfew-timer[0m[m
[92m2022-05-07 22:07:24 I/mirai-administrator: Group minsharking2(672588350) timer run success with cleaner[0m[m
[92m2022-05-07 22:07:24 I/mirai-administrator: Group dkenn(724282871) timer run success with curfew-timer[0m[m
[92m2022-05-07 22:07:24 I/mirai-administrator: Group ä¸€æ¬¡å……ç”µæ•°å‘¨ã€1(1004634397) timer run success with curfew-timer[0m[m
[92m2022-05-07 22:10:24 I/mirai-administrator: Group dkenn(724282871) timer run success with cleaner[0m[m
[92m2022-05-07 22:10:24 I/mirai-administrator: Group ä¸€æ¬¡å……ç”µæ•°å‘¨ã€1(1004634397) timer run success with cleaner[0m[m
[92m2022-05-07 22:10:24 I/mirai-administrator: Group minsharking2(672588350) timer run success with curfew-timer[0m[m
[92m2022-05-07 22:10:24 I/mirai-administrator: Group minsharking2(672588350) timer run success with cleaner[0m[m
[92m2022-05-07 22:10:24 I/mirai-administrator: Group dkenn(724282871) timer run success with curfew-timer[0m[m
[92m2022-05-07 22:10:24 I/mirai-administrator: Group ä¸€æ¬¡å……ç”µæ•°å‘¨ã€1(1004634397) timer run success with curfew-timer[0m[m
[92m2022-05-07 22:13:24 I/mirai-administrator: Group ä¸€æ¬¡å……ç”µæ•°å‘¨ã€1(1004634397) timer run success with cleaner[0m[m
[92m2022-05-07 22:13:24 I/mirai-administrator: Group dkenn(724282871) timer run success with cleaner[0m[m
[92m2022-05-07 22:13:24 I/mirai-administrator: Group minsharking2(672588350) timer run success with curfew-timer[0m[m
[92m2022-05-07 22:13:24 I/mirai-administrator: Group minsharking2(672588350) timer run success with cleaner[0m[m
[92m2022-05-07 22:13:24 I/mirai-administrator: Group dkenn(724282871) timer run success with curfew-timer[0m[m
[92m2022-05-07 22:13:24 I/mirai-administrator: Group ä¸€æ¬¡å……ç”µæ•°å‘¨ã€1(1004634397) timer run success with curfew-timer[0m[m
[92m2022-05-07 22:16:24 I/mirai-administrator: Group dkenn(724282871) timer run success with cleaner[0m[m
[92m2022-05-07 22:16:24 I/mirai-administrator: Group ä¸€æ¬¡å……ç”µæ•°å‘¨ã€1(1004634397) timer run success with cleaner[0m[m
[92m2022-05-07 22:16:24 I/mirai-administrator: Group minsharking2(672588350) timer run success with curfew-timer[0m[m
[92m2022-05-07 22:16:24 I/mirai-administrator: Group minsharking2(672588350) timer run success with cleaner[0m[m
[92m2022-05-07 22:16:24 I/mirai-administrator: Group dkenn(724282871) timer run success with curfew-timer[0m[m
[92m2022-05-07 22:16:24 I/mirai-administrator: Group ä¸€æ¬¡å……ç”µæ•°å‘¨ã€1(1004634397) timer run success with curfew-timer[0m[m
[92m2022-05-07 22:19:24 I/mirai-administrator: Group ä¸€æ¬¡å……ç”µæ•°å‘¨ã€1(1004634397) timer run success with cleaner[0m[m
[92m2022-05-07 22:19:24 I/mirai-administrator: Group dkenn(724282871) timer run success with cleaner[0m[m
[92m2022-05-07 22:19:24 I/mirai-administrator: Group dkenn(724282871) timer run success with curfew-timer[0m[m
[92m2022-05-07 22:19:24 I/mirai-administrator: Group minsharking2(672588350) timer run success with curfew-timer[0m[m
[92m2022-05-07 22:19:24 I/mirai-administrator: Group ä¸€æ¬¡å……ç”µæ•°å‘¨ã€1(1004634397) timer run success with curfew-timer[0m[m
[92m2022-05-07 22:19:24 I/mirai-administrator: Group minsharking2(672588350) timer run success with cleaner[0m[m
[0m2022-05-07 22:21:12 V/Bot.202898447: Event: NewFriendRequestEvent(bot=Bot(202898447), eventId=1651933272000000, message=æˆ‘æ˜¯, fromId=2571220522, fromGroupId=0, fromNick=é‡äº‹ä¸å†³ï¼Œé‡å­åŠ›å­¦)[0m[m
[0m2022-05-07 22:21:12 V/Bot.202898447: Friend(2598810411) <- @é‡äº‹ä¸å†³ï¼Œé‡å­åŠ›å­¦#2571220522 with <1651933272000000>\nç”³è¯·æ·»åŠ å¥½å‹\nfrom null\næˆ‘æ˜¯\nå·²è‡ªåŠ¨åŒæ„\n[0m[m
[0m2022-05-07 22:21:12 V/Bot.202898447: Event: FriendAddEvent(friend=Friend(2571220522))[0m[m
[92m2022-05-07 22:22:24 I/mirai-administrator: Group ä¸€æ¬¡å……ç”µæ•°å‘¨ã€1(1004634397) timer run success with cleaner[0m[m
[92m2022-05-07 22:22:24 I/mirai-administrator: Group dkenn(724282871) timer run success with cleaner[0m[m
[92m2022-05-07 22:22:24 I/mirai-administrator: Group minsharking2(672588350) timer run success with curfew-timer[0m[m
[92m2022-05-07 22:22:24 I/mirai-administrator: Group minsharking2(672588350) timer run success with cleaner[0m[m
[92m2022-05-07 22:22:24 I/mirai-administrator: Group dkenn(724282871) timer run success with curfew-timer[0m[m
[92m2022-05-07 22:22:24 I/mirai-administrator: Group ä¸€æ¬¡å……ç”µæ•°å‘¨ã€1(1004634397) timer run success with curfew-timer[0m[m
[92m2022-05-07 22:25:24 I/mirai-administrator: Group ä¸€æ¬¡å……ç”µæ•°å‘¨ã€1(1004634397) timer run success with cleaner[0m[m
[92m2022-05-07 22:25:24 I/mirai-administrator: Group dkenn(724282871) timer run success with cleaner[0m[m
[92m2022-05-07 22:25:24 I/mirai-administrator: Group minsharking2(672588350) timer run success with cleaner[0m[m
[92m2022-05-07 22:25:24 I/mirai-administrator: Group dkenn(724282871) timer run success with curfew-timer[0m[m
[92m2022-05-07 22:25:24 I/mirai-administrator: Group ä¸€æ¬¡å……ç”µæ•°å‘¨ã€1(1004634397) timer run success with curfew-timer[0m[m
[92m2022-05-07 22:25:24 I/mirai-administrator: Group minsharking2(672588350) timer run success with curfew-timer[0m[m
[0m2022-05-07 22:26:51 V/Bot.202898447: Event: NewFriendRequestEvent(bot=Bot(202898447), eventId=1651933611000000, message=, fromId=916735398, fromGroupId=0, fromNick=little  and little)[0m[m
[0m2022-05-07 22:26:51 V/Bot.202898447: Friend(2598810411) <- @little  and little#916735398 with <1651933611000000>\nç”³è¯·æ·»åŠ å¥½å‹\nfrom null\n\nå·²è‡ªåŠ¨åŒæ„\n[0m[m
[0m2022-05-07 22:26:51 V/Bot.202898447: Event: FriendAddEvent(friend=Friend(916735398))[0m[m
[0m2022-05-07 22:27:45 V/Bot.202898447: little  and little(916735398) -> welearn[0m[m
[0m2022-05-07 22:27:45 V/Bot.202898447: Friend(916735398) <- ä½ å¥½æ¬¢è¿ä½¿ç”¨welearnåˆ·è¯¾å·¥å…·\nè¯·è¾“å…¥è´¦å·[0m[m
[92m2022-05-07 22:28:24 I/mirai-administrator: Group ä¸€æ¬¡å……ç”µæ•°å‘¨ã€1(1004634397) timer run success with cleaner[0m[m
[92m2022-05-07 22:28:24 I/mirai-administrator: Group dkenn(724282871) timer run success with cleaner[0m[m
[92m2022-05-07 22:28:24 I/mirai-administrator: Group minsharking2(672588350) timer run success with cleaner[0m[m
[92m2022-05-07 22:28:24 I/mirai-administrator: Group minsharking2(672588350) timer run success with curfew-timer[0m[m
[92m2022-05-07 22:28:24 I/mirai-administrator: Group dkenn(724282871) timer run success with curfew-timer[0m[m
[92m2022-05-07 22:28:24 I/mirai-administrator: Group ä¸€æ¬¡å……ç”µæ•°å‘¨ã€1(1004634397) timer run success with curfew-timer[0m[m
[0m2022-05-07 22:28:45 V/Bot.202898447: Friend(916735398) <- å·²è¶…æ—¶å–æ¶ˆ[0m[m
[92m2022-05-07 22:31:24 I/mirai-administrator: Group dkenn(724282871) timer run success with cleaner[0m[m
[92m2022-05-07 22:31:24 I/mirai-administrator: Group ä¸€æ¬¡å……ç”µæ•°å‘¨ã€1(1004634397) timer run success with cleaner[0m[m
[92m2022-05-07 22:31:24 I/mirai-administrator: Group minsharking2(672588350) timer run success with cleaner[0m[m
[92m2022-05-07 22:31:24 I/mirai-administrator: Group minsharking2(672588350) timer run success with curfew-timer[0m[m
[92m2022-05-07 22:31:24 I/mirai-administrator: Group dkenn(724282871) timer run success with curfew-timer[0m[m
[92m2022-05-07 22:31:24 I/mirai-administrator: Group ä¸€æ¬¡å……ç”µæ•°å‘¨ã€1(1004634397) timer run success with curfew-timer[0m[m
[92m2022-05-07 22:34:24 I/mirai-administrator: Group dkenn(724282871) timer run success with cleaner[0m[m
[92m2022-05-07 22:34:24 I/mirai-administrator: Group ä¸€æ¬¡å……ç”µæ•°å‘¨ã€1(1004634397) timer run success with cleaner[0m[m
[92m2022-05-07 22:34:24 I/mirai-administrator: Group minsharking2(672588350) timer run success with curfew-timer[0m[m
[92m2022-05-07 22:34:24 I/mirai-administrator: Group minsharking2(672588350) timer run success with cleaner[0m[m
[92m2022-05-07 22:34:24 I/mirai-administrator: Group dkenn(724282871) timer run success with curfew-timer[0m[m
[92m2022-05-07 22:34:24 I/mirai-administrator: Group ä¸€æ¬¡å……ç”µæ•°å‘¨ã€1(1004634397) timer run success with curfew-timer[0m[m
[92m2022-05-07 22:37:24 I/mirai-administrator: Group ä¸€æ¬¡å……ç”µæ•°å‘¨ã€1(1004634397) timer run success with cleaner[0m[m
[92m2022-05-07 22:37:24 I/mirai-administrator: Group dkenn(724282871) timer run success with cleaner[0m[m
[92m2022-05-07 22:37:24 I/mirai-administrator: Group minsharking2(672588350) timer run success with cleaner[0m[m
[92m2022-05-07 22:37:24 I/mirai-administrator: Group minsharking2(672588350) timer run success with curfew-timer[0m[m
[92m2022-05-07 22:37:24 I/mirai-administrator: Group dkenn(724282871) timer run success with curfew-timer[0m[m
[92m2022-05-07 22:37:24 I/mirai-administrator: Group ä¸€æ¬¡å……ç”µæ•°å‘¨ã€1(1004634397) timer run success with curfew-timer[0m[m
[92m2022-05-07 22:40:24 I/mirai-administrator: Group dkenn(724282871) timer run success with cleaner[0m[m
[92m2022-05-07 22:40:24 I/mirai-administrator: Group ä¸€æ¬¡å……ç”µæ•°å‘¨ã€1(1004634397) timer run success with cleaner[0m[m
[92m2022-05-07 22:40:24 I/mirai-administrator: Group minsharking2(672588350) timer run success with cleaner[0m[m
[92m2022-05-07 22:40:24 I/mirai-administrator: Group minsharking2(672588350) timer run success with curfew-timer[0m[m
[92m2022-05-07 22:40:24 I/mirai-administrator: Group dkenn(724282871) timer run success with curfew-timer[0m[m
[92m2022-05-07 22:40:24 I/mirai-administrator: Group ä¸€æ¬¡å……ç”µæ•°å‘¨ã€1(1004634397) timer run success with curfew-timer[0m[m
[92m2022-05-07 22:43:24 I/mirai-administrator: Group dkenn(724282871) timer run success with cleaner[0m[m
[92m2022-05-07 22:43:24 I/mirai-administrator: Group ä¸€æ¬¡å……ç”µæ•°å‘¨ã€1(1004634397) timer run success with cleaner[0m[m
[92m2022-05-07 22:43:24 I/mirai-administrator: Group minsharking2(672588350) timer run success with curfew-timer[0m[m
[92m2022-05-07 22:43:24 I/mirai-administrator: Group minsharking2(672588350) timer run success with cleaner[0m[m
[92m2022-05-07 22:43:24 I/mirai-administrator: Group dkenn(724282871) timer run success with curfew-timer[0m[m
[92m2022-05-07 22:43:24 I/mirai-administrator: Group ä¸€æ¬¡å……ç”µæ•°å‘¨ã€1(1004634397) timer run success with curfew-timer[0m[m
[92m2022-05-07 22:46:24 I/mirai-administrator: Group ä¸€æ¬¡å……ç”µæ•°å‘¨ã€1(1004634397) timer run success with cleaner[0m[m
[92m2022-05-07 22:46:24 I/mirai-administrator: Group dkenn(724282871) timer run success with cleaner[0m[m
[92m2022-05-07 22:46:24 I/mirai-administrator: Group minsharking2(672588350) timer run success with cleaner[0m[m
[92m2022-05-07 22:46:24 I/mirai-administrator: Group minsharking2(672588350) timer run success with curfew-timer[0m[m
[92m2022-05-07 22:46:24 I/mirai-administrator: Group dkenn(724282871) timer run success with curfew-timer[0m[m
[92m2022-05-07 22:46:24 I/mirai-administrator: Group ä¸€æ¬¡å……ç”µæ•°å‘¨ã€1(1004634397) timer run success with curfew-timer[0m[m
[92m2022-05-07 22:49:24 I/mirai-administrator: Group ä¸€æ¬¡å……ç”µæ•°å‘¨ã€1(1004634397) timer run success with cleaner[0m[m
[92m2022-05-07 22:49:24 I/mirai-administrator: Group dkenn(724282871) timer run success with cleaner[0m[m
[92m2022-05-07 22:49:24 I/mirai-administrator: Group minsharking2(672588350) timer run success with cleaner[0m[m
[92m2022-05-07 22:49:24 I/mirai-administrator: Group minsharking2(672588350) timer run success with curfew-timer[0m[m
[92m2022-05-07 22:49:24 I/mirai-administrator: Group dkenn(724282871) timer run success with curfew-timer[0m[m
[92m2022-05-07 22:49:24 I/mirai-administrator: Group ä¸€æ¬¡å……ç”µæ•°å‘¨ã€1(1004634397) timer run success with curfew-timer[0m[m
[92m2022-05-07 22:52:24 I/mirai-administrator: Group ä¸€æ¬¡å……ç”µæ•°å‘¨ã€1(1004634397) timer run success with cleaner[0m[m
[92m2022-05-07 22:52:24 I/mirai-administrator: Group dkenn(724282871) timer run success with cleaner[0m[m
[92m2022-05-07 22:52:24 I/mirai-administrator: Group minsharking2(672588350) timer run success with curfew-timer[0m[m
[92m2022-05-07 22:52:24 I/mirai-administrator: Group minsharking2(672588350) timer run success with cleaner[0m[m
[92m2022-05-07 22:52:24 I/mirai-administrator: Group dkenn(724282871) timer run success with curfew-timer[0m[m
[92m2022-05-07 22:52:24 I/mirai-administrator: Group ä¸€æ¬¡å……ç”µæ•°å‘¨ã€1(1004634397) timer run success with curfew-timer[0m[m
[92m2022-05-07 22:55:24 I/mirai-administrator: Group ä¸€æ¬¡å……ç”µæ•°å‘¨ã€1(1004634397) timer run success with cleaner[0m[m
[92m2022-05-07 22:55:24 I/mirai-administrator: Group dkenn(724282871) timer run success with cleaner[0m[m
[92m2022-05-07 22:55:24 I/mirai-administrator: Group minsharking2(672588350) timer run success with curfew-timer[0m[m
[92m2022-05-07 22:55:24 I/mirai-administrator: Group minsharking2(672588350) timer run success with cleaner[0m[m
[92m2022-05-07 22:55:24 I/mirai-administrator: Group dkenn(724282871) timer run success with curfew-timer[0m[m
[92m2022-05-07 22:55:24 I/mirai-administrator: Group ä¸€æ¬¡å……ç”µæ•°å‘¨ã€1(1004634397) timer run success with curfew-timer[0m[m
[92m2022-05-07 22:58:24 I/mirai-administrator: Group ä¸€æ¬¡å……ç”µæ•°å‘¨ã€1(1004634397) timer run success with cleaner[0m[m
[92m2022-05-07 22:58:24 I/mirai-administrator: Group dkenn(724282871) timer run success with cleaner[0m[m
[92m2022-05-07 22:58:24 I/mirai-administrator: Group minsharking2(672588350) timer run success with curfew-timer[0m[m
[92m2022-05-07 22:58:24 I/mirai-administrator: Group minsharking2(672588350) timer run success with cleaner[0m[m
[92m2022-05-07 22:58:24 I/mirai-administrator: Group dkenn(724282871) timer run success with curfew-timer[0m[m
[92m2022-05-07 22:58:24 I/mirai-administrator: Group ä¸€æ¬¡å……ç”µæ•°å‘¨ã€1(1004634397) timer run success with curfew-timer[0m[m
[92m2022-05-07 23:01:24 I/mirai-administrator: Group ä¸€æ¬¡å……ç”µæ•°å‘¨ã€1(1004634397) timer run success with cleaner[0m[m
[92m2022-05-07 23:01:24 I/mirai-administrator: Group dkenn(724282871) timer run success with cleaner[0m[m
[92m2022-05-07 23:01:24 I/mirai-administrator: Group minsharking2(672588350) timer run success with cleaner[0m[m
[92m2022-05-07 23:01:24 I/mirai-administrator: Group minsharking2(672588350) timer run success with curfew-timer[0m[m
[92m2022-05-07 23:01:24 I/mirai-administrator: Group dkenn(724282871) timer run success with curfew-timer[0m[m
[92m2022-05-07 23:01:24 I/mirai-administrator: Group ä¸€æ¬¡å……ç”µæ•°å‘¨ã€1(1004634397) timer run success with curfew-timer[0m[m
[92m2022-05-07 23:04:24 I/mirai-administrator: Group dkenn(724282871) timer run success with cleaner[0m[m
[92m2022-05-07 23:04:24 I/mirai-administrator: Group ä¸€æ¬¡å……ç”µæ•°å‘¨ã€1(1004634397) timer run success with cleaner[0m[m
[92m2022-05-07 23:04:24 I/mirai-administrator: Group minsharking2(672588350) timer run success with cleaner[0m[m
[92m2022-05-07 23:04:24 I/mirai-administrator: Group minsharking2(672588350) timer run success with curfew-timer[0m[m
[92m2022-05-07 23:04:24 I/mirai-administrator: Group dkenn(724282871) timer run success with curfew-timer[0m[m
[92m2022-05-07 23:04:24 I/mirai-administrator: Group ä¸€æ¬¡å……ç”µæ•°å‘¨ã€1(1004634397) timer run success with curfew-timer[0m[m
[92m2022-05-07 23:07:24 I/mirai-administrator: Group ä¸€æ¬¡å……ç”µæ•°å‘¨ã€1(1004634397) timer run success with cleaner[0m[m
[92m2022-05-07 23:07:24 I/mirai-administrator: Group dkenn(724282871) timer run success with cleaner[0m[m
[92m2022-05-07 23:07:24 I/mirai-administrator: Group minsharking2(672588350) timer run success with cleaner[0m[m
[92m2022-05-07 23:07:24 I/mirai-administrator: Group minsharking2(672588350) timer run success with curfew-timer[0m[m
[92m2022-05-07 23:07:24 I/mirai-administrator: Group dkenn(724282871) timer run success with curfew-timer[0m[m
[92m2022-05-07 23:07:24 I/mirai-administrator: Group ä¸€æ¬¡å……ç”µæ•°å‘¨ã€1(1004634397) timer run success with curfew-timer[0m[m
[92m2022-05-07 23:10:24 I/mirai-administrator: Group ä¸€æ¬¡å……ç”µæ•°å‘¨ã€1(1004634397) timer run success with cleaner[0m[m
[92m2022-05-07 23:10:24 I/mirai-administrator: Group dkenn(724282871) timer run success with cleaner[0m[m
[92m2022-05-07 23:10:24 I/mirai-administrator: Group minsharking2(672588350) timer run success with cleaner[0m[m
[92m2022-05-07 23:10:24 I/mirai-administrator: Group minsharking2(672588350) timer run success with curfew-timer[0m[m
[92m2022-05-07 23:10:24 I/mirai-administrator: Group dkenn(724282871) timer run success with curfew-timer[0m[m
[92m2022-05-07 23:10:24 I/mirai-administrator: Group ä¸€æ¬¡å……ç”µæ•°å‘¨ã€1(1004634397) timer run success with curfew-timer[0m[m
[92m2022-05-07 23:13:24 I/mirai-administrator: Group ä¸€æ¬¡å……ç”µæ•°å‘¨ã€1(1004634397) timer run success with cleaner[0m[m
[92m2022-05-07 23:13:24 I/mirai-administrator: Group dkenn(724282871) timer run success with cleaner[0m[m
[92m2022-05-07 23:13:24 I/mirai-administrator: Group minsharking2(672588350) timer run success with cleaner[0m[m
[92m2022-05-07 23:13:24 I/mirai-administrator: Group minsharking2(672588350) timer run success with curfew-timer[0m[m
[92m2022-05-07 23:13:24 I/mirai-administrator: Group dkenn(724282871) timer run success with curfew-timer[0m[m
[92m2022-05-07 23:13:24 I/mirai-administrator: Group ä¸€æ¬¡å……ç”µæ•°å‘¨ã€1(1004634397) timer run success with curfew-timer[0m[m
[92m2022-05-07 23:16:24 I/mirai-administrator: Group ä¸€æ¬¡å……ç”µæ•°å‘¨ã€1(1004634397) timer run success with cleaner[0m[m
[92m2022-05-07 23:16:24 I/mirai-administrator: Group dkenn(724282871) timer run success with cleaner[0m[m
[92m2022-05-07 23:16:24 I/mirai-administrator: Group minsharking2(672588350) timer run success with curfew-timer[0m[m
[92m2022-05-07 23:16:24 I/mirai-administrator: Group minsharking2(672588350) timer run success with cleaner[0m[m
[92m2022-05-07 23:16:24 I/mirai-administrator: Group dkenn(724282871) timer run success with curfew-timer[0m[m
[92m2022-05-07 23:16:24 I/mirai-administrator: Group ä¸€æ¬¡å……ç”µæ•°å‘¨ã€1(1004634397) timer run success with curfew-timer[0m[m
[92m2022-05-07 23:19:24 I/mirai-administrator: Group ä¸€æ¬¡å……ç”µæ•°å‘¨ã€1(1004634397) timer run success with cleaner[0m[m
[92m2022-05-07 23:19:24 I/mirai-administrator: Group dkenn(724282871) timer run success with cleaner[0m[m
[92m2022-05-07 23:19:24 I/mirai-administrator: Group minsharking2(672588350) timer run success with curfew-timer[0m[m
[92m2022-05-07 23:19:24 I/mirai-administrator: Group minsharking2(672588350) timer run success with cleaner[0m[m
[92m2022-05-07 23:19:24 I/mirai-administrator: Group dkenn(724282871) timer run success with curfew-timer[0m[m
[92m2022-05-07 23:19:24 I/mirai-administrator: Group ä¸€æ¬¡å……ç”µæ•°å‘¨ã€1(1004634397) timer run success with curfew-timer[0m[m
[92m2022-05-07 23:22:24 I/mirai-administrator: Group ä¸€æ¬¡å……ç”µæ•°å‘¨ã€1(1004634397) timer run success with cleaner[0m[m
[92m2022-05-07 23:22:24 I/mirai-administrator: Group dkenn(724282871) timer run success with cleaner[0m[m
[92m2022-05-07 23:22:24 I/mirai-administrator: Group minsharking2(672588350) timer run success with cleaner[0m[m
[92m2022-05-07 23:22:24 I/mirai-administrator: Group minsharking2(672588350) timer run success with curfew-timer[0m[m
[92m2022-05-07 23:22:24 I/mirai-administrator: Group dkenn(724282871) timer run success with curfew-timer[0m[m
[92m2022-05-07 23:22:24 I/mirai-administrator: Group ä¸€æ¬¡å……ç”µæ•°å‘¨ã€1(1004634397) timer run success with curfew-timer[0m[m
[92m2022-05-07 23:25:24 I/mirai-administrator: Group ä¸€æ¬¡å……ç”µæ•°å‘¨ã€1(1004634397) timer run success with cleaner[0m[m
[92m2022-05-07 23:25:24 I/mirai-administrator: Group dkenn(724282871) timer run success with cleaner[0m[m
[92m2022-05-07 23:25:24 I/mirai-administrator: Group minsharking2(672588350) timer run success with cleaner[0m[m
[92m2022-05-07 23:25:24 I/mirai-administrator: Group minsharking2(672588350) timer run success with curfew-timer[0m[m
[92m2022-05-07 23:25:24 I/mirai-administrator: Group dkenn(724282871) timer run success with curfew-timer[0m[m
[92m2022-05-07 23:25:24 I/mirai-administrator: Group ä¸€æ¬¡å……ç”µæ•°å‘¨ã€1(1004634397) timer run success with curfew-timer[0m[m
[92m2022-05-07 23:28:24 I/mirai-administrator: Group ä¸€æ¬¡å……ç”µæ•°å‘¨ã€1(1004634397) timer run success with cleaner[0m[m
[92m2022-05-07 23:28:24 I/mirai-administrator: Group dkenn(724282871) timer run success with cleaner[0m[m
[92m2022-05-07 23:28:24 I/mirai-administrator: Group minsharking2(672588350) timer run success with cleaner[0m[m
[92m2022-05-07 23:28:24 I/mirai-administrator: Group minsharking2(672588350) timer run success with curfew-timer[0m[m
[92m2022-05-07 23:28:24 I/mirai-administrator: Group dkenn(724282871) timer run success with curfew-timer[0m[m
[92m2022-05-07 23:28:24 I/mirai-administrator: Group ä¸€æ¬¡å……ç”µæ•°å‘¨ã€1(1004634397) timer run success with curfew-timer[0m[m
[92m2022-05-07 23:31:24 I/mirai-administrator: Group ä¸€æ¬¡å……ç”µæ•°å‘¨ã€1(1004634397) timer run success with cleaner[0m[m
[92m2022-05-07 23:31:24 I/mirai-administrator: Group dkenn(724282871) timer run success with cleaner[0m[m
[92m2022-05-07 23:31:24 I/mirai-administrator: Group minsharking2(672588350) timer run success with curfew-timer[0m[m
[92m2022-05-07 23:31:24 I/mirai-administrator: Group minsharking2(672588350) timer run success with cleaner[0m[m
[92m2022-05-07 23:31:24 I/mirai-administrator: Group dkenn(724282871) timer run success with curfew-timer[0m[m
[92m2022-05-07 23:31:24 I/mirai-administrator: Group ä¸€æ¬¡å……ç”µæ•°å‘¨ã€1(1004634397) timer run success with curfew-timer[0m[m
[92m2022-05-07 23:34:24 I/mirai-administrator: Group dkenn(724282871) timer run success with cleaner[0m[m
[92m2022-05-07 23:34:24 I/mirai-administrator: Group ä¸€æ¬¡å……ç”µæ•°å‘¨ã€1(1004634397) timer run success with cleaner[0m[m
[92m2022-05-07 23:34:24 I/mirai-administrator: Group minsharking2(672588350) timer run success with curfew-timer[0m[m
[92m2022-05-07 23:34:24 I/mirai-administrator: Group minsharking2(672588350) timer run success with cleaner[0m[m
[92m2022-05-07 23:34:24 I/mirai-administrator: Group dkenn(724282871) timer run success with curfew-timer[0m[m
[92m2022-05-07 23:34:24 I/mirai-administrator: Group ä¸€æ¬¡å……ç”µæ•°å‘¨ã€1(1004634397) timer run success with curfew-timer[0m[m
[92m2022-05-07 23:37:24 I/mirai-administrator: Group ä¸€æ¬¡å……ç”µæ•°å‘¨ã€1(1004634397) timer run success with cleaner[0m[m
[92m2022-05-07 23:37:24 I/mirai-administrator: Group dkenn(724282871) timer run success with cleaner[0m[m
[92m2022-05-07 23:37:24 I/mirai-administrator: Group minsharking2(672588350) timer run success with cleaner[0m[m
[92m2022-05-07 23:37:24 I/mirai-administrator: Group minsharking2(672588350) timer run success with curfew-timer[0m[m
[92m2022-05-07 23:37:24 I/mirai-administrator: Group dkenn(724282871) timer run success with curfew-timer[0m[m
[92m2022-05-07 23:37:24 I/mirai-administrator: Group ä¸€æ¬¡å……ç”µæ•°å‘¨ã€1(1004634397) timer run success with curfew-timer[0m[m
[92m2022-05-07 23:40:24 I/mirai-administrator: Group ä¸€æ¬¡å……ç”µæ•°å‘¨ã€1(1004634397) timer run success with cleaner[0m[m
[92m2022-05-07 23:40:24 I/mirai-administrator: Group dkenn(724282871) timer run success with cleaner[0m[m
[92m2022-05-07 23:40:24 I/mirai-administrator: Group minsharking2(672588350) timer run success with cleaner[0m[m
[92m2022-05-07 23:40:24 I/mirai-administrator: Group minsharking2(672588350) timer run success with curfew-timer[0m[m
[92m2022-05-07 23:40:24 I/mirai-administrator: Group dkenn(724282871) timer run success with curfew-timer[0m[m
[92m2022-05-07 23:40:24 I/mirai-administrator: Group ä¸€æ¬¡å……ç”µæ•°å‘¨ã€1(1004634397) timer run success with curfew-timer[0m[m
[92m2022-05-07 23:43:24 I/mirai-administrator: Group ä¸€æ¬¡å……ç”µæ•°å‘¨ã€1(1004634397) timer run success with cleaner[0m[m
[92m2022-05-07 23:43:24 I/mirai-administrator: Group dkenn(724282871) timer run success with cleaner[0m[m
[92m2022-05-07 23:43:24 I/mirai-administrator: Group minsharking2(672588350) timer run success with cleaner[0m[m
[92m2022-05-07 23:43:24 I/mirai-administrator: Group minsharking2(672588350) timer run success with curfew-timer[0m[m
[92m2022-05-07 23:43:24 I/mirai-administrator: Group dkenn(724282871) timer run success with curfew-timer[0m[m
[92m2022-05-07 23:43:24 I/mirai-administrator: Group ä¸€æ¬¡å……ç”µæ•°å‘¨ã€1(1004634397) timer run success with curfew-timer[0m[m
[92m2022-05-07 23:46:24 I/mirai-administrator: Group ä¸€æ¬¡å……ç”µæ•°å‘¨ã€1(1004634397) timer run success with cleaner[0m[m
[92m2022-05-07 23:46:24 I/mirai-administrator: Group dkenn(724282871) timer run success with cleaner[0m[m
[92m2022-05-07 23:46:24 I/mirai-administrator: Group minsharking2(672588350) timer run success with curfew-timer[0m[m
[92m2022-05-07 23:46:24 I/mirai-administrator: Group minsharking2(672588350) timer run success with cleaner[0m[m
[92m2022-05-07 23:46:24 I/mirai-administrator: Group dkenn(724282871) timer run success with curfew-timer[0m[m
[92m2022-05-07 23:46:24 I/mirai-administrator: Group ä¸€æ¬¡å……ç”µæ•°å‘¨ã€1(1004634397) timer run success with curfew-timer[0m[m
[92m2022-05-07 23:49:24 I/mirai-administrator: Group ä¸€æ¬¡å……ç”µæ•°å‘¨ã€1(1004634397) timer run success with cleaner[0m[m
[92m2022-05-07 23:49:24 I/mirai-administrator: Group dkenn(724282871) timer run success with cleaner[0m[m
[92m2022-05-07 23:49:24 I/mirai-administrator: Group minsharking2(672588350) timer run success with curfew-timer[0m[m
[92m2022-05-07 23:49:24 I/mirai-administrator: Group minsharking2(672588350) timer run success with cleaner[0m[m
[92m2022-05-07 23:49:24 I/mirai-administrator: Group dkenn(724282871) timer run success with curfew-timer[0m[m
[92m2022-05-07 23:49:24 I/mirai-administrator: Group ä¸€æ¬¡å……ç”µæ•°å‘¨ã€1(1004634397) timer run success with curfew-timer[0m[m
[92m2022-05-07 23:52:24 I/mirai-administrator: Group ä¸€æ¬¡å……ç”µæ•°å‘¨ã€1(1004634397) timer run success with cleaner[0m[m
[92m2022-05-07 23:52:24 I/mirai-administrator: Group dkenn(724282871) timer run success with cleaner[0m[m
[92m2022-05-07 23:52:24 I/mirai-administrator: Group minsharking2(672588350) timer run success with cleaner[0m[m
[92m2022-05-07 23:52:24 I/mirai-administrator: Group minsharking2(672588350) timer run success with curfew-timer[0m[m
[92m2022-05-07 23:52:24 I/mirai-administrator: Group dkenn(724282871) timer run success with curfew-timer[0m[m
[92m2022-05-07 23:52:24 I/mirai-administrator: Group ä¸€æ¬¡å……ç”µæ•°å‘¨ã€1(1004634397) timer run success with curfew-timer[0m[m
[92m2022-05-07 23:55:24 I/mirai-administrator: Group ä¸€æ¬¡å……ç”µæ•°å‘¨ã€1(1004634397) timer run success with cleaner[0m[m
[92m2022-05-07 23:55:24 I/mirai-administrator: Group dkenn(724282871) timer run success with cleaner[0m[m
[92m2022-05-07 23:55:24 I/mirai-administrator: Group minsharking2(672588350) timer run success with curfew-timer[0m[m
[92m2022-05-07 23:55:24 I/mirai-administrator: Group minsharking2(672588350) timer run success with cleaner[0m[m
[92m2022-05-07 23:55:24 I/mirai-administrator: Group dkenn(724282871) timer run success with curfew-timer[0m[m
[92m2022-05-07 23:55:24 I/mirai-administrator: Group ä¸€æ¬¡å……ç”µæ•°å‘¨ã€1(1004634397) timer run success with curfew-timer[0m[m
[92m2022-05-07 23:58:24 I/mirai-administrator: Group dkenn(724282871) timer run success with cleaner[0m[m
[92m2022-05-07 23:58:24 I/mirai-administrator: Group ä¸€æ¬¡å……ç”µæ•°å‘¨ã€1(1004634397) timer run success with cleaner[0m[m
[92m2022-05-07 23:58:24 I/mirai-administrator: Group minsharking2(672588350) timer run success with cleaner[0m[m
[92m2022-05-07 23:58:24 I/mirai-administrator: Group minsharking2(672588350) timer run success with curfew-timer[0m[m
[92m2022-05-07 23:58:24 I/mirai-administrator: Group dkenn(724282871) timer run success with curfew-timer[0m[m
[92m2022-05-07 23:58:24 I/mirai-administrator: Group ä¸€æ¬¡å……ç”µæ•°å‘¨ã€1(1004634397) timer run success with curfew-timer[0m[m
