[92m2022-03-20 11:11:56 I/main: Starting mirai-console...[0m[m
[92m2022-03-20 11:11:56 I/main: Backend: version 2.11.0-M1, built on 2022-03-08 20:34:54.[0m[m
[92m2022-03-20 11:11:56 I/main: Frontend Terminal: version 2.11.0-M1, provided by Mamoe Technologies[0m[m
[92m2022-03-20 11:11:56 I/main: Welcome to visit https://mirai.mamoe.net/[0m[m
[91m2022-03-20 11:11:56 W/stderr: SLF4J: Failed to load class "org.slf4j.impl.StaticLoggerBinder".[0m[m
[91m2022-03-20 11:11:56 W/stderr: SLF4J: Defaulting to no-operation (NOP) logger implementation[0m[m
[91m2022-03-20 11:11:56 W/stderr: SLF4J: See http://www.slf4j.org/codes.html#StaticLoggerBinder for further details.[0m[m
[92m2022-03-20 11:11:56 I/LuckPerms: Downloading dependency: ADVENTURE, adventure-4.9.4.jar from ALIYUN_MIRROR[0m[m
[92m2022-03-20 11:11:56 I/LuckPerms: Downloading dependency: OKIO, okio-1.17.5.jar from ALIYUN_MIRROR[0m[m
[92m2022-03-20 11:11:56 I/LuckPerms: Downloading dependency: ADVENTURE_PLATFORM, adventure-platform-4.9.4.jar from ALIYUN_MIRROR[0m[m
[92m2022-03-20 11:11:56 I/LuckPerms: Downloading dependency: CAFFEINE, caffeine-2.9.0.jar from ALIYUN_MIRROR[0m[m
[92m2022-03-20 11:11:56 I/LuckPerms: Downloading dependency: BYTEBUDDY, bytebuddy-1.10.22.jar from ALIYUN_MIRROR[0m[m
[92m2022-03-20 11:11:56 I/LuckPerms: Downloading dependency: OKHTTP, okhttp-3.14.9.jar from ALIYUN_MIRROR[0m[m
[92m2022-03-20 11:11:56 I/LuckPerms: Downloading dependency: EVENT, event-3.0.0.jar from ALIYUN_MIRROR[0m[m
[92m2022-03-20 11:11:56 I/LuckPerms: Downloading dependency: ADVENTURE, adventure-4.9.4.jar from LUCK_MIRROR[0m[m
[92m2022-03-20 11:11:56 I/LuckPerms: Downloading dependency: ADVENTURE_PLATFORM, adventure-platform-4.9.4.jar from LUCK_MIRROR[0m[m
[92m2022-03-20 11:11:56 I/LuckPerms: Downloading dependency: EVENT, event-3.0.0.jar from LUCK_MIRROR[0m[m
[92m2022-03-20 11:11:56 I/LuckPerms: Downloading dependency: CAFFEINE, caffeine-2.9.0.jar from LUCK_MIRROR[0m[m
[92m2022-03-20 11:11:56 I/LuckPerms: Downloading dependency: OKHTTP, okhttp-3.14.9.jar from LUCK_MIRROR[0m[m
[92m2022-03-20 11:11:56 I/LuckPerms: Downloading dependency: BYTEBUDDY, bytebuddy-1.10.22.jar from LUCK_MIRROR[0m[m
[92m2022-03-20 11:11:56 I/LuckPerms: Downloading dependency: OKIO, okio-1.17.5.jar from LUCK_MIRROR[0m[m
[92m2022-03-20 11:11:58 I/LuckPerms: Downloading dependency: ASM, asm-9.1.jar from ALIYUN_MIRROR[0m[m
[92m2022-03-20 11:11:58 I/LuckPerms: Downloading dependency: JAR_RELOCATOR, jar-relocator-1.4.jar from ALIYUN_MIRROR[0m[m
[92m2022-03-20 11:11:58 I/LuckPerms: Downloading dependency: ASM_COMMONS, asm-commons-9.1.jar from ALIYUN_MIRROR[0m[m
[92m2022-03-20 11:11:58 I/LuckPerms: Downloading dependency: ASM_COMMONS, asm-commons-9.1.jar from LUCK_MIRROR[0m[m
[92m2022-03-20 11:11:58 I/LuckPerms: Downloading dependency: JAR_RELOCATOR, jar-relocator-1.4.jar from LUCK_MIRROR[0m[m
[92m2022-03-20 11:11:59 I/LuckPerms: Downloading dependency: ASM, asm-9.1.jar from LUCK_MIRROR[0m[m
[92m2022-03-20 11:12:02 I/LuckPerms: Loading configuration...[0m[m
[92m2022-03-20 11:12:03 I/LuckPerms: Downloading dependency: H2_DRIVER, h2-driver-1.4.199.jar from ALIYUN_MIRROR[0m[m
[92m2022-03-20 11:12:03 I/LuckPerms: Downloading dependency: H2_DRIVER, h2-driver-1.4.199.jar from LUCK_MIRROR[0m[m
[92m2022-03-20 11:12:04 I/LuckPerms: Loading storage provider... [H2][0m[m
[92m2022-03-20 11:12:04 I/LuckPerms: Loading internal permission managers...[0m[m
[92m2022-03-20 11:12:04 I/LuckPerms: Performing initial data load...[0m[m
[92m2022-03-20 11:12:04 I/LuckPerms: Registering internal users....[0m[m
[92m2022-03-20 11:12:04 I/LuckPerms: Successfully enabled. (took 2187ms)[0m[m
[92m2022-03-20 11:12:04 I/plugin: Successfully loaded plugin LuckPerms v2.10.0-dev-6+null[0m[m
[92m2022-03-20 11:12:04 I/plugin: Successfully loaded plugin MCL Addon v1.2.2[0m[m
[92m2022-03-20 11:12:04 I/plugin: Successfully loaded plugin Chat Command v0.5.0[0m[m
[92m2022-03-20 11:12:04 I/plugin: Successfully loaded plugin net.mamoe.mirai-api-http v2.4.0[0m[m
[92m2022-03-20 11:12:04 I/main: Loaded PermissionService from plugin LuckPerms[0m[m
[92m2022-03-20 11:12:05 I/main: Prepared built-in commands: autoLogin, help, login, logout, permission, status, stop[0m[m
[92m2022-03-20 11:12:05 I/MCL Addon: iTXTech MCL Version: 1.2.2-60c67fb[0m[m
[91m2022-03-20 11:12:05 W/net.mamoe.mirai-api-http: USING INITIAL KEY, please edit the key[0m[m
[92m2022-03-20 11:12:05 I/Mirai HTTP API: ********************************************************[0m[m
[92m2022-03-20 11:12:06 I/http adapter: >>> [http adapter] is listening at http://localhost:8080[0m[m
[92m2022-03-20 11:12:06 I/Mirai HTTP API: Http api server is running with verifyKey: INITKEYoXWFsOZX[0m[m
[92m2022-03-20 11:12:06 I/Mirai HTTP API: adaptors: [http][0m[m
[92m2022-03-20 11:12:06 I/Mirai HTTP API: ********************************************************[0m[m
[92m2022-03-20 11:12:06 I/main: 4 plugin(s) enabled.[0m[m
[92m2022-03-20 11:12:06 I/main: mirai-console started successfully.[0m[m
