[92m2022-03-20 12:58:39 I/main: Starting mirai-console...[0m[m
[92m2022-03-20 12:58:39 I/main: Backend: version 2.11.0-M1, built on 2022-03-08 20:34:54.[0m[m
[92m2022-03-20 12:58:39 I/main: Frontend Terminal: version 2.11.0-M1, provided by Mamoe Technologies[0m[m
[92m2022-03-20 12:58:39 I/main: Welcome to visit https://mirai.mamoe.net/[0m[m
[91m2022-03-20 12:58:39 W/stderr: SLF4J: Failed to load class "org.slf4j.impl.StaticLoggerBinder".[0m[m
[91m2022-03-20 12:58:39 W/stderr: SLF4J: Defaulting to no-operation (NOP) logger implementation[0m[m
[91m2022-03-20 12:58:39 W/stderr: SLF4J: See http://www.slf4j.org/codes.html#StaticLoggerBinder for further details.[0m[m
[92m2022-03-20 12:58:40 I/LuckPerms: Loading configuration...[0m[m
[92m2022-03-20 12:58:40 I/LuckPerms: Loading storage provider... [H2][0m[m
[92m2022-03-20 12:58:41 I/LuckPerms: Loading internal permission managers...[0m[m
[92m2022-03-20 12:58:41 I/LuckPerms: Performing initial data load...[0m[m
[92m2022-03-20 12:58:41 I/LuckPerms: Registering internal users....[0m[m
[92m2022-03-20 12:58:41 I/LuckPerms: Successfully enabled. (took 986ms)[0m[m
[92m2022-03-20 12:58:41 I/plugin: Successfully loaded plugin LuckPerms v2.10.0-dev-6+null[0m[m
[92m2022-03-20 12:58:41 I/plugin: Successfully loaded plugin MCL Addon v1.2.2[0m[m
[92m2022-03-20 12:58:41 I/plugin: Successfully loaded plugin Chat Command v0.5.0[0m[m
[92m2022-03-20 12:58:41 I/plugin: Successfully loaded plugin net.mamoe.mirai-api-http v2.4.0[0m[m
[92m2022-03-20 12:58:41 I/plugin: Successfully loaded plugin mirai-administrator v1.0.4[0m[m
[92m2022-03-20 12:58:41 I/main: Loaded PermissionService from plugin LuckPerms[0m[m
[92m2022-03-20 12:58:41 I/main: Prepared built-in commands: autoLogin, help, login, logout, permission, status, stop[0m[m
[92m2022-03-20 12:58:41 I/MCL Addon: iTXTech MCL Version: 1.2.2-60c67fb[0m[m
[92m2022-03-20 12:58:42 I/Mirai HTTP API: ********************************************************[0m[m
[92m2022-03-20 12:58:42 I/http adapter: >>> [http adapter] is listening at http://localhost:8080[0m[m
[92m2022-03-20 12:58:42 I/ws adapter: >>> [ws adapter] is listening at ws://localhost:8080[0m[m
[92m2022-03-20 12:58:42 I/Mirai HTTP API: Http api server is running with verifyKey: Aa11221133[0m[m
[92m2022-03-20 12:58:42 I/Mirai HTTP API: adaptors: [http,ws][0m[m
[92m2022-03-20 12:58:42 I/Mirai HTTP API: ********************************************************[0m[m
[92m2022-03-20 12:58:42 I/mirai-administrator: 机器人所有者 2598810411[0m[m
[92m2022-03-20 12:58:42 I/mirai-administrator: 发送上线通知请使用 /perm add g群号 xyz.cssxsh.mirai.plugin.mirai-administrator:online.include 赋予权限[0m[m
[92m2022-03-20 12:58:42 I/mirai-administrator: ComparableService Registered [7]:
ContentCensor: default-censor
FriendApprover: default-approver
GroupApprover: default-approver
MemberApprover: default-approver
MessageSourceHandler: default-recorder
TimerService: status, online, curfew-timer, cleaner
[0m[m
[92m2022-03-20 12:58:42 I/main: 5 plugin(s) enabled.[0m[m
[92m2022-03-20 12:58:42 I/main: Auto-login 3424719593[0m[m
[91m2022-03-20 12:58:43 W/stderr: ERROR StatusLogger Log4j2 could not find a logging implementation. Please add log4j-core to the classpath. Using SimpleLogger to log to the console...[0m[m
[92m2022-03-20 12:58:44 I/Bot.3424719593: Loaded account secrets from local cache.[0m[m
[92m2022-03-20 12:58:44 I/Bot.3424719593: Saved account secrets to local cache for fast login.[0m[m
[92m2022-03-20 12:58:44 I/Bot.3424719593: Login successful.[0m[m
[0m2022-03-20 12:58:45 V/Bot.3424719593: Event: BotOnlineEvent(bot=Bot(3424719593))[0m[m
[92m2022-03-20 12:58:45 I/Bot.3424719593: Bot login successful.[0m[m
[92m2022-03-20 12:58:45 I/main: mirai-console started successfully.[0m[m
[0m2022-03-20 12:58:48 V/Bot.3424719593: Friend(2598810411) <- Running MiraiConsole v2.11.0-M1, built on 2022-03-08 20:34:54.\nFrontend Terminal: version 2.11.0-M1, provided by Mamoe Technologies\n\nPermission Service: LuckPerms v2.10.0-dev-6+null\n\nPlugins: LuckPerms v2.10.0-dev-6+null, MCL Addon v1.2.2, Chat Command v0.5.0, net.mamoe.mirai-api-http v2.4.0, mirai-administrator v1.0.4\n\nObject Pending Finalization Count: 0\n                 committed |  init  |  used   |   max  \n    Heap Memory:  136.0MB  | 32.0MB | 84.08MB | 496.0MB\nNon-Heap Memory:  99.56MB  | 7.31MB | 95.09MB |   -1   [0m[m
[0m2022-03-20 13:08:02 V/Bot.3424719593: Event: NewFriendRequestEvent(bot=Bot(3424719593), eventId=1647752882000000, message=我是星河不可及, fromId=1365067723, fromGroupId=0, fromNick=星河不可及)[0m[m
[0m2022-03-20 13:08:02 V/Bot.3424719593: Friend(2598810411) <- @星河不可及#1365067723 with <1647752882000000>\n申请添加好友\nfrom null\n我是星河不可及\n已自动同意\n[0m[m
[0m2022-03-20 13:08:02 V/Bot.3424719593: Event: FriendAddEvent(friend=Friend(1365067723))[0m[m
[0m2022-03-20 13:08:14 V/Bot.3424719593: 星河不可及(1365067723) -> 输入账号密码？[0m[m
[0m2022-03-20 13:08:37 V/Bot.3424719593: 星河不可及(1365067723) -> welearn [0m[m
[0m2022-03-20 13:09:12 V/Bot.3424719593: 一次充电数周续航(2598810411) -> welearn[0m[m
[0m2022-03-20 13:09:12 V/Bot.3424719593: Friend(2598810411) <- 你好欢迎使用welearn刷课工具\n请输入账号[0m[m
[0m2022-03-20 13:09:30 V/Bot.3424719593: 星河不可及(1365067723) -> welearn [0m[m
[0m2022-03-20 13:09:42 V/Bot.3424719593: Friend(2598810411) <- 已超时取消[0m[m
[0m2022-03-20 13:10:32 V/Bot.3424719593: 1(202898447) -> welearn[0m[m
[0m2022-03-20 13:10:32 V/Bot.3424719593: Friend(202898447) <- 你好欢迎使用welearn刷课工具\n请输入账号[0m[m
[0m2022-03-20 13:11:02 V/Bot.3424719593: Friend(202898447) <- 已超时取消[0m[m
[0m2022-03-20 13:11:30 V/Bot.3424719593: Event: NewFriendRequestEvent(bot=Bot(3424719593), eventId=1647753089000000, message=, fromId=1042935872, fromGroupId=865378263, fromNick=庞海鑫)[0m[m
[0m2022-03-20 13:11:30 V/Bot.3424719593: Friend(2598810411) <- @庞海鑫#1042935872 with <1647753089000000>\n申请添加好友\nfrom Group(865378263)\n\n已自动同意\n[0m[m
[0m2022-03-20 13:11:30 V/Bot.3424719593: Event: FriendAddEvent(friend=Friend(1042935872))[0m[m
[0m2022-03-20 13:11:51 V/Bot.3424719593: Friend(1042935872) <- 你好欢迎使用welearn刷课工具\n请输入账号[0m[m
[0m2022-03-20 13:11:51 V/Bot.3424719593: 庞海鑫(1042935872) -> welearn[0m[m
[0m2022-03-20 13:12:21 V/Bot.3424719593: Friend(1042935872) <- 已超时取消[0m[m
[0m2022-03-20 13:12:58 V/Bot.3424719593: Friend(1365067723) <- 你好欢迎使用welearn刷课工具\n请输入账号[0m[m
[0m2022-03-20 13:12:58 V/Bot.3424719593: 星河不可及(1365067723) -> welearn[0m[m
[0m2022-03-20 13:13:29 V/Bot.3424719593: Friend(1365067723) <- 已超时取消[0m[m
[0m2022-03-20 13:14:18 V/Bot.3424719593: 星河不可及(1365067723) -> welearn[0m[m
[0m2022-03-20 13:14:18 V/Bot.3424719593: Friend(1365067723) <- 你好欢迎使用welearn刷课工具\n请输入账号[0m[m
[0m2022-03-20 13:14:22 V/Bot.3424719593: 星河不可及(1365067723) -> 17791162732[0m[m
[0m2022-03-20 13:14:22 V/Bot.3424719593: Friend(1365067723) <- 请输入密码[0m[m
[0m2022-03-20 13:14:32 V/Bot.3424719593: 星河不可及(1365067723) -> qzy 030126 [0m[m
[0m2022-03-20 13:14:32 V/Bot.3424719593: Friend(1365067723) <- 正在登录...[0m[m
[0m2022-03-20 13:14:33 V/Bot.3424719593: Friend(1365067723) <- 登录失败\n[0m[m
[0m2022-03-20 13:14:42 V/Bot.3424719593: 星河不可及(1365067723) -> welearn[0m[m
[0m2022-03-20 13:14:42 V/Bot.3424719593: Friend(1365067723) <- 你好欢迎使用welearn刷课工具\n请输入账号[0m[m
[0m2022-03-20 13:14:49 V/Bot.3424719593: 星河不可及(1365067723) -> 17791162732[0m[m
[0m2022-03-20 13:14:49 V/Bot.3424719593: Friend(1365067723) <- 请输入密码[0m[m
[0m2022-03-20 13:15:06 V/Bot.3424719593: 星河不可及(1365067723) -> qzy030126[0m[m
[0m2022-03-20 13:15:06 V/Bot.3424719593: Friend(1365067723) <- 正在登录...[0m[m
[0m2022-03-20 13:15:08 V/Bot.3424719593: Friend(1365067723) <- 登录成功,开始查询课程\n查询课程成功!!!您的课程:\n\n[NO. 1] 完成度  2% 新目标大学英语(第二版)综合教程1\n\n请输入需要完成的课程序号\n（上方[]内的数字）: [0m[m
[0m2022-03-20 13:15:15 V/Bot.3424719593: 星河不可及(1365067723) -> 1[0m[m
[0m2022-03-20 13:15:16 V/Bot.3424719593: Friend(1365067723) <- [NO. 0]  按顺序完成全部单元课程\n[NO. 1]  [已开放]  Unit 01  Unit 1 College Life\n[NO. 2]  [已开放]  Unit 02  Unit 2 Love and Friendship\n[NO. 3]  [已开放]  Unit 03  Unit 3 Power of Music\n[NO. 4]  [已开放]  Unit 04  Unit 4 Driving Forces of Sports\n[NO. 5]  [已开放]  Unit 05  Unit 5 To Be Creative\n[NO. 6]  [已开放]  Unit 06  Unit 6 Pleasure of Reading\n[NO. 7]  [已开放]  Unit 07  Unit 7 Effective Communication\n[NO. 8]  [已开放]  Unit 08  Unit 8 Growing Pains\n请选择需要完成的单元序号（上方[]内的数字，输入0为按顺序刷全部单元）:  [0m[m
[0m2022-03-20 13:15:30 V/Bot.3424719593: 星河不可及(1365067723) -> 12345678[0m[m
[0m2022-03-20 13:15:30 V/Bot.3424719593: Friend(1365067723) <- 模式1:每个练习指定正确率，请直接输入指定的正确率\n如:希望每个练习正确率均为100，则输入 100\n\n模式2:每个练习随机正确率，请输入正确率上下限并用英文逗号隔开\n如:希望每个练习正确率为70～100，则输入 70,100\n\n请严格按照以上格式输入每个练习的正确率: [0m[m
[0m2022-03-20 13:16:00 V/Bot.3424719593: Friend(1365067723) <- 已超时取消[0m[m
[0m2022-03-20 13:16:03 V/Bot.3424719593: 星河不可及(1365067723) -> 100[0m[m
[0m2022-03-20 13:17:27 V/Bot.3424719593: 星河不可及(1365067723) -> welearn[0m[m
[0m2022-03-20 13:17:27 V/Bot.3424719593: Friend(1365067723) <- 你好欢迎使用welearn刷课工具\n请输入账号[0m[m
[0m2022-03-20 13:17:36 V/Bot.3424719593: 星河不可及(1365067723) -> 17791162732[0m[m
[0m2022-03-20 13:17:36 V/Bot.3424719593: Friend(1365067723) <- 请输入密码[0m[m
[0m2022-03-20 13:17:50 V/Bot.3424719593: 星河不可及(1365067723) -> qzy030126[0m[m
[0m2022-03-20 13:17:50 V/Bot.3424719593: Friend(1365067723) <- 正在登录...[0m[m
[0m2022-03-20 13:17:51 V/Bot.3424719593: Friend(1365067723) <- 登录成功,开始查询课程\n查询课程成功!!!您的课程:\n\n[NO. 1] 完成度  2% 新目标大学英语(第二版)综合教程1\n\n请输入需要完成的课程序号\n（上方[]内的数字）: [0m[m
[0m2022-03-20 13:17:54 V/Bot.3424719593: 星河不可及(1365067723) -> 1[0m[m
[0m2022-03-20 13:17:54 V/Bot.3424719593: Friend(1365067723) <- [NO. 0]  按顺序完成全部单元课程\n[NO. 1]  [已开放]  Unit 01  Unit 1 College Life\n[NO. 2]  [已开放]  Unit 02  Unit 2 Love and Friendship\n[NO. 3]  [已开放]  Unit 03  Unit 3 Power of Music\n[NO. 4]  [已开放]  Unit 04  Unit 4 Driving Forces of Sports\n[NO. 5]  [已开放]  Unit 05  Unit 5 To Be Creative\n[NO. 6]  [已开放]  Unit 06  Unit 6 Pleasure of Reading\n[NO. 7]  [已开放]  Unit 07  Unit 7 Effective Communication\n[NO. 8]  [已开放]  Unit 08  Unit 8 Growing Pains\n请选择需要完成的单元序号（上方[]内的数字，输入0为按顺序刷全部单元）:  [0m[m
[0m2022-03-20 13:18:00 V/Bot.3424719593: 星河不可及(1365067723) -> 0[0m[m
[0m2022-03-20 13:18:00 V/Bot.3424719593: Friend(1365067723) <- 模式1:每个练习指定正确率，请直接输入指定的正确率\n如:希望每个练习正确率均为100，则输入 100\n\n模式2:每个练习随机正确率，请输入正确率上下限并用英文逗号隔开\n如:希望每个练习正确率为70～100，则输入 70,100\n\n请严格按照以上格式输入每个练习的正确率: [0m[m
[0m2022-03-20 13:18:08 V/Bot.3424719593: 星河不可及(1365067723) -> 100[0m[m
[0m2022-03-20 13:23:46 V/Bot.3424719593: 一次充电数周续航(2598810411) -> welearn[0m[m
[31m2022-03-20 13:24:02 E/MAH Access: kotlinx.coroutines.JobCancellationException: StandaloneCoroutine was cancelled; job=StandaloneCoroutine{Cancelling}@248a0ce7
kotlinx.coroutines.JobCancellationException: StandaloneCoroutine was cancelled; job=StandaloneCoroutine{Cancelling}@248a0ce7
[0m[m
[0m2022-03-20 13:24:17 V/Bot.3424719593: 一次充电数周续航(2598810411) -> welearn[0m[m
[0m2022-03-20 13:24:17 V/Bot.3424719593: Friend(2598810411) <- 你好欢迎使用welearn刷课工具\n请输入账号[0m[m
[0m2022-03-20 13:24:30 V/Bot.3424719593: 1(202898447) -> welearn[0m[m
[0m2022-03-20 13:24:30 V/Bot.3424719593: Friend(202898447) <- 你好欢迎使用welearn刷课工具\n请输入账号[0m[m
[0m2022-03-20 13:24:46 V/Bot.3424719593: 1(202898447) -> 17336621318[0m[m
[0m2022-03-20 13:24:46 V/Bot.3424719593: Friend(202898447) <- 请输入密码[0m[m
[0m2022-03-20 13:24:47 V/Bot.3424719593: Friend(2598810411) <- 已超时取消[0m[m
[0m2022-03-20 13:24:55 V/Bot.3424719593: 1(202898447) -> ycjs729438167[0m[m
[0m2022-03-20 13:24:55 V/Bot.3424719593: Friend(202898447) <- 正在登录...[0m[m
[0m2022-03-20 13:24:56 V/Bot.3424719593: Friend(202898447) <- 登录成功,开始查询课程\n查询课程成功!!!您的课程:\n\n[NO. 1] 完成度 12% 新目标大学英语(第二版)综合教程2\n[NO. 2] 完成度  3% 新目标大学英语(第二版)综合教程1\n\n请输入需要完成的课程序号\n（上方[]内的数字）: [0m[m
[0m2022-03-20 13:25:01 V/Bot.3424719593: 1(202898447) -> 1[0m[m
[0m2022-03-20 13:25:02 V/Bot.3424719593: Friend(202898447) <- [NO. 0]  按顺序完成全部单元课程\n[NO. 1]  [已开放]  Unit 01  Unit 1 Understanding Chinese Culture and Tradition\n[NO. 2]  [已开放]  Unit 02  Unit 2 Gaining a Foothold in the Business World\n[NO. 3]  [已开放]  Unit 03  Unit 3 Smart Technology, Smart Life\n[NO. 4]  [已开放]  Unit 04  Unit 4 Great Men, Great Minds\n[NO. 5]  [已开放]  Unit 05  Unit 5 Studying Abroad\n[NO. 6]  [已开放]  Unit 06  Unit 6 Experiencing the Charm of Nature\n[NO. 7]  [已开放]  Unit 07  Unit 7 Between Real and Virtual\n[NO. 8]  [已开放]  Unit 08  Unit 8 Recognizing the Diversity and Unity of the World\n请选择需要完成的单元序号（上方[]内的数字，输入0为按顺序刷全部单元）:  [0m[m
[0m2022-03-20 13:25:09 V/Bot.3424719593: 1(202898447) -> 2[0m[m
[0m2022-03-20 13:25:09 V/Bot.3424719593: Friend(202898447) <- 模式1:每个练习指定正确率，请直接输入指定的正确率\n如:希望每个练习正确率均为100，则输入 100\n\n模式2:每个练习随机正确率，请输入正确率上下限并用英文逗号隔开\n如:希望每个练习正确率为70～100，则输入 70,100\n\n请严格按照以上格式输入每个练习的正确率: [0m[m
[0m2022-03-20 13:25:13 V/Bot.3424719593: 1(202898447) -> 100[0m[m
[0m2022-03-20 13:25:22 V/Bot.3424719593: Friend(202898447) <- [即将完成]0正确率:100%  方式1:成功!!!   方式2:成功!!!   [即将完成]1正确率:100%  方式1:成功!!!   方式2:成功!!!   [即将完成]2正确率:100%  方式1:成功!!!   方式2:成功!!!   [即将完成]3正确率:100%  方式1:成功!!!   方式2:成功!!!   [即将完成]4正确率:100%  方式1:成功!!!   方式2:成功!!!   [即将完成]5正确率:100%  方式1:成功!!!   方式2:成功!!!   [即将完成]6正确率:100%  方式1:成功!!!   方式2:成功!!!   [即将完成]7正确率:100%  方式1:成功!!!   方式2:成功!!!   [即将完成]8正确率:100%  方式1:成功!!!   方式2:成功!!!   [即将完成]9正确率:100%  方式1:成功!!!   方式2:成功!!!   [即将完成]10正确率:100%  方式1:成功!!!   方式2:成功!!!   [即将完成]11正确率:100%  方式1:成功!!!   方式2:成功!!!   [即将完成]12正确率:100%  方式1:成功!!!   方式2:成功!!!   [即将完成]13正确率:100%  方式1:成功!!!   方式2:成功!!!   [即将完成]14正确率:100%  方式1:成功!!!   方式2:成功!!!   [即将完成]15正确率:100%  方式1:成功!!!   方式2:成功!!!   [即将完成]16正确率:100%  方式1:成功!!!   方式2:成功!!!   [即将完成]17正确率:100%  方式1:成功!!!   方式2:成功!!!   [即将完成]18正确率:100%  方式1:成功!!!   方式2:成功!!!   [即将完成]19正确率:100%  方式1:成功!!!   方式2:成功!!!   [即将完成]20正确率:100%  方式1:成功!!!   方式2:成功!!!   [即将完成]21正确率:100%  方式1:成功!!!   方式2:成功!!!   [即将完成]22正确率:100%  方式1:成功!!!   方式2:成功!!!   \n本单元运行完毕![0m[m
[0m2022-03-20 13:25:22 V/Bot.3424719593: Friend(202898447) <- 您的课程:\n\n[NO. 1] 完成度 25% 新目标大学英语(第二版)综合教程2\n[NO. 2] 完成度  3% 新目标大学英语(第二版)综合教程1\n[0m[m
[0m2022-03-20 13:25:51 V/Bot.3424719593: 1(202898447) -> welearn[0m[m
[0m2022-03-20 13:25:51 V/Bot.3424719593: Friend(202898447) <- 你好欢迎使用welearn刷课工具\n请输入账号[0m[m
[0m2022-03-20 13:25:56 V/Bot.3424719593: 1(202898447) -> 17791162732[0m[m
[0m2022-03-20 13:25:56 V/Bot.3424719593: Friend(202898447) <- 请输入密码[0m[m
[0m2022-03-20 13:26:04 V/Bot.3424719593: 1(202898447) -> qzy030126[0m[m
[0m2022-03-20 13:26:04 V/Bot.3424719593: Friend(202898447) <- 正在登录...[0m[m
[0m2022-03-20 13:26:05 V/Bot.3424719593: Friend(202898447) <- 登录成功,开始查询课程\n查询课程成功!!!您的课程:\n\n[NO. 1] 完成度100% 新目标大学英语(第二版)综合教程1\n\n请输入需要完成的课程序号\n（上方[]内的数字）: [0m[m
[0m2022-03-20 13:26:14 V/Bot.3424719593: 1(202898447) -> 1[0m[m
[0m2022-03-20 13:26:15 V/Bot.3424719593: Friend(202898447) <- [NO. 0]  按顺序完成全部单元课程\n[NO. 1]  [已开放]  Unit 01  Unit 1 College Life\n[NO. 2]  [已开放]  Unit 02  Unit 2 Love and Friendship\n[NO. 3]  [已开放]  Unit 03  Unit 3 Power of Music\n[NO. 4]  [已开放]  Unit 04  Unit 4 Driving Forces of Sports\n[NO. 5]  [已开放]  Unit 05  Unit 5 To Be Creative\n[NO. 6]  [已开放]  Unit 06  Unit 6 Pleasure of Reading\n[NO. 7]  [已开放]  Unit 07  Unit 7 Effective Communication\n[NO. 8]  [已开放]  Unit 08  Unit 8 Growing Pains\n请选择需要完成的单元序号（上方[]内的数字，输入0为按顺序刷全部单元）:  [0m[m
[0m2022-03-20 13:26:20 V/Bot.3424719593: 1(202898447) -> 0[0m[m
[0m2022-03-20 13:26:20 V/Bot.3424719593: Friend(202898447) <- 模式1:每个练习指定正确率，请直接输入指定的正确率\n如:希望每个练习正确率均为100，则输入 100\n\n模式2:每个练习随机正确率，请输入正确率上下限并用英文逗号隔开\n如:希望每个练习正确率为70～100，则输入 70,100\n\n请严格按照以上格式输入每个练习的正确率: [0m[m
[0m2022-03-20 13:26:22 V/Bot.3424719593: 1(202898447) -> 100[0m[m
[0m2022-03-20 13:26:35 V/Bot.3424719593: 1(202898447) -> welearn[0m[m
[0m2022-03-20 13:26:38 V/Bot.3424719593: 1(202898447) -> 100[0m[m
[0m2022-03-20 13:26:48 V/Bot.3424719593: 一次充电数周续航(2598810411) -> welearn[0m[m
[31m2022-03-20 13:27:02 E/MAH Access: kotlinx.coroutines.JobCancellationException: StandaloneCoroutine was cancelled; job=StandaloneCoroutine{Cancelling}@3baa7bb1
kotlinx.coroutines.JobCancellationException: StandaloneCoroutine was cancelled; job=StandaloneCoroutine{Cancelling}@3baa7bb1
[0m[m
[0m2022-03-20 13:27:25 V/Bot.3424719593: 1(202898447) -> welearn[0m[m
[0m2022-03-20 13:27:25 V/Bot.3424719593: Friend(202898447) <- 你好欢迎使用welearn刷课工具\n请输入账号[0m[m
[0m2022-03-20 13:27:33 V/Bot.3424719593: 1(202898447) -> 17336621318[0m[m
[0m2022-03-20 13:27:33 V/Bot.3424719593: Friend(202898447) <- 请输入密码[0m[m
[0m2022-03-20 13:27:40 V/Bot.3424719593: 1(202898447) -> ycjs729438167[0m[m
[0m2022-03-20 13:27:40 V/Bot.3424719593: Friend(202898447) <- 正在登录...[0m[m
[0m2022-03-20 13:27:42 V/Bot.3424719593: Friend(202898447) <- 登录成功,开始查询课程\n查询课程成功!!!您的课程:\n\n[NO. 1] 完成度 25% 新目标大学英语(第二版)综合教程2\n[NO. 2] 完成度  3% 新目标大学英语(第二版)综合教程1\n\n请输入需要完成的课程序号\n（上方[]内的数字）: [0m[m
[0m2022-03-20 13:27:44 V/Bot.3424719593: 1(202898447) -> 1[0m[m
[0m2022-03-20 13:27:44 V/Bot.3424719593: Friend(202898447) <- [NO. 0]  按顺序完成全部单元课程\n[NO. 1]  [已开放]  Unit 01  Unit 1 Understanding Chinese Culture and Tradition\n[NO. 2]  [已开放]  Unit 02  Unit 2 Gaining a Foothold in the Business World\n[NO. 3]  [已开放]  Unit 03  Unit 3 Smart Technology, Smart Life\n[NO. 4]  [已开放]  Unit 04  Unit 4 Great Men, Great Minds\n[NO. 5]  [已开放]  Unit 05  Unit 5 Studying Abroad\n[NO. 6]  [已开放]  Unit 06  Unit 6 Experiencing the Charm of Nature\n[NO. 7]  [已开放]  Unit 07  Unit 7 Between Real and Virtual\n[NO. 8]  [已开放]  Unit 08  Unit 8 Recognizing the Diversity and Unity of the World\n请选择需要完成的单元序号（上方[]内的数字，输入0为按顺序刷全部单元）:  [0m[m
[0m2022-03-20 13:28:15 V/Bot.3424719593: Friend(202898447) <- 已超时取消[0m[m
[0m2022-03-20 13:29:20 V/Bot.3424719593: 1(202898447) -> welearn[0m[m
[0m2022-03-20 13:29:20 V/Bot.3424719593: Friend(202898447) <- 你好欢迎使用welearn刷课工具\n请输入账号[0m[m
[0m2022-03-20 13:29:24 V/Bot.3424719593: 1(202898447) -> 13278880016[0m[m
[0m2022-03-20 13:29:24 V/Bot.3424719593: Friend(202898447) <- 请输入密码[0m[m
[0m2022-03-20 13:29:28 V/Bot.3424719593: 1(202898447) -> Aa112211[0m[m
[0m2022-03-20 13:29:28 V/Bot.3424719593: Friend(202898447) <- 正在登录...[0m[m
[0m2022-03-20 13:29:29 V/Bot.3424719593: Friend(202898447) <- 登录成功,开始查询课程\n查询课程成功!!!您的课程:\n\n[NO. 1] 完成度100% 新目标大学英语(第二版)综合教程1\n\n请输入需要完成的课程序号\n（上方[]内的数字）: [0m[m
[0m2022-03-20 13:29:33 V/Bot.3424719593: 一次充电数周续航(2598810411) -> welearn[0m[m
[0m2022-03-20 13:29:33 V/Bot.3424719593: Friend(2598810411) <- 你好欢迎使用welearn刷课工具\n请输入账号[0m[m
[0m2022-03-20 13:29:37 V/Bot.3424719593: 1(202898447) -> 1[0m[m
[0m2022-03-20 13:29:38 V/Bot.3424719593: Friend(202898447) <- [NO. 0]  按顺序完成全部单元课程\n[NO. 1]  [已开放]  Unit 01  Unit 1 College Life\n[NO. 2]  [已开放]  Unit 02  Unit 2 Love and Friendship\n[NO. 3]  [已开放]  Unit 03  Unit 3 Power of Music\n[NO. 4]  [已开放]  Unit 04  Unit 4 Driving Forces of Sports\n[NO. 5]  [已开放]  Unit 05  Unit 5 To Be Creative\n[NO. 6]  [已开放]  Unit 06  Unit 6 Pleasure of Reading\n[NO. 7]  [已开放]  Unit 07  Unit 7 Effective Communication\n[NO. 8]  [已开放]  Unit 08  Unit 8 Growing Pains\n请选择需要完成的单元序号（上方[]内的数字，输入0为按顺序刷全部单元）:  [0m[m
[0m2022-03-20 13:29:44 V/Bot.3424719593: 一次充电数周续航(2598810411) -> welearn[0m[m
[0m2022-03-20 13:29:44 V/Bot.3424719593: Friend(2598810411) <- 请输入密码[0m[m
[0m2022-03-20 13:29:44 V/Bot.3424719593: Friend(2598810411) <- 你好欢迎使用welearn刷课工具\n请输入账号[0m[m
[0m2022-03-20 13:29:53 V/Bot.3424719593: 1(202898447) -> 1[0m[m
[0m2022-03-20 13:29:53 V/Bot.3424719593: Friend(202898447) <- 模式1:每个练习指定正确率，请直接输入指定的正确率\n如:希望每个练习正确率均为100，则输入 100\n\n模式2:每个练习随机正确率，请输入正确率上下限并用英文逗号隔开\n如:希望每个练习正确率为70～100，则输入 70,100\n\n请严格按照以上格式输入每个练习的正确率: [0m[m
[0m2022-03-20 13:29:55 V/Bot.3424719593: 1(202898447) -> 100[0m[m
[0m2022-03-20 13:29:55 V/Bot.3424719593: Friend(202898447) <- [!!跳过!!]0[!!跳过!!]1[!!跳过!!]2[!!跳过!!]3[!!跳过!!]4[!!跳过!!]5[!!跳过!!]6[!!跳过!!]7[!!跳过!!]8[!!跳过!!]9[!!跳过!!]10[!!跳过!!]11[!!跳过!!]12[!!跳过!!]13[!!跳过!!]14[!!跳过!!]15[!!跳过!!]16[!!跳过!!]17[!!跳过!!]18[!!跳过!!]19[!!跳过!!]20[!!跳过!!]21\n本单元运行完毕![0m[m
[0m2022-03-20 13:29:56 V/Bot.3424719593: Friend(202898447) <- 您的课程:\n\n[NO. 1] 完成度100% 新目标大学英语(第二版)综合教程1\n[0m[m
[0m2022-03-20 13:30:03 V/Bot.3424719593: 1(202898447) -> welearn[0m[m
[0m2022-03-20 13:30:03 V/Bot.3424719593: Friend(202898447) <- 你好欢迎使用welearn刷课工具\n请输入账号[0m[m
[0m2022-03-20 13:30:09 V/Bot.3424719593: 1(202898447) -> 13278880016[0m[m
[0m2022-03-20 13:30:09 V/Bot.3424719593: Friend(202898447) <- 请输入密码[0m[m
[0m2022-03-20 13:30:13 V/Bot.3424719593: 1(202898447) -> Aa112211[0m[m
[0m2022-03-20 13:30:13 V/Bot.3424719593: Friend(202898447) <- 正在登录...[0m[m
[0m2022-03-20 13:30:14 V/Bot.3424719593: Friend(202898447) <- 登录成功,开始查询课程\n查询课程成功!!!您的课程:\n\n[NO. 1] 完成度100% 新目标大学英语(第二版)综合教程1\n\n请输入需要完成的课程序号\n（上方[]内的数字）: [0m[m
[0m2022-03-20 13:30:14 V/Bot.3424719593: Friend(2598810411) <- 已超时取消[0m[m
[0m2022-03-20 13:30:14 V/Bot.3424719593: Friend(2598810411) <- 已超时取消[0m[m
[0m2022-03-20 13:30:16 V/Bot.3424719593: 1(202898447) -> 1[0m[m
[0m2022-03-20 13:30:17 V/Bot.3424719593: Friend(202898447) <- [NO. 0]  按顺序完成全部单元课程\n[NO. 1]  [已开放]  Unit 01  Unit 1 College Life\n[NO. 2]  [已开放]  Unit 02  Unit 2 Love and Friendship\n[NO. 3]  [已开放]  Unit 03  Unit 3 Power of Music\n[NO. 4]  [已开放]  Unit 04  Unit 4 Driving Forces of Sports\n[NO. 5]  [已开放]  Unit 05  Unit 5 To Be Creative\n[NO. 6]  [已开放]  Unit 06  Unit 6 Pleasure of Reading\n[NO. 7]  [已开放]  Unit 07  Unit 7 Effective Communication\n[NO. 8]  [已开放]  Unit 08  Unit 8 Growing Pains\n请选择需要完成的单元序号（上方[]内的数字，输入0为按顺序刷全部单元）:  [0m[m
[0m2022-03-20 13:30:19 V/Bot.3424719593: 1(202898447) -> 0[0m[m
[0m2022-03-20 13:30:19 V/Bot.3424719593: Friend(202898447) <- 模式1:每个练习指定正确率，请直接输入指定的正确率\n如:希望每个练习正确率均为100，则输入 100\n\n模式2:每个练习随机正确率，请输入正确率上下限并用英文逗号隔开\n如:希望每个练习正确率为70～100，则输入 70,100\n\n请严格按照以上格式输入每个练习的正确率: [0m[m
[0m2022-03-20 13:30:21 V/Bot.3424719593: 1(202898447) -> 100[0m[m
[0m2022-03-20 13:31:28 V/Bot.3424719593: 1(202898447) -> welearn[0m[m
[0m2022-03-20 13:32:43 V/Bot.3424719593: 一次充电数周续航(2598810411) -> welearn[0m[m
[31m2022-03-20 14:01:02 E/MAH Access: kotlinx.coroutines.JobCancellationException: StandaloneCoroutine was cancelled; job=StandaloneCoroutine{Cancelling}@7c3eb180
kotlinx.coroutines.JobCancellationException: StandaloneCoroutine was cancelled; job=StandaloneCoroutine{Cancelling}@7c3eb180
[0m[m
[0m2022-03-20 14:01:15 V/Bot.3424719593: 一次充电数周续航(2598810411) -> welearn[0m[m
[0m2022-03-20 14:01:15 V/Bot.3424719593: Friend(2598810411) <- 你好欢迎使用welearn刷课工具\n请输入账号[0m[m
[0m2022-03-20 14:01:18 V/Bot.3424719593: 一次充电数周续航(2598810411) -> 13278880016[0m[m
[0m2022-03-20 14:01:18 V/Bot.3424719593: Friend(2598810411) <- 请输入密码[0m[m
[0m2022-03-20 14:01:23 V/Bot.3424719593: 一次充电数周续航(2598810411) -> Aa112211[0m[m
[0m2022-03-20 14:01:23 V/Bot.3424719593: Friend(2598810411) <- 正在登录...[0m[m
[0m2022-03-20 14:01:24 V/Bot.3424719593: Friend(2598810411) <- 登录成功,开始查询课程\n查询课程成功!!!您的课程:\n\n[NO. 1] 完成度100% 新目标大学英语(第二版)综合教程1\n\n请输入需要完成的课程序号\n（上方[]内的数字）: [0m[m
[0m2022-03-20 14:01:26 V/Bot.3424719593: 一次充电数周续航(2598810411) -> 1[0m[m
[0m2022-03-20 14:01:26 V/Bot.3424719593: Friend(2598810411) <- [NO. 0]  按顺序完成全部单元课程\n[NO. 1]  [已开放]  Unit 01  Unit 1 College Life\n[NO. 2]  [已开放]  Unit 02  Unit 2 Love and Friendship\n[NO. 3]  [已开放]  Unit 03  Unit 3 Power of Music\n[NO. 4]  [已开放]  Unit 04  Unit 4 Driving Forces of Sports\n[NO. 5]  [已开放]  Unit 05  Unit 5 To Be Creative\n[NO. 6]  [已开放]  Unit 06  Unit 6 Pleasure of Reading\n[NO. 7]  [已开放]  Unit 07  Unit 7 Effective Communication\n[NO. 8]  [已开放]  Unit 08  Unit 8 Growing Pains\n请选择需要完成的单元序号（上方[]内的数字，输入0为按顺序刷全部单元）:  [0m[m
[0m2022-03-20 14:01:29 V/Bot.3424719593: 一次充电数周续航(2598810411) -> 0[0m[m
[0m2022-03-20 14:01:29 V/Bot.3424719593: Friend(2598810411) <- 模式1:每个练习指定正确率，请直接输入指定的正确率\n如:希望每个练习正确率均为100，则输入 100\n\n模式2:每个练习随机正确率，请输入正确率上下限并用英文逗号隔开\n如:希望每个练习正确率为70～100，则输入 70,100\n\n请严格按照以上格式输入每个练习的正确率: [0m[m
[0m2022-03-20 14:01:31 V/Bot.3424719593: 一次充电数周续航(2598810411) -> 100[0m[m
[0m2022-03-20 14:01:31 V/Bot.3424719593: Friend(2598810411) <- [!!跳过!!](1, 1, 0)[!!跳过!!](1, 2, 1)[!!跳过!!](1, 3, 2)[!!跳过!!](1, 4, 3)[!!跳过!!](1, 5, 4)[!!跳过!!](1, 6, 5)[!!跳过!!](1, 7, 6)[!!跳过!!](1, 8, 7)[!!跳过!!](1, 9, 8)[!!跳过!!](1, 10, 9)[!!跳过!!](1, 11, 10)[!!跳过!!](1, 12, 11)[!!跳过!!](1, 13, 12)[!!跳过!!](1, 14, 13)[!!跳过!!](1, 15, 14)[!!跳过!!](1, 16, 15)[!!跳过!!](1, 17, 16)[!!跳过!!](1, 18, 17)[!!跳过!!](1, 19, 18)[!!跳过!!](1, 20, 19)[!!跳过!!](1, 21, 20)[!!跳过!!](1, 22, 21)[0m[m
[0m2022-03-20 14:01:31 V/Bot.3424719593: Friend(2598810411) <- [!!跳过!!](2, 1, 22)[!!跳过!!](2, 2, 23)[!!跳过!!](2, 3, 24)[!!跳过!!](2, 4, 25)[!!跳过!!](2, 5, 26)[!!跳过!!](2, 6, 27)[!!跳过!!](2, 7, 28)[!!跳过!!](2, 8, 29)[!!跳过!!](2, 9, 30)[!!跳过!!](2, 10, 31)[!!跳过!!](2, 11, 32)[!!跳过!!](2, 12, 33)[!!跳过!!](2, 13, 34)[!!跳过!!](2, 14, 35)[!!跳过!!](2, 15, 36)[!!跳过!!](2, 16, 37)[!!跳过!!](2, 17, 38)[!!跳过!!](2, 18, 39)[!!跳过!!](2, 19, 40)[!!跳过!!](2, 20, 41)[!!跳过!!](2, 21, 42)[!!跳过!!](2, 22, 43)[0m[m
[0m2022-03-20 14:01:31 V/Bot.3424719593: Friend(2598810411) <- [!!跳过!!](3, 1, 44)[!!跳过!!](3, 2, 45)[!!跳过!!](3, 3, 46)[!!跳过!!](3, 4, 47)[!!跳过!!](3, 5, 48)[!!跳过!!](3, 6, 49)[!!跳过!!](3, 7, 50)[!!跳过!!](3, 8, 51)[!!跳过!!](3, 9, 52)[!!跳过!!](3, 10, 53)[!!跳过!!](3, 11, 54)[!!跳过!!](3, 12, 55)[!!跳过!!](3, 13, 56)[!!跳过!!](3, 14, 57)[!!跳过!!](3, 15, 58)[!!跳过!!](3, 16, 59)[!!跳过!!](3, 17, 60)[!!跳过!!](3, 18, 61)[!!跳过!!](3, 19, 62)[!!跳过!!](3, 20, 63)[!!跳过!!](3, 21, 64)[!!跳过!!](3, 22, 65)[0m[m
[0m2022-03-20 14:01:32 V/Bot.3424719593: Friend(2598810411) <- [!!跳过!!](4, 1, 66)[!!跳过!!](4, 2, 67)[!!跳过!!](4, 3, 68)[!!跳过!!](4, 4, 69)[!!跳过!!](4, 5, 70)[!!跳过!!](4, 6, 71)[!!跳过!!](4, 7, 72)[!!跳过!!](4, 8, 73)[!!跳过!!](4, 9, 74)[!!跳过!!](4, 10, 75)[!!跳过!!](4, 11, 76)[!!跳过!!](4, 12, 77)[!!跳过!!](4, 13, 78)[!!跳过!!](4, 14, 79)[!!跳过!!](4, 15, 80)[!!跳过!!](4, 16, 81)[!!跳过!!](4, 17, 82)[!!跳过!!](4, 18, 83)[!!跳过!!](4, 19, 84)[!!跳过!!](4, 20, 85)[!!跳过!!](4, 21, 86)[!!跳过!!](4, 22, 87)[0m[m
[0m2022-03-20 14:01:32 V/Bot.3424719593: Friend(2598810411) <- [!!跳过!!](5, 1, 88)[!!跳过!!](5, 2, 89)[!!跳过!!](5, 3, 90)[!!跳过!!](5, 4, 91)[!!跳过!!](5, 5, 92)[!!跳过!!](5, 6, 93)[!!跳过!!](5, 7, 94)[!!跳过!!](5, 8, 95)[!!跳过!!](5, 9, 96)[!!跳过!!](5, 10, 97)[!!跳过!!](5, 11, 98)[!!跳过!!](5, 12, 99)[!!跳过!!](5, 13, 100)[!!跳过!!](5, 14, 101)[!!跳过!!](5, 15, 102)[!!跳过!!](5, 16, 103)[!!跳过!!](5, 17, 104)[!!跳过!!](5, 18, 105)[!!跳过!!](5, 19, 106)[!!跳过!!](5, 20, 107)[!!跳过!!](5, 21, 108)[!!跳过!!](5, 22, 109)[0m[m
[0m2022-03-20 14:01:32 V/Bot.3424719593: Friend(2598810411) <- [!!跳过!!](6, 1, 110)[!!跳过!!](6, 2, 111)[!!跳过!!](6, 3, 112)[!!跳过!!](6, 4, 113)[!!跳过!!](6, 5, 114)[!!跳过!!](6, 6, 115)[!!跳过!!](6, 7, 116)[!!跳过!!](6, 8, 117)[!!跳过!!](6, 9, 118)[!!跳过!!](6, 10, 119)[!!跳过!!](6, 11, 120)[!!跳过!!](6, 12, 121)[!!跳过!!](6, 13, 122)[!!跳过!!](6, 14, 123)[!!跳过!!](6, 15, 124)[!!跳过!!](6, 16, 125)[!!跳过!!](6, 17, 126)[!!跳过!!](6, 18, 127)[!!跳过!!](6, 19, 128)[!!跳过!!](6, 20, 129)[!!跳过!!](6, 21, 130)[!!跳过!!](6, 22, 131)[0m[m
[0m2022-03-20 14:01:32 V/Bot.3424719593: Friend(2598810411) <- [!!跳过!!](7, 1, 132)[!!跳过!!](7, 2, 133)[!!跳过!!](7, 3, 134)[!!跳过!!](7, 4, 135)[!!跳过!!](7, 5, 136)[!!跳过!!](7, 6, 137)[!!跳过!!](7, 7, 138)[!!跳过!!](7, 8, 139)[!!跳过!!](7, 9, 140)[!!跳过!!](7, 10, 141)[!!跳过!!](7, 11, 142)[!!跳过!!](7, 12, 143)[!!跳过!!](7, 13, 144)[!!跳过!!](7, 14, 145)[!!跳过!!](7, 15, 146)[!!跳过!!](7, 16, 147)[!!跳过!!](7, 17, 148)[!!跳过!!](7, 18, 149)[!!跳过!!](7, 19, 150)[!!跳过!!](7, 20, 151)[!!跳过!!](7, 21, 152)[!!跳过!!](7, 22, 153)[0m[m
[0m2022-03-20 14:01:32 V/Bot.3424719593: Friend(2598810411) <- [!!跳过!!](8, 1, 154)[!!跳过!!](8, 2, 155)[!!跳过!!](8, 3, 156)[!!跳过!!](8, 4, 157)[!!跳过!!](8, 5, 158)[!!跳过!!](8, 6, 159)[!!跳过!!](8, 7, 160)[!!跳过!!](8, 8, 161)[!!跳过!!](8, 9, 162)[!!跳过!!](8, 10, 163)[!!跳过!!](8, 11, 164)[!!跳过!!](8, 12, 165)[!!跳过!!](8, 13, 166)[!!跳过!!](8, 14, 167)[!!跳过!!](8, 15, 168)[!!跳过!!](8, 16, 169)[!!跳过!!](8, 17, 170)[!!跳过!!](8, 18, 171)[!!跳过!!](8, 19, 172)[!!跳过!!](8, 20, 173)[!!跳过!!](8, 21, 174)[!!跳过!!](8, 22, 175)[0m[m
[0m2022-03-20 14:01:32 V/Bot.3424719593: Friend(2598810411) <- 运行完毕![0m[m
[0m2022-03-20 14:01:32 V/Bot.3424719593: Friend(2598810411) <- 您的课程:\n\n[NO. 1] 完成度100% 新目标大学英语(第二版)综合教程1\n[0m[m
[0m2022-03-20 14:04:05 V/Bot.3424719593: Tiburón(3330976696) -> welearn[0m[m
[0m2022-03-20 14:04:05 V/Bot.3424719593: Friend(3330976696) <- 你好欢迎使用welearn刷课工具\n请输入账号[0m[m
[0m2022-03-20 14:04:32 V/Bot.3424719593: Tiburón(3330976696) -> 学习通[0m[m
[0m2022-03-20 14:04:32 V/Bot.3424719593: Friend(3330976696) <- 请输入密码[0m[m
[0m2022-03-20 14:04:47 V/Bot.3424719593: Tiburón(3330976696) -> a[0m[m
[0m2022-03-20 14:04:47 V/Bot.3424719593: Friend(3330976696) <- 正在登录...[0m[m
[0m2022-03-20 14:04:48 V/Bot.3424719593: Friend(3330976696) <- 登录失败\n[0m[m
[0m2022-03-20 14:04:54 V/Bot.3424719593: Tiburón(3330976696) -> 学习通[0m[m
[0m2022-03-20 14:12:05 V/Bot.3424719593: Event: NewFriendRequestEvent(bot=Bot(3424719593), eventId=1647756725000000, message=我是谭植天, fromId=2834005011, fromGroupId=0, fromNick=谭植天)[0m[m
[0m2022-03-20 14:12:05 V/Bot.3424719593: Friend(2598810411) <- @谭植天#2834005011 with <1647756725000000>\n申请添加好友\nfrom null\n我是谭植天\n已自动同意\n[0m[m
[0m2022-03-20 14:12:05 V/Bot.3424719593: Event: FriendAddEvent(friend=Friend(2834005011))[0m[m
[0m2022-03-20 14:12:10 V/Bot.3424719593: 谭植天(2834005011) -> ？[0m[m
[0m2022-03-20 14:13:01 V/Bot.3424719593: 谭植天(2834005011) -> welearn[0m[m
[0m2022-03-20 14:13:01 V/Bot.3424719593: Friend(2834005011) <- 你好欢迎使用welearn刷课工具\n请输入账号[0m[m
[0m2022-03-20 14:13:32 V/Bot.3424719593: Friend(2834005011) <- 已超时取消[0m[m
[0m2022-03-20 14:13:39 V/Bot.3424719593: 谭植天(2834005011) -> welearn[0m[m
[0m2022-03-20 14:13:39 V/Bot.3424719593: Friend(2834005011) <- 你好欢迎使用welearn刷课工具\n请输入账号[0m[m
[0m2022-03-20 14:13:43 V/Bot.3424719593: Friend(2834005011) <- 请输入密码[0m[m
[0m2022-03-20 14:13:43 V/Bot.3424719593: 谭植天(2834005011) -> 13762606819[0m[m
[0m2022-03-20 14:14:13 V/Bot.3424719593: Friend(2834005011) <- 已超时取消[0m[m
[0m2022-03-20 14:15:55 V/Bot.3424719593: 谭植天(2834005011) -> welearn[0m[m
[0m2022-03-20 14:15:55 V/Bot.3424719593: Friend(2834005011) <- 你好欢迎使用welearn刷课工具\n请输入账号[0m[m
[0m2022-03-20 14:15:59 V/Bot.3424719593: 谭植天(2834005011) -> 13762606819[0m[m
[0m2022-03-20 14:15:59 V/Bot.3424719593: Friend(2834005011) <- 请输入密码[0m[m
[0m2022-03-20 14:16:06 V/Bot.3424719593: 谭植天(2834005011) -> tt123456789tt[0m[m
[0m2022-03-20 14:16:06 V/Bot.3424719593: Friend(2834005011) <- 正在登录...[0m[m
[0m2022-03-20 14:16:07 V/Bot.3424719593: Friend(2834005011) <- 登录成功,开始查询课程\n查询课程成功!!!您的课程:\n\n[NO. 1] 完成度  1% 新目标大学英语(第二版)综合教程2\n[NO. 2] 完成度  7% 新目标大学英语(第二版)综合教程1\n\n请输入需要完成的课程序号\n（上方[]内的数字）: [0m[m
[0m2022-03-20 14:16:29 V/Bot.3424719593: 谭植天(2834005011) -> 2[0m[m
[0m2022-03-20 14:16:30 V/Bot.3424719593: Friend(2834005011) <- [NO. 0]  按顺序完成全部单元课程\n[NO. 1]  [已开放]  Unit 01  Unit 1 College Life\n[NO. 2]  [已开放]  Unit 02  Unit 2 Love and Friendship\n[NO. 3]  [已开放]  Unit 03  Unit 3 Power of Music\n[NO. 4]  [已开放]  Unit 04  Unit 4 Driving Forces of Sports\n[NO. 5]  [已开放]  Unit 05  Unit 5 To Be Creative\n[NO. 6]  [已开放]  Unit 06  Unit 6 Pleasure of Reading\n[NO. 7]  [已开放]  Unit 07  Unit 7 Effective Communication\n[NO. 8]  [已开放]  Unit 08  Unit 8 Growing Pains\n请选择需要完成的单元序号（上方[]内的数字，输入0为按顺序刷全部单元）:  [0m[m
[0m2022-03-20 14:16:49 V/Bot.3424719593: 谭植天(2834005011) -> 1[0m[m
[0m2022-03-20 14:16:49 V/Bot.3424719593: Friend(2834005011) <- 模式1:每个练习指定正确率，请直接输入指定的正确率\n如:希望每个练习正确率均为100，则输入 100\n\n模式2:每个练习随机正确率，请输入正确率上下限并用英文逗号隔开\n如:希望每个练习正确率为70～100，则输入 70,100\n\n请严格按照以上格式输入每个练习的正确率: [0m[m
[0m2022-03-20 14:17:19 V/Bot.3424719593: Friend(2834005011) <- 已超时取消[0m[m
[0m2022-03-20 14:17:22 V/Bot.3424719593: 谭植天(2834005011) -> 100[0m[m
[0m2022-03-20 14:20:04 V/Bot.3424719593: 谭植天(2834005011) -> welearn[0m[m
[0m2022-03-20 14:20:04 V/Bot.3424719593: Friend(2834005011) <- 你好欢迎使用welearn刷课工具\n请输入账号[0m[m
[0m2022-03-20 14:20:08 V/Bot.3424719593: 谭植天(2834005011) -> 13762606819[0m[m
[0m2022-03-20 14:20:08 V/Bot.3424719593: Friend(2834005011) <- 请输入密码[0m[m
[0m2022-03-20 14:20:15 V/Bot.3424719593: 谭植天(2834005011) -> tt123456789tt[0m[m
[0m2022-03-20 14:20:15 V/Bot.3424719593: Friend(2834005011) <- 正在登录...[0m[m
[0m2022-03-20 14:20:16 V/Bot.3424719593: Friend(2834005011) <- 登录成功,开始查询课程\n查询课程成功!!!您的课程:\n\n[NO. 1] 完成度  7% 新目标大学英语(第二版)综合教程1\n[NO. 2] 完成度  1% 新目标大学英语(第二版)综合教程2\n\n请输入需要完成的课程序号\n（上方[]内的数字）: [0m[m
[0m2022-03-20 14:20:29 V/Bot.3424719593: 谭植天(2834005011) -> 1[0m[m
[0m2022-03-20 14:20:29 V/Bot.3424719593: Friend(2834005011) <- [NO. 0]  按顺序完成全部单元课程\n[NO. 1]  [已开放]  Unit 01  Unit 1 College Life\n[NO. 2]  [已开放]  Unit 02  Unit 2 Love and Friendship\n[NO. 3]  [已开放]  Unit 03  Unit 3 Power of Music\n[NO. 4]  [已开放]  Unit 04  Unit 4 Driving Forces of Sports\n[NO. 5]  [已开放]  Unit 05  Unit 5 To Be Creative\n[NO. 6]  [已开放]  Unit 06  Unit 6 Pleasure of Reading\n[NO. 7]  [已开放]  Unit 07  Unit 7 Effective Communication\n[NO. 8]  [已开放]  Unit 08  Unit 8 Growing Pains\n请选择需要完成的单元序号（上方[]内的数字，输入0为按顺序刷全部单元）:  [0m[m
[0m2022-03-20 14:20:33 V/Bot.3424719593: 谭植天(2834005011) -> 1[0m[m
[0m2022-03-20 14:20:33 V/Bot.3424719593: Friend(2834005011) <- 模式1:每个练习指定正确率，请直接输入指定的正确率\n如:希望每个练习正确率均为100，则输入 100\n\n模式2:每个练习随机正确率，请输入正确率上下限并用英文逗号隔开\n如:希望每个练习正确率为70～100，则输入 70,100\n\n请严格按照以上格式输入每个练习的正确率: [0m[m
[0m2022-03-20 14:20:37 V/Bot.3424719593: 谭植天(2834005011) -> 100[0m[m
[0m2022-03-20 14:20:45 V/Bot.3424719593: Friend(2834005011) <- [即将完成](1, 1, 0)正确率:100%  方式1:成功!!!   方式2:成功!!!   [ 已完成 ](1, 2, 1)[ 已完成 ](1, 3, 2)[即将完成](1, 4, 3)正确率:100%  方式1:成功!!!   方式2:成功!!!   [即将完成](1, 5, 4)正确率:100%  方式1:成功!!!   方式2:成功!!!   [即将完成](1, 6, 5)正确率:100%  方式1:成功!!!   方式2:成功!!!   [即将完成](1, 7, 6)正确率:100%  方式1:成功!!!   方式2:成功!!!   [即将完成](1, 8, 7)正确率:100%  方式1:成功!!!   方式2:成功!!!   [即将完成](1, 9, 8)正确率:100%  方式1:成功!!!   方式2:成功!!!   [即将完成](1, 10, 9)正确率:100%  方式1:成功!!!   方式2:成功!!!   [即将完成](1, 11, 10)正确率:100%  方式1:成功!!!   方式2:成功!!!   [即将完成](1, 12, 11)正确率:100%  方式1:成功!!!   方式2:成功!!!   [即将完成](1, 13, 12)正确率:100%  方式1:成功!!!   方式2:成功!!!   [即将完成](1, 14, 13)正确率:100%  方式1:成功!!!   方式2:成功!!!   [即将完成](1, 15, 14)正确率:100%  方式1:成功!!!   方式2:成功!!!   [即将完成](1, 16, 15)正确率:100%  方式1:成功!!!   方式2:成功!!!   [即将完成](1, 17, 16)正确率:100%  方式1:成功!!!   方式2:成功!!!   [即将完成](1, 18, 17)正确率:100%  方式1:成功!!!   方式2:成功!!!   [即将完成](1, 19, 18)正确率:100%  方式1:成功!!!   方式2:成功!!!   [即将完成](1, 20, 19)正确率:100%  方式1:成功!!!   方式2:成功!!!   [即将完成](1, 21, 20)正确率:100%  方式1:成功!!!   方式2:成功!!!   [即将完成](1, 22, 21)正确率:100%  方式1:成功!!!   方式2:成功!!!   [0m[m
[0m2022-03-20 14:20:45 V/Bot.3424719593: Friend(2834005011) <- 运行完毕![0m[m
[0m2022-03-20 14:20:45 V/Bot.3424719593: Friend(2834005011) <- 您的课程:\n\n[NO. 1] 完成度 18% 新目标大学英语(第二版)综合教程1\n[NO. 2] 完成度  1% 新目标大学英语(第二版)综合教程2\n[0m[m
[0m2022-03-20 15:10:59 V/Bot.3424719593: [地牢四贱客【迫害向】(519611991)] 我是个啥(2017152647) -> 暑假玩泰拉的mod吧[0m[m
[0m2022-03-20 15:17:46 V/Bot.3424719593: [地牢四贱客【迫害向】(519611991)] 一次充电数周续航(2598810411) -> 可以[0m[m
[0m2022-03-20 15:18:57 V/Bot.3424719593: [地牢四贱客【迫害向】(519611991)] 我是个啥(2017152647) -> 玩灾厄加瑟银[0m[m
[0m2022-03-20 15:19:43 V/Bot.3424719593: [地牢四贱客【迫害向】(519611991)] 我是个啥(2017152647) -> 辅助mod懒人，炼金术士，魔镜，智能门，合成表，boss表等[0m[m
[0m2022-03-20 15:20:14 V/Bot.3424719593: [地牢四贱客【迫害向】(519611991)] 我是个啥(2017152647) -> （尽量加不过度影响平衡的辅助mod）[0m[m
[0m2022-03-20 15:20:44 V/Bot.3424719593: [地牢四贱客【迫害向】(519611991)] 我是个啥(2017152647) -> mod本身是1.3版本的泰拉的修改[0m[m
[0m2022-03-20 15:21:14 V/Bot.3424719593: [地牢四贱客【迫害向】(519611991)] 我是个啥(2017152647) -> 所以没有智能门，天顶剑，光女，史莱姆皇后[0m[m
[0m2022-03-20 15:21:24 V/Bot.3424719593: [地牢四贱客【迫害向】(519611991)] 我是个啥(2017152647) -> 还有一些也没有[0m[m
[0m2022-03-20 15:23:48 V/Bot.3424719593: [地牢四贱客【迫害向】(519611991)] 我是个啥(2017152647) -> 不过灾厄本身添加了更多武器，装备，饰品，boss[0m[m
[0m2022-03-20 15:24:06 V/Bot.3424719593: [地牢四贱客【迫害向】(519611991)] 我是个啥(2017152647) -> 有月后的一些boss[0m[m
[0m2022-03-20 15:24:56 V/Bot.3424719593: Event: GroupTalkativeChangeEvent(group=Group(1004634397), now=NormalMember(2598810411), previous=NormalMember(3424719593))[0m[m
[0m2022-03-20 15:24:56 V/Bot.3424719593: Event: MemberHonorChangeEvent.Lose(member=NormalMember(3424719593), honorType=TALKATIVE)[0m[m
[0m2022-03-20 15:24:56 V/Bot.3424719593: Event: MemberHonorChangeEvent.Achieve(member=NormalMember(2598810411), honorType=TALKATIVE)[0m[m
[0m2022-03-20 15:26:38 V/Bot.3424719593: [地牢四贱客【迫害向】(519611991)] 我是个啥(2017152647) -> 职业新加了盗贼（投掷） 牧师（废物），乐师（瑟银的，也是废物）[0m[m
[0m2022-03-20 15:30:01 V/Bot.3424719593: [地牢四贱客【迫害向】(519611991)] 我是个啥(2017152647) -> 1.3没有泰拉鞋和雏翼[0m[m
[0m2022-03-20 15:35:33 V/Bot.3424719593: [地牢四贱客【迫害向】(519611991)] 喵三OAO(1163772509) -> [mirai:image:{00367C06-7FE1-44C2-B05C-99AFB466F6B8}.jpg][0m[m
[0m2022-03-20 15:38:56 V/Bot.3424719593: [地牢四贱客【迫害向】(519611991)] 喵三OAO(1163772509) -> [mirai:image:{3D02D594-3281-4ABE-A87F-CA1FB19B118E}.jpg][0m[m
[0m2022-03-20 18:34:04 V/Bot.3424719593: [地牢四贱客【迫害向】(519611991)] 我是个啥(2017152647) -> [mirai:at:2598810411] [mirai:at:1163772509] 来玩[0m[m
[0m2022-03-20 19:09:54 V/Bot.3424719593: [地牢四贱客【迫害向】(519611991)] 一次充电数周续航(2598810411) -> 啥[0m[m
[0m2022-03-20 19:13:55 V/Bot.3424719593: [地牢四贱客【迫害向】(519611991)] 我是个啥(2017152647) -> 原版[0m[m
[0m2022-03-20 19:14:22 V/Bot.3424719593: [地牢四贱客【迫害向】(519611991)] 我是个啥(2017152647) -> ftw彩蛋世界[0m[m
[0m2022-03-20 20:20:23 V/Bot.3424719593: [426的家人们(865378263)] 杨立雨(2375968553) -> [mirai:image:{39ACECC2-EE4B-9002-BF0F-A7E0934426F6}.jpg][0m[m
[0m2022-03-20 20:21:52 V/Bot.3424719593: [426的家人们(865378263)] 杨立雨(2375968553) -> 很多\n[0m[m
[0m2022-03-20 20:50:25 V/Bot.3424719593: Event: NewFriendRequestEvent(bot=Bot(3424719593), eventId=1647780625000000, message=我是[iostream], fromId=3014047624, fromGroupId=0, fromNick=[iostream])[0m[m
[0m2022-03-20 20:50:25 V/Bot.3424719593: Friend(2598810411) <- @[iostream]#3014047624 with <1647780625000000>\n申请添加好友\nfrom null\n我是[iostream]\n已自动同意\n[0m[m
[0m2022-03-20 20:50:25 V/Bot.3424719593: Event: FriendAddEvent(friend=Friend(3014047624))[0m[m
[0m2022-03-20 20:50:31 V/Bot.3424719593: [iostream](3014047624) -> welearn[0m[m
[0m2022-03-20 20:50:32 V/Bot.3424719593: Friend(3014047624) <- 你好欢迎使用welearn刷课工具\n请输入账号[0m[m
[0m2022-03-20 20:51:02 V/Bot.3424719593: Friend(3014047624) <- 已超时取消[0m[m
[0m2022-03-20 20:51:48 V/Bot.3424719593: [iostream](3014047624) -> welearn[0m[m
[0m2022-03-20 20:51:48 V/Bot.3424719593: Friend(3014047624) <- 你好欢迎使用welearn刷课工具\n请输入账号[0m[m
[0m2022-03-20 20:51:53 V/Bot.3424719593: [iostream](3014047624) -> 18074300207[0m[m
[0m2022-03-20 20:51:53 V/Bot.3424719593: Friend(3014047624) <- 请输入密码[0m[m
[0m2022-03-20 20:52:00 V/Bot.3424719593: [iostream](3014047624) -> wkl18074300207[0m[m
[0m2022-03-20 20:52:00 V/Bot.3424719593: Friend(3014047624) <- 正在登录...[0m[m
[0m2022-03-20 20:52:01 V/Bot.3424719593: Friend(3014047624) <- 登录成功,开始查询课程\n查询课程成功!!!您的课程:\n\n[NO. 1] 完成度  0% 新目标大学英语(第二版)综合教程2\n[NO. 2] 完成度100% 新目标大学英语(第二版)综合教程1\n\n请输入需要完成的课程序号\n（上方[]内的数字）: [0m[m
[0m2022-03-20 20:52:09 V/Bot.3424719593: [iostream](3014047624) -> 1[0m[m
[0m2022-03-20 20:52:10 V/Bot.3424719593: Friend(3014047624) <- [NO. 0]  按顺序完成全部单元课程\n[NO. 1]  [已开放]  Unit 01  Unit 1 Understanding Chinese Culture and Tradition\n[NO. 2]  [已开放]  Unit 02  Unit 2 Gaining a Foothold in the Business World\n[NO. 3]  [已开放]  Unit 03  Unit 3 Smart Technology, Smart Life\n[NO. 4]  [已开放]  Unit 04  Unit 4 Great Men, Great Minds\n[NO. 5]  [已开放]  Unit 05  Unit 5 Studying Abroad\n[NO. 6]  [已开放]  Unit 06  Unit 6 Experiencing the Charm of Nature\n[NO. 7]  [已开放]  Unit 07  Unit 7 Between Real and Virtual\n[NO. 8]  [已开放]  Unit 08  Unit 8 Recognizing the Diversity and Unity of the World\n请选择需要完成的单元序号（上方[]内的数字，输入0为按顺序刷全部单元）:  [0m[m
[0m2022-03-20 20:52:17 V/Bot.3424719593: Friend(3014047624) <- 模式1:每个练习指定正确率，请直接输入指定的正确率\n如:希望每个练习正确率均为100，则输入 100\n\n模式2:每个练习随机正确率，请输入正确率上下限并用英文逗号隔开\n如:希望每个练习正确率为70～100，则输入 70,100\n\n请严格按照以上格式输入每个练习的正确率: [0m[m
[0m2022-03-20 20:52:17 V/Bot.3424719593: [iostream](3014047624) -> 0[0m[m
[0m2022-03-20 20:52:30 V/Bot.3424719593: [iostream](3014047624) -> 100[0m[m
[0m2022-03-20 20:52:38 V/Bot.3424719593: Friend(3014047624) <- [即将完成](1, 1, 0)正确率:100%  方式1:成功!!!   方式2:成功!!!   [即将完成](1, 2, 1)正确率:100%  方式1:成功!!!   方式2:成功!!!   [即将完成](1, 3, 2)正确率:100%  方式1:成功!!!   方式2:成功!!!   [即将完成](1, 4, 3)正确率:100%  方式1:成功!!!   方式2:成功!!!   [即将完成](1, 5, 4)正确率:100%  方式1:成功!!!   方式2:成功!!!   [即将完成](1, 6, 5)正确率:100%  方式1:成功!!!   方式2:成功!!!   [即将完成](1, 7, 6)正确率:100%  方式1:成功!!!   方式2:成功!!!   [即将完成](1, 8, 7)正确率:100%  方式1:成功!!!   方式2:成功!!!   [即将完成](1, 9, 8)正确率:100%  方式1:成功!!!   方式2:成功!!!   [即将完成](1, 10, 9)正确率:100%  方式1:成功!!!   方式2:成功!!!   [即将完成](1, 11, 10)正确率:100%  方式1:成功!!!   方式2:成功!!!   [即将完成](1, 12, 11)正确率:100%  方式1:成功!!!   方式2:成功!!!   [即将完成](1, 13, 12)正确率:100%  方式1:成功!!!   方式2:成功!!!   [即将完成](1, 14, 13)正确率:100%  方式1:成功!!!   方式2:成功!!!   [即将完成](1, 15, 14)正确率:100%  方式1:成功!!!   方式2:成功!!!   [即将完成](1, 16, 15)正确率:100%  方式1:成功!!!   方式2:成功!!!   [即将完成](1, 17, 16)正确率:100%  方式1:成功!!!   方式2:成功!!!   [即将完成](1, 18, 17)正确率:100%  方式1:成功!!!   方式2:成功!!!   [即将完成](1, 19, 18)正确率:100%  方式1:成功!!!   方式2:成功!!!   [即将完成](1, 20, 19)正确率:100%  方式1:成功!!!   方式2:成功!!!   [即将完成](1, 21, 20)正确率:100%  方式1:成功!!!   方式2:成功!!!   [即将完成](1, 22, 21)正确率:100%  方式1:成功!!!   方式2:成功!!!   [即将完成](1, 23, 22)正确率:100%  方式1:成功!!!   方式2:成功!!!   [0m[m
[0m2022-03-20 20:52:47 V/Bot.3424719593: Friend(3014047624) <- [即将完成](2, 1, 23)正确率:100%  方式1:成功!!!   方式2:成功!!!   [即将完成](2, 2, 24)正确率:100%  方式1:成功!!!   方式2:成功!!!   [即将完成](2, 3, 25)正确率:100%  方式1:成功!!!   方式2:成功!!!   [即将完成](2, 4, 26)正确率:100%  方式1:成功!!!   方式2:成功!!!   [即将完成](2, 5, 27)正确率:100%  方式1:成功!!!   方式2:成功!!!   [即将完成](2, 6, 28)正确率:100%  方式1:成功!!!   方式2:成功!!!   [即将完成](2, 7, 29)正确率:100%  方式1:成功!!!   方式2:成功!!!   [即将完成](2, 8, 30)正确率:100%  方式1:成功!!!   方式2:成功!!!   [即将完成](2, 9, 31)正确率:100%  方式1:成功!!!   方式2:成功!!!   [即将完成](2, 10, 32)正确率:100%  方式1:成功!!!   方式2:成功!!!   [即将完成](2, 11, 33)正确率:100%  方式1:成功!!!   方式2:成功!!!   [即将完成](2, 12, 34)正确率:100%  方式1:成功!!!   方式2:成功!!!   [即将完成](2, 13, 35)正确率:100%  方式1:成功!!!   方式2:成功!!!   [即将完成](2, 14, 36)正确率:100%  方式1:成功!!!   方式2:成功!!!   [即将完成](2, 15, 37)正确率:100%  方式1:成功!!!   方式2:成功!!!   [即将完成](2, 16, 38)正确率:100%  方式1:成功!!!   方式2:成功!!!   [即将完成](2, 17, 39)正确率:100%  方式1:成功!!!   方式2:成功!!!   [即将完成](2, 18, 40)正确率:100%  方式1:成功!!!   方式2:成功!!!   [即将完成](2, 19, 41)正确率:100%  方式1:成功!!!   方式2:成功!!!   [即将完成](2, 20, 42)正确率:100%  方式1:成功!!!   方式2:成功!!!   [即将完成](2, 21, 43)正确率:100%  方式1:成功!!!   方式2:成功!!!   [即将完成](2, 22, 44)正确率:100%  方式1:成功!!!   方式2:成功!!!   [即将完成](2, 23, 45)正确率:100%  方式1:成功!!!   方式2:成功!!!   [0m[m
[0m2022-03-20 20:52:56 V/Bot.3424719593: Friend(3014047624) <- [即将完成](3, 1, 46)正确率:100%  方式1:成功!!!   方式2:成功!!!   [即将完成](3, 2, 47)正确率:100%  方式1:成功!!!   方式2:成功!!!   [即将完成](3, 3, 48)正确率:100%  方式1:成功!!!   方式2:成功!!!   [即将完成](3, 4, 49)正确率:100%  方式1:成功!!!   方式2:成功!!!   [即将完成](3, 5, 50)正确率:100%  方式1:成功!!!   方式2:成功!!!   [即将完成](3, 6, 51)正确率:100%  方式1:成功!!!   方式2:成功!!!   [即将完成](3, 7, 52)正确率:100%  方式1:成功!!!   方式2:成功!!!   [即将完成](3, 8, 53)正确率:100%  方式1:成功!!!   方式2:成功!!!   [即将完成](3, 9, 54)正确率:100%  方式1:成功!!!   方式2:成功!!!   [即将完成](3, 10, 55)正确率:100%  方式1:成功!!!   方式2:成功!!!   [即将完成](3, 11, 56)正确率:100%  方式1:成功!!!   方式2:成功!!!   [即将完成](3, 12, 57)正确率:100%  方式1:成功!!!   方式2:成功!!!   [即将完成](3, 13, 58)正确率:100%  方式1:成功!!!   方式2:成功!!!   [即将完成](3, 14, 59)正确率:100%  方式1:成功!!!   方式2:成功!!!   [即将完成](3, 15, 60)正确率:100%  方式1:成功!!!   方式2:成功!!!   [即将完成](3, 16, 61)正确率:100%  方式1:成功!!!   方式2:成功!!!   [即将完成](3, 17, 62)正确率:100%  方式1:成功!!!   方式2:成功!!!   [即将完成](3, 18, 63)正确率:100%  方式1:成功!!!   方式2:成功!!!   [即将完成](3, 19, 64)正确率:100%  方式1:成功!!!   方式2:成功!!!   [即将完成](3, 20, 65)正确率:100%  方式1:成功!!!   方式2:成功!!!   [即将完成](3, 21, 66)正确率:100%  方式1:成功!!!   方式2:成功!!!   [即将完成](3, 22, 67)正确率:100%  方式1:成功!!!   方式2:成功!!!   [即将完成](3, 23, 68)正确率:100%  方式1:成功!!!   方式2:成功!!!   [0m[m
[0m2022-03-20 20:53:05 V/Bot.3424719593: Friend(3014047624) <- [即将完成](4, 1, 69)正确率:100%  方式1:成功!!!   方式2:成功!!!   [即将完成](4, 2, 70)正确率:100%  方式1:成功!!!   方式2:成功!!!   [即将完成](4, 3, 71)正确率:100%  方式1:成功!!!   方式2:成功!!!   [即将完成](4, 4, 72)正确率:100%  方式1:成功!!!   方式2:成功!!!   [即将完成](4, 5, 73)正确率:100%  方式1:成功!!!   方式2:成功!!!   [即将完成](4, 6, 74)正确率:100%  方式1:成功!!!   方式2:成功!!!   [即将完成](4, 7, 75)正确率:100%  方式1:成功!!!   方式2:成功!!!   [即将完成](4, 8, 76)正确率:100%  方式1:成功!!!   方式2:成功!!!   [即将完成](4, 9, 77)正确率:100%  方式1:成功!!!   方式2:成功!!!   [即将完成](4, 10, 78)正确率:100%  方式1:成功!!!   方式2:成功!!!   [即将完成](4, 11, 79)正确率:100%  方式1:成功!!!   方式2:成功!!!   [即将完成](4, 12, 80)正确率:100%  方式1:成功!!!   方式2:成功!!!   [即将完成](4, 13, 81)正确率:100%  方式1:成功!!!   方式2:成功!!!   [即将完成](4, 14, 82)正确率:100%  方式1:成功!!!   方式2:成功!!!   [即将完成](4, 15, 83)正确率:100%  方式1:成功!!!   方式2:成功!!!   [即将完成](4, 16, 84)正确率:100%  方式1:成功!!!   方式2:成功!!!   [即将完成](4, 17, 85)正确率:100%  方式1:成功!!!   方式2:成功!!!   [即将完成](4, 18, 86)正确率:100%  方式1:成功!!!   方式2:成功!!!   [即将完成](4, 19, 87)正确率:100%  方式1:成功!!!   方式2:成功!!!   [即将完成](4, 20, 88)正确率:100%  方式1:成功!!!   方式2:成功!!!   [即将完成](4, 21, 89)正确率:100%  方式1:成功!!!   方式2:成功!!!   [即将完成](4, 22, 90)正确率:100%  方式1:成功!!!   方式2:成功!!!   [即将完成](4, 23, 91)正确率:100%  方式1:成功!!!   方式2:成功!!!   [0m[m
[0m2022-03-20 20:53:14 V/Bot.3424719593: Friend(3014047624) <- [即将完成](5, 1, 92)正确率:100%  方式1:成功!!!   方式2:成功!!!   [即将完成](5, 2, 93)正确率:100%  方式1:成功!!!   方式2:成功!!!   [即将完成](5, 3, 94)正确率:100%  方式1:成功!!!   方式2:成功!!!   [即将完成](5, 4, 95)正确率:100%  方式1:成功!!!   方式2:成功!!!   [即将完成](5, 5, 96)正确率:100%  方式1:成功!!!   方式2:成功!!!   [即将完成](5, 6, 97)正确率:100%  方式1:成功!!!   方式2:成功!!!   [即将完成](5, 7, 98)正确率:100%  方式1:成功!!!   方式2:成功!!!   [即将完成](5, 8, 99)正确率:100%  方式1:成功!!!   方式2:成功!!!   [即将完成](5, 9, 100)正确率:100%  方式1:成功!!!   方式2:成功!!!   [即将完成](5, 10, 101)正确率:100%  方式1:成功!!!   方式2:成功!!!   [即将完成](5, 11, 102)正确率:100%  方式1:成功!!!   方式2:成功!!!   [即将完成](5, 12, 103)正确率:100%  方式1:成功!!!   方式2:成功!!!   [即将完成](5, 13, 104)正确率:100%  方式1:成功!!!   方式2:成功!!!   [即将完成](5, 14, 105)正确率:100%  方式1:成功!!!   方式2:成功!!!   [即将完成](5, 15, 106)正确率:100%  方式1:成功!!!   方式2:成功!!!   [即将完成](5, 16, 107)正确率:100%  方式1:成功!!!   方式2:成功!!!   [即将完成](5, 17, 108)正确率:100%  方式1:成功!!!   方式2:成功!!!   [即将完成](5, 18, 109)正确率:100%  方式1:成功!!!   方式2:成功!!!   [即将完成](5, 19, 110)正确率:100%  方式1:成功!!!   方式2:成功!!!   [即将完成](5, 20, 111)正确率:100%  方式1:成功!!!   方式2:成功!!!   [即将完成](5, 21, 112)正确率:100%  方式1:成功!!!   方式2:成功!!!   [即将完成](5, 22, 113)正确率:100%  方式1:成功!!!   方式2:成功!!!   [即将完成](5, 23, 114)正确率:100%  方式1:成功!!!   方式2:成功!!!   [0m[m
[0m2022-03-20 20:53:23 V/Bot.3424719593: Friend(3014047624) <- [即将完成](6, 1, 115)正确率:100%  方式1:成功!!!   方式2:成功!!!   [即将完成](6, 2, 116)正确率:100%  方式1:成功!!!   方式2:成功!!!   [即将完成](6, 3, 117)正确率:100%  方式1:成功!!!   方式2:成功!!!   [即将完成](6, 4, 118)正确率:100%  方式1:成功!!!   方式2:成功!!!   [即将完成](6, 5, 119)正确率:100%  方式1:成功!!!   方式2:成功!!!   [即将完成](6, 6, 120)正确率:100%  方式1:成功!!!   方式2:成功!!!   [即将完成](6, 7, 121)正确率:100%  方式1:成功!!!   方式2:成功!!!   [即将完成](6, 8, 122)正确率:100%  方式1:成功!!!   方式2:成功!!!   [即将完成](6, 9, 123)正确率:100%  方式1:成功!!!   方式2:成功!!!   [即将完成](6, 10, 124)正确率:100%  方式1:成功!!!   方式2:成功!!!   [即将完成](6, 11, 125)正确率:100%  方式1:成功!!!   方式2:成功!!!   [即将完成](6, 12, 126)正确率:100%  方式1:成功!!!   方式2:成功!!!   [即将完成](6, 13, 127)正确率:100%  方式1:成功!!!   方式2:成功!!!   [即将完成](6, 14, 128)正确率:100%  方式1:成功!!!   方式2:成功!!!   [即将完成](6, 15, 129)正确率:100%  方式1:成功!!!   方式2:成功!!!   [即将完成](6, 16, 130)正确率:100%  方式1:成功!!!   方式2:成功!!!   [即将完成](6, 17, 131)正确率:100%  方式1:成功!!!   方式2:成功!!!   [即将完成](6, 18, 132)正确率:100%  方式1:成功!!!   方式2:成功!!!   [即将完成](6, 19, 133)正确率:100%  方式1:成功!!!   方式2:成功!!!   [即将完成](6, 20, 134)正确率:100%  方式1:成功!!!   方式2:成功!!!   [即将完成](6, 21, 135)正确率:100%  方式1:成功!!!   方式2:成功!!!   [即将完成](6, 22, 136)正确率:100%  方式1:成功!!!   方式2:成功!!!   [即将完成](6, 23, 137)正确率:100%  方式1:成功!!!   方式2:成功!!!   [0m[m
[0m2022-03-20 20:53:32 V/Bot.3424719593: Friend(3014047624) <- [即将完成](7, 1, 138)正确率:100%  方式1:成功!!!   方式2:成功!!!   [即将完成](7, 2, 139)正确率:100%  方式1:成功!!!   方式2:成功!!!   [即将完成](7, 3, 140)正确率:100%  方式1:成功!!!   方式2:成功!!!   [即将完成](7, 4, 141)正确率:100%  方式1:成功!!!   方式2:成功!!!   [即将完成](7, 5, 142)正确率:100%  方式1:成功!!!   方式2:成功!!!   [即将完成](7, 6, 143)正确率:100%  方式1:成功!!!   方式2:成功!!!   [即将完成](7, 7, 144)正确率:100%  方式1:成功!!!   方式2:成功!!!   [即将完成](7, 8, 145)正确率:100%  方式1:成功!!!   方式2:成功!!!   [即将完成](7, 9, 146)正确率:100%  方式1:成功!!!   方式2:成功!!!   [即将完成](7, 10, 147)正确率:100%  方式1:成功!!!   方式2:成功!!!   [即将完成](7, 11, 148)正确率:100%  方式1:成功!!!   方式2:成功!!!   [即将完成](7, 12, 149)正确率:100%  方式1:成功!!!   方式2:成功!!!   [即将完成](7, 13, 150)正确率:100%  方式1:成功!!!   方式2:成功!!!   [即将完成](7, 14, 151)正确率:100%  方式1:成功!!!   方式2:成功!!!   [即将完成](7, 15, 152)正确率:100%  方式1:成功!!!   方式2:成功!!!   [即将完成](7, 16, 153)正确率:100%  方式1:成功!!!   方式2:成功!!!   [即将完成](7, 17, 154)正确率:100%  方式1:成功!!!   方式2:成功!!!   [即将完成](7, 18, 155)正确率:100%  方式1:成功!!!   方式2:成功!!!   [即将完成](7, 19, 156)正确率:100%  方式1:成功!!!   方式2:成功!!!   [即将完成](7, 20, 157)正确率:100%  方式1:成功!!!   方式2:成功!!!   [即将完成](7, 21, 158)正确率:100%  方式1:成功!!!   方式2:成功!!!   [即将完成](7, 22, 159)正确率:100%  方式1:成功!!!   方式2:成功!!!   [即将完成](7, 23, 160)正确率:100%  方式1:成功!!!   方式2:成功!!!   [0m[m
[0m2022-03-20 20:53:41 V/Bot.3424719593: Friend(3014047624) <- [即将完成](8, 1, 161)正确率:100%  方式1:成功!!!   方式2:成功!!!   [即将完成](8, 2, 162)正确率:100%  方式1:成功!!!   方式2:成功!!!   [即将完成](8, 3, 163)正确率:100%  方式1:成功!!!   方式2:成功!!!   [即将完成](8, 4, 164)正确率:100%  方式1:成功!!!   方式2:成功!!!   [即将完成](8, 5, 165)正确率:100%  方式1:成功!!!   方式2:成功!!!   [即将完成](8, 6, 166)正确率:100%  方式1:成功!!!   方式2:成功!!!   [即将完成](8, 7, 167)正确率:100%  方式1:成功!!!   方式2:成功!!!   [即将完成](8, 8, 168)正确率:100%  方式1:成功!!!   方式2:成功!!!   [即将完成](8, 9, 169)正确率:100%  方式1:成功!!!   方式2:成功!!!   [即将完成](8, 10, 170)正确率:100%  方式1:成功!!!   方式2:成功!!!   [即将完成](8, 11, 171)正确率:100%  方式1:成功!!!   方式2:成功!!!   [即将完成](8, 12, 172)正确率:100%  方式1:成功!!!   方式2:成功!!!   [即将完成](8, 13, 173)正确率:100%  方式1:成功!!!   方式2:成功!!!   [即将完成](8, 14, 174)正确率:100%  方式1:成功!!!   方式2:成功!!!   [即将完成](8, 15, 175)正确率:100%  方式1:成功!!!   方式2:成功!!!   [即将完成](8, 16, 176)正确率:100%  方式1:成功!!!   方式2:成功!!!   [即将完成](8, 17, 177)正确率:100%  方式1:成功!!!   方式2:成功!!!   [即将完成](8, 18, 178)正确率:100%  方式1:成功!!!   方式2:成功!!!   [即将完成](8, 19, 179)正确率:100%  方式1:成功!!!   方式2:成功!!!   [即将完成](8, 20, 180)正确率:100%  方式1:成功!!!   方式2:成功!!!   [即将完成](8, 21, 181)正确率:100%  方式1:成功!!!   方式2:成功!!!   [即将完成](8, 22, 182)正确率:100%  方式1:成功!!!   方式2:成功!!!   [即将完成](8, 23, 183)正确率:100%  方式1:成功!!!   方式2:成功!!!   [0m[m
[0m2022-03-20 20:53:41 V/Bot.3424719593: Friend(3014047624) <- 运行完毕![0m[m
[0m2022-03-20 20:53:42 V/Bot.3424719593: Friend(3014047624) <- 您的课程:\n\n[NO. 1] 完成度100% 新目标大学英语(第二版)综合教程2\n[NO. 2] 完成度100% 新目标大学英语(第二版)综合教程1\n[0m[m
[0m2022-03-20 20:55:34 V/Bot.3424719593: [426的家人们(865378263)] 周旭航(2598810411) -> [mirai:image:{4D63C14A-AAC9-0FA7-E785-A26044D27477}.jpg][0m[m
[31m2022-03-20 21:38:26 E/console: Error in reading next command
java.io.IOError: java.io.IOException: Input/output error
	at org.jline.keymap.BindingReader.readCharacter(BindingReader.java:170)
	at org.jline.keymap.BindingReader.readBinding(BindingReader.java:110)
	at org.jline.keymap.BindingReader.readBinding(BindingReader.java:61)
	at org.jline.reader.impl.LineReaderImpl.doReadBinding(LineReaderImpl.java:913)
	at org.jline.reader.impl.LineReaderImpl.readBinding(LineReaderImpl.java:946)
	at org.jline.reader.impl.LineReaderImpl.readLine(LineReaderImpl.java:637)
	at org.jline.reader.impl.LineReaderImpl.readLine(LineReaderImpl.java:454)
	at net.mamoe.mirai.console.terminal.ConsoleInputImpl$requestInput$2$1$1.run(ConsoleInputImpl.kt:45)
	at java.base/java.util.concurrent.Executors$RunnableAdapter.call(Executors.java:515)
	at java.base/java.util.concurrent.FutureTask.run(FutureTask.java:264)
	at java.base/java.util.concurrent.ThreadPoolExecutor.runWorker(ThreadPoolExecutor.java:1128)
	at java.base/java.util.concurrent.ThreadPoolExecutor$Worker.run(ThreadPoolExecutor.java:628)
	at java.base/java.lang.Thread.run(Thread.java:829)
Caused by: java.io.IOException: Input/output error
	at java.base/java.io.FileInputStream.read0(Native Method)
	at java.base/java.io.FileInputStream.read(FileInputStream.java:231)
	at org.jline.terminal.impl.AbstractPty$PtyInputStream.read(AbstractPty.java:73)
	at org.jline.utils.NonBlockingInputStream.read(NonBlockingInputStream.java:62)
	at org.jline.utils.NonBlocking$NonBlockingInputStreamReader.read(NonBlocking.java:168)
	at org.jline.utils.NonBlockingReader.read(NonBlockingReader.java:57)
	at org.jline.keymap.BindingReader.readCharacter(BindingReader.java:160)
	... 12 more
[0m[m
[91m2022-03-20 21:38:26 W/console: Closing input service...[0m[m
