[92m2022-03-20 12:53:39 I/main: Starting mirai-console...[0m[m
[92m2022-03-20 12:53:39 I/main: Backend: version 2.11.0-M1, built on 2022-03-08 20:34:54.[0m[m
[92m2022-03-20 12:53:39 I/main: Frontend Terminal: version 2.11.0-M1, provided by Mamoe Technologies[0m[m
[92m2022-03-20 12:53:39 I/main: Welcome to visit https://mirai.mamoe.net/[0m[m
[91m2022-03-20 12:53:39 W/stderr: SLF4J: Failed to load class "org.slf4j.impl.StaticLoggerBinder".[0m[m
[91m2022-03-20 12:53:39 W/stderr: SLF4J: Defaulting to no-operation (NOP) logger implementation[0m[m
[91m2022-03-20 12:53:39 W/stderr: SLF4J: See http://www.slf4j.org/codes.html#StaticLoggerBinder for further details.[0m[m
[92m2022-03-20 12:53:40 I/LuckPerms: Loading configuration...[0m[m
[92m2022-03-20 12:53:40 I/LuckPerms: Loading storage provider... [H2][0m[m
[92m2022-03-20 12:53:40 I/LuckPerms: Loading internal permission managers...[0m[m
[92m2022-03-20 12:53:41 I/LuckPerms: Performing initial data load...[0m[m
[92m2022-03-20 12:53:41 I/LuckPerms: Registering internal users....[0m[m
[92m2022-03-20 12:53:41 I/LuckPerms: Successfully enabled. (took 1062ms)[0m[m
[92m2022-03-20 12:53:41 I/plugin: Successfully loaded plugin LuckPerms v2.10.0-dev-6+null[0m[m
[92m2022-03-20 12:53:41 I/plugin: Successfully loaded plugin MCL Addon v1.2.2[0m[m
[92m2022-03-20 12:53:41 I/plugin: Successfully loaded plugin Chat Command v0.5.0[0m[m
[92m2022-03-20 12:53:41 I/plugin: Successfully loaded plugin net.mamoe.mirai-api-http v2.4.0[0m[m
[92m2022-03-20 12:53:41 I/plugin: Successfully loaded plugin mirai-administrator v1.0.4[0m[m
[92m2022-03-20 12:53:41 I/main: Loaded PermissionService from plugin LuckPerms[0m[m
[92m2022-03-20 12:53:41 I/main: Prepared built-in commands: autoLogin, help, login, logout, permission, status, stop[0m[m
[92m2022-03-20 12:53:41 I/MCL Addon: iTXTech MCL Version: 1.2.2-60c67fb[0m[m
[92m2022-03-20 12:53:41 I/Mirai HTTP API: ********************************************************[0m[m
[92m2022-03-20 12:53:42 I/http adapter: >>> [http adapter] is listening at http://localhost:8080[0m[m
[92m2022-03-20 12:53:42 I/ws adapter: >>> [ws adapter] is listening at ws://localhost:8080[0m[m
[92m2022-03-20 12:53:42 I/Mirai HTTP API: Http api server is running with verifyKey: Aa11221133[0m[m
[92m2022-03-20 12:53:42 I/Mirai HTTP API: adaptors: [http,ws][0m[m
[92m2022-03-20 12:53:42 I/Mirai HTTP API: ********************************************************[0m[m
[31m2022-03-20 12:53:42 E/mirai-administrator: java.lang.IllegalArgumentException: 机器人所有者 未设置
java.lang.IllegalArgumentException: 机器人所有者 未设置
	at mirai-administrator-1.0.4.jar//xyz.cssxsh.mirai.plugin.MiraiAdminPlugin.onEnable(MiraiAdminPlugin.kt:32)
	at net.mamoe.mirai.console.internal.plugin.JvmPluginInternal.internalOnEnable$mirai_console(JvmPluginInternal.kt:117)
	at net.mamoe.mirai.console.internal.plugin.BuiltInJvmPluginLoaderImpl.enable(BuiltInJvmPluginLoaderImpl.kt:258)
	at net.mamoe.mirai.console.internal.plugin.BuiltInJvmPluginLoaderImpl.enable(BuiltInJvmPluginLoaderImpl.kt:35)
	at net.mamoe.mirai.console.plugin.jvm.JvmPluginLoader$BuiltIn.enable(JvmPluginLoader.kt)
	at net.mamoe.mirai.console.plugin.jvm.JvmPluginLoader$BuiltIn.enable(JvmPluginLoader.kt:50)
	at net.mamoe.mirai.console.plugin.PluginManager.enablePlugin(PluginManager.kt:173)
	at net.mamoe.mirai.console.internal.plugin.PluginManagerImpl.enableAllLoadedPlugins$mirai_console(PluginManagerImpl.kt:181)
	at net.mamoe.mirai.console.internal.MiraiConsoleImplementationBridge.doStart$mirai_console(MiraiConsoleImplementationBridge.kt:224)
	at net.mamoe.mirai.console.MiraiConsoleImplementation$Companion.start(MiraiConsoleImplementation.kt:444)
	at net.mamoe.mirai.console.terminal.MiraiConsoleTerminalLoader.startAsDaemon(MiraiConsoleTerminalLoader.kt:159)
	at net.mamoe.mirai.console.terminal.MiraiConsoleTerminalLoader.startAsDaemon$default(MiraiConsoleTerminalLoader.kt:158)
	at net.mamoe.mirai.console.terminal.MiraiConsoleTerminalLoader.main(MiraiConsoleTerminalLoader.kt:46)
	at java.base/jdk.internal.reflect.NativeMethodAccessorImpl.invoke0(Native Method)
	at java.base/jdk.internal.reflect.NativeMethodAccessorImpl.invoke(NativeMethodAccessorImpl.java:62)
	at java.base/jdk.internal.reflect.DelegatingMethodAccessorImpl.invoke(DelegatingMethodAccessorImpl.java:43)
	at java.base/java.lang.reflect.Method.invoke(Method.java:566)
	at org.itxtech.mcl.Utility.bootMirai(Utility.java:83)
	at java.base/jdk.internal.reflect.NativeMethodAccessorImpl.invoke0(Native Method)
	at java.base/jdk.internal.reflect.NativeMethodAccessorImpl.invoke(NativeMethodAccessorImpl.java:62)
	at java.base/jdk.internal.reflect.DelegatingMethodAccessorImpl.invoke(DelegatingMethodAccessorImpl.java:43)
	at java.base/java.lang.reflect.Method.invoke(Method.java:566)
	at org.mozilla.javascript.MemberBox.invoke(MemberBox.java:138)
	at org.mozilla.javascript.NativeJavaMethod.call(NativeJavaMethod.java:226)
	at org.mozilla.javascript.Interpreter.interpretLoop(Interpreter.java:1692)
	at org.mozilla.javascript.Interpreter.interpret(Interpreter.java:1013)
	at org.mozilla.javascript.InterpretedFunction.call(InterpretedFunction.java:109)
	at org.mozilla.javascript.ContextFactory.doTopCall(ContextFactory.java:412)
	at org.mozilla.javascript.ScriptRuntime.doTopCall(ScriptRuntime.java:3578)
	at org.mozilla.javascript.InterpretedFunction.call(InterpretedFunction.java:107)
	at org.mozilla.javascript.ArrowFunction.call(ArrowFunction.java:43)
	at org.mozilla.javascript.InterfaceAdapter.invokeImpl(InterfaceAdapter.java:155)
	at org.mozilla.javascript.InterfaceAdapter.lambda$invoke$0(InterfaceAdapter.java:105)
	at org.mozilla.javascript.Context.call(Context.java:554)
	at org.mozilla.javascript.ContextFactory.call(ContextFactory.java:522)
	at org.mozilla.javascript.InterfaceAdapter.invoke(InterfaceAdapter.java:105)
	at org.mozilla.javascript.jdk18.VMBridge_jdk18$1.invoke(VMBridge_jdk18.java:126)
	at com.sun.proxy.$Proxy4.run(Unknown Source)
	at org.itxtech.mcl.script.ScriptManager.phaseBoot(ScriptManager.java:106)
	at org.itxtech.mcl.Loader.lambda$start$3(Loader.java:176)
	at org.itxtech.mcl.Loader.tryCatching(Loader.java:145)
	at org.itxtech.mcl.Loader.start(Loader.java:176)
	at org.itxtech.mcl.Loader.main(Loader.java:68)
[0m[m
[92m2022-03-20 12:53:42 I/main: 5 plugin(s) enabled.[0m[m
[92m2022-03-20 12:53:42 I/main: Auto-login 3424719593[0m[m
[91m2022-03-20 12:53:43 W/stderr: ERROR StatusLogger Log4j2 could not find a logging implementation. Please add log4j-core to the classpath. Using SimpleLogger to log to the console...[0m[m
[92m2022-03-20 12:53:43 I/Bot.3424719593: Loaded account secrets from local cache.[0m[m
[92m2022-03-20 12:53:44 I/Bot.3424719593: Saved account secrets to local cache for fast login.[0m[m
[92m2022-03-20 12:53:44 I/Bot.3424719593: Login successful.[0m[m
[0m2022-03-20 12:53:44 V/Bot.3424719593: Event: BotOnlineEvent(bot=Bot(3424719593))[0m[m
[92m2022-03-20 12:53:44 I/Bot.3424719593: Bot login successful.[0m[m
[92m2022-03-20 12:53:44 I/main: mirai-console started successfully.[0m[m
[0m2022-03-20 12:53:49 V/Bot.3424719593: Event: BotOfflineEvent.Active(bot=Bot(3424719593), cause=kotlinx.coroutines.JobCancellationException: Job was cancelled; job=SupervisorJobImpl{Cancelling}@48eb89f4, reconnect=false)[0m[m
[92m2022-03-20 12:53:49 I/Bot.3424719593: Bot cancelled: Job was cancelled[0m[m
