[92m2022-03-20 11:20:33 I/main: Starting mirai-console...[0m[m
[92m2022-03-20 11:20:34 I/main: Backend: version 2.11.0-M1, built on 2022-03-08 20:34:54.[0m[m
[92m2022-03-20 11:20:34 I/main: Frontend Terminal: version 2.11.0-M1, provided by Mamoe Technologies[0m[m
[92m2022-03-20 11:20:34 I/main: Welcome to visit https://mirai.mamoe.net/[0m[m
[91m2022-03-20 11:20:34 W/stderr: SLF4J: Failed to load class "org.slf4j.impl.StaticLoggerBinder".[0m[m
[91m2022-03-20 11:20:34 W/stderr: SLF4J: Defaulting to no-operation (NOP) logger implementation[0m[m
[91m2022-03-20 11:20:34 W/stderr: SLF4J: See http://www.slf4j.org/codes.html#StaticLoggerBinder for further details.[0m[m
[92m2022-03-20 11:20:35 I/LuckPerms: Loading configuration...[0m[m
[92m2022-03-20 11:20:35 I/LuckPerms: Loading storage provider... [H2][0m[m
[92m2022-03-20 11:20:35 I/LuckPerms: Loading internal permission managers...[0m[m
[92m2022-03-20 11:20:36 I/LuckPerms: Performing initial data load...[0m[m
[92m2022-03-20 11:20:36 I/LuckPerms: Registering internal users....[0m[m
[92m2022-03-20 11:20:36 I/LuckPerms: Successfully enabled. (took 1175ms)[0m[m
[92m2022-03-20 11:20:36 I/plugin: Successfully loaded plugin LuckPerms v2.10.0-dev-6+null[0m[m
[92m2022-03-20 11:20:36 I/plugin: Successfully loaded plugin MCL Addon v1.2.2[0m[m
[92m2022-03-20 11:20:36 I/plugin: Successfully loaded plugin Chat Command v0.5.0[0m[m
[92m2022-03-20 11:20:36 I/plugin: Successfully loaded plugin net.mamoe.mirai-api-http v2.4.0[0m[m
[92m2022-03-20 11:20:36 I/main: Loaded PermissionService from plugin LuckPerms[0m[m
[92m2022-03-20 11:20:36 I/main: Prepared built-in commands: autoLogin, help, login, logout, permission, status, stop[0m[m
[92m2022-03-20 11:20:36 I/MCL Addon: iTXTech MCL Version: 1.2.2-60c67fb[0m[m
[92m2022-03-20 11:20:36 I/Mirai HTTP API: ********************************************************[0m[m
[92m2022-03-20 11:20:37 I/http adapter: >>> [http adapter] is listening at http://localhost:8080[0m[m
[92m2022-03-20 11:20:37 I/ws adapter: >>> [ws adapter] is listening at ws://localhost:8080[0m[m
[92m2022-03-20 11:20:37 I/Mirai HTTP API: Http api server is running with verifyKey: Aa11221133[0m[m
[92m2022-03-20 11:20:37 I/Mirai HTTP API: adaptors: [http,ws][0m[m
[92m2022-03-20 11:20:37 I/Mirai HTTP API: ********************************************************[0m[m
[92m2022-03-20 11:20:37 I/main: 4 plugin(s) enabled.[0m[m
[92m2022-03-20 11:20:37 I/main: Auto-login 3424719593[0m[m
[91m2022-03-20 11:20:37 W/stderr: ERROR StatusLogger Log4j2 could not find a logging implementation. Please add log4j-core to the classpath. Using SimpleLogger to log to the console...[0m[m
[92m2022-03-20 11:20:38 I/Bot.3424719593: Loaded account secrets from local cache.[0m[m
[92m2022-03-20 11:20:38 I/Bot.3424719593: Saved account secrets to local cache for fast login.[0m[m
[92m2022-03-20 11:20:38 I/Bot.3424719593: Login successful.[0m[m
[0m2022-03-20 11:20:39 V/Bot.3424719593: Event: BotOnlineEvent(bot=Bot(3424719593))[0m[m
[92m2022-03-20 11:20:39 I/Bot.3424719593: Bot login successful.[0m[m
[92m2022-03-20 11:20:39 I/main: mirai-console started successfully.[0m[m
[0m2022-03-20 12:31:16 V/Bot.3424719593: ä¸€æ¬¡å……ç”µæ•°å‘¨ç»­èˆª(2598810411) -> welearn[0m[m
[0m2022-03-20 12:31:16 V/Bot.3424719593: Friend(2598810411) <- ä½ å¥½æ¬¢è¿ä½¿ç”¨welearnåˆ·è¯¾å·¥å…·\nè¯·è¾“å…¥è´¦å·[0m[m
[0m2022-03-20 12:31:23 V/Bot.3424719593: ä¸€æ¬¡å……ç”µæ•°å‘¨ç»­èˆª(2598810411) -> 13278880016[0m[m
[0m2022-03-20 12:31:23 V/Bot.3424719593: Friend(2598810411) <- è¯·è¾“å…¥å¯†ç [0m[m
[0m2022-03-20 12:31:28 V/Bot.3424719593: ä¸€æ¬¡å……ç”µæ•°å‘¨ç»­èˆª(2598810411) -> Aa112211[0m[m
[0m2022-03-20 12:31:28 V/Bot.3424719593: Friend(2598810411) <- æ­£åœ¨ç™»å½•...[0m[m
[0m2022-03-20 12:31:29 V/Bot.3424719593: Friend(2598810411) <- ç™»å½•æˆåŠŸ,å¼€å§‹æŸ¥è¯¢è¯¾ç¨‹\næŸ¥è¯¢è¯¾ç¨‹æˆåŠŸ!!!æ‚¨çš„è¯¾ç¨‹:\n\n[NO. 1] å®Œæˆåº¦100% æ–°ç›®æ ‡å¤§å­¦è‹±è¯­(ç¬¬äºŒç‰ˆ)ç»¼åˆæ•™ç¨‹1\n\nè¯·è¾“å…¥éœ€è¦å®Œæˆçš„è¯¾ç¨‹åºå·\nï¼ˆä¸Šæ–¹[]å†…çš„æ•°å­—ï¼‰: [0m[m
[0m2022-03-20 12:31:33 V/Bot.3424719593: ä¸€æ¬¡å……ç”µæ•°å‘¨ç»­èˆª(2598810411) -> 1[0m[m
[0m2022-03-20 12:31:33 V/Bot.3424719593: Friend(2598810411) <- [NO. 0]  æŒ‰é¡ºåºå®Œæˆå…¨éƒ¨å•å…ƒè¯¾ç¨‹\n[NO. 1]  [å·²å¼€æ”¾]  Unit 01  Unit 1 College Life\n[NO. 2]  [å·²å¼€æ”¾]  Unit 02  Unit 2 Love and Friendship\n[NO. 3]  [å·²å¼€æ”¾]  Unit 03  Unit 3 Power of Music\n[NO. 4]  [å·²å¼€æ”¾]  Unit 04  Unit 4 Driving Forces of Sports\n[NO. 5]  [å·²å¼€æ”¾]  Unit 05  Unit 5 To Be Creative\n[NO. 6]  [å·²å¼€æ”¾]  Unit 06  Unit 6 Pleasure of Reading\n[NO. 7]  [å·²å¼€æ”¾]  Unit 07  Unit 7 Effective Communication\n[NO. 8]  [å·²å¼€æ”¾]  Unit 08  Unit 8 Growing Pains\nè¯·é€‰æ‹©éœ€è¦å®Œæˆçš„å•å…ƒåºå·ï¼ˆä¸Šæ–¹[]å†…çš„æ•°å­—ï¼Œè¾“å…¥0ä¸ºæŒ‰é¡ºåºåˆ·å…¨éƒ¨å•å…ƒï¼‰:  [0m[m
[0m2022-03-20 12:31:36 V/Bot.3424719593: ä¸€æ¬¡å……ç”µæ•°å‘¨ç»­èˆª(2598810411) -> 1[0m[m
[0m2022-03-20 12:31:36 V/Bot.3424719593: Friend(2598810411) <- æ¨¡å¼1:æ¯ä¸ªç»ƒä¹ æŒ‡å®šæ­£ç¡®ç‡ï¼Œè¯·ç›´æ¥è¾“å…¥æŒ‡å®šçš„æ­£ç¡®ç‡\nå¦‚:å¸Œæœ›æ¯ä¸ªç»ƒä¹ æ­£ç¡®ç‡å‡ä¸º100ï¼Œåˆ™è¾“å…¥ 100\n\næ¨¡å¼2:æ¯ä¸ªç»ƒä¹ éšæœºæ­£ç¡®ç‡ï¼Œè¯·è¾“å…¥æ­£ç¡®ç‡ä¸Šä¸‹é™å¹¶ç”¨è‹±æ–‡é€—å·éš”å¼€\nå¦‚:å¸Œæœ›æ¯ä¸ªç»ƒä¹ æ­£ç¡®ç‡ä¸º70ï½100ï¼Œåˆ™è¾“å…¥ 70,100\n\nè¯·ä¸¥æ ¼æŒ‰ç…§ä»¥ä¸Šæ ¼å¼è¾“å…¥æ¯ä¸ªç»ƒä¹ çš„æ­£ç¡®ç‡: [0m[m
[0m2022-03-20 12:31:39 V/Bot.3424719593: ä¸€æ¬¡å……ç”µæ•°å‘¨ç»­èˆª(2598810411) -> 100[0m[m
[0m2022-03-20 12:31:39 V/Bot.3424719593: Friend(2598810411) <- [!!è·³è¿‡!!]0[!!è·³è¿‡!!]1[!!è·³è¿‡!!]2[!!è·³è¿‡!!]3[!!è·³è¿‡!!]4[!!è·³è¿‡!!]5[!!è·³è¿‡!!]6[!!è·³è¿‡!!]7[!!è·³è¿‡!!]8[!!è·³è¿‡!!]9[!!è·³è¿‡!!]10[!!è·³è¿‡!!]11[!!è·³è¿‡!!]12[!!è·³è¿‡!!]13[!!è·³è¿‡!!]14[!!è·³è¿‡!!]15[!!è·³è¿‡!!]16[!!è·³è¿‡!!]17[!!è·³è¿‡!!]18[!!è·³è¿‡!!]19[!!è·³è¿‡!!]20[!!è·³è¿‡!!]21\næœ¬å•å…ƒè¿è¡Œå®Œæ¯•![0m[m
[0m2022-03-20 12:31:40 V/Bot.3424719593: Friend(2598810411) <- æ‚¨çš„è¯¾ç¨‹:\n\n[NO. 1] å®Œæˆåº¦100% æ–°ç›®æ ‡å¤§å­¦è‹±è¯­(ç¬¬äºŒç‰ˆ)ç»¼åˆæ•™ç¨‹1\n[0m[m
[0m2022-03-20 12:32:33 V/Bot.3424719593: [ä¸€æ¬¡å……ç”µæ•°å‘¨ã€1(1004634397)] ä¸€æ¬¡å……ç”µæ•°å‘¨ç»­èˆª(2598810411) -> welearn[0m[m
[0m2022-03-20 12:33:04 V/Bot.3424719593: éª‘æœ¨é©¬çš„æœ¨å¤´äºº(3194287962) -> welearn[0m[m
[0m2022-03-20 12:33:04 V/Bot.3424719593: Friend(3194287962) <- ä½ å¥½æ¬¢è¿ä½¿ç”¨welearnåˆ·è¯¾å·¥å…·\nè¯·è¾“å…¥è´¦å·[0m[m
[0m2022-03-20 12:33:23 V/Bot.3424719593: éª‘æœ¨é©¬çš„æœ¨å¤´äºº(3194287962) -> 111[0m[m
[0m2022-03-20 12:33:23 V/Bot.3424719593: Friend(3194287962) <- è¯·è¾“å…¥å¯†ç [0m[m
[0m2022-03-20 12:33:24 V/Bot.3424719593: éª‘æœ¨é©¬çš„æœ¨å¤´äºº(3194287962) -> 111[0m[m
[0m2022-03-20 12:33:24 V/Bot.3424719593: Friend(3194287962) <- æ­£åœ¨ç™»å½•...[0m[m
[31m2022-03-20 12:39:02 E/MAH Access: java.util.concurrent.CancellationException: Channel has been cancelled
java.util.concurrent.CancellationException: Channel has been cancelled
	at java.base/jdk.internal.reflect.NativeConstructorAccessorImpl.newInstance0(Native Method)
	at java.base/jdk.internal.reflect.NativeConstructorAccessorImpl.newInstance(NativeConstructorAccessorImpl.java:62)
	at java.base/jdk.internal.reflect.DelegatingConstructorAccessorImpl.newInstance(DelegatingConstructorAccessorImpl.java:45)
	at java.base/java.lang.reflect.Constructor.newInstance(Constructor.java:490)
	at io.ktor.utils.io.ExceptionUtilsJvmKt$createConstructor$$inlined$safeCtor$3.invoke(ExceptionUtilsJvm.kt:103)
	at io.ktor.utils.io.ExceptionUtilsJvmKt$createConstructor$$inlined$safeCtor$3.invoke(ExceptionUtilsJvm.kt:90)
	at io.ktor.utils.io.ExceptionUtilsJvmKt.tryCopyException(ExceptionUtilsJvm.kt:45)
	at io.ktor.utils.io.ByteBufferChannelKt.rethrowClosed(ByteBufferChannel.kt:2456)
	at io.ktor.utils.io.ByteBufferChannelKt.access$rethrowClosed(ByteBufferChannel.kt:1)
	at io.ktor.utils.io.ByteBufferChannel.setupStateForWrite$ktor_io(ByteBufferChannel.kt:252)
	at io.ktor.utils.io.ByteBufferChannel.copyDirect$ktor_io(ByteBufferChannel.kt:3420)
	at io.ktor.utils.io.ByteBufferChannel$copyDirect$1.invokeSuspend(ByteBufferChannel.kt)
	at kotlin.coroutines.jvm.internal.BaseContinuationImpl.resumeWith(ContinuationImpl.kt:33)
	at kotlinx.coroutines.DispatchedTask.run(DispatchedTask.kt:106)
	at kotlinx.coroutines.scheduling.CoroutineScheduler.runSafely(CoroutineScheduler.kt:571)
	at kotlinx.coroutines.scheduling.CoroutineScheduler$Worker.executeTask(CoroutineScheduler.kt:750)
	at kotlinx.coroutines.scheduling.CoroutineScheduler$Worker.runWorker(CoroutineScheduler.kt:678)
	at kotlinx.coroutines.scheduling.CoroutineScheduler$Worker.run(CoroutineScheduler.kt:665)
Caused by: java.util.concurrent.CancellationException: Channel has been cancelled
	at io.ktor.utils.io.ByteBufferChannel.cancel(ByteBufferChannel.kt:181)
	at io.ktor.utils.io.ByteReadChannelKt.cancel(ByteReadChannel.kt:231)
	at mirai-api-http-2.4.0.jar//io.ktor.server.cio.CIOApplicationResponse$respondUpgrade$2.invoke(CIOApplicationResponse.kt:97)
	at mirai-api-http-2.4.0.jar//io.ktor.server.cio.CIOApplicationResponse$respondUpgrade$2.invoke(CIOApplicationResponse.kt:16)
	at kotlinx.coroutines.InvokeOnCompletion.invoke(JobSupport.kt:1391)
	at kotlinx.coroutines.JobSupport.notifyCompletion(JobSupport.kt:1519)
	at kotlinx.coroutines.JobSupport.completeStateFinalization(JobSupport.kt:323)
	at kotlinx.coroutines.JobSupport.finalizeFinishingState(JobSupport.kt:240)
	at kotlinx.coroutines.JobSupport.continueCompleting(JobSupport.kt:935)
	at kotlinx.coroutines.JobSupport.access$continueCompleting(JobSupport.kt:27)
	at kotlinx.coroutines.JobSupport$ChildCompletion.invoke(JobSupport.kt:1155)
	at kotlinx.coroutines.JobSupport.notifyCompletion(JobSupport.kt:1519)
	at kotlinx.coroutines.JobSupport.completeStateFinalization(JobSupport.kt:323)
	at kotlinx.coroutines.JobSupport.finalizeFinishingState(JobSupport.kt:240)
	at kotlinx.coroutines.JobSupport.tryMakeCompletingSlowPath(JobSupport.kt:906)
	at kotlinx.coroutines.JobSupport.tryMakeCompleting(JobSupport.kt:863)
	at kotlinx.coroutines.JobSupport.makeCompletingOnce$kotlinx_coroutines_core(JobSupport.kt:828)
	at kotlinx.coroutines.AbstractCoroutine.resumeWith(AbstractCoroutine.kt:100)
	at kotlin.coroutines.jvm.internal.BaseContinuationImpl.resumeWith(ContinuationImpl.kt:46)
	at kotlinx.coroutines.DispatchedTask.run(DispatchedTask.kt:104)
	... 4 more
[0m[m
[0m2022-03-20 12:39:27 V/Bot.3424719593: éª‘æœ¨é©¬çš„æœ¨å¤´äºº(3194287962) -> welearn[0m[m
[0m2022-03-20 12:39:27 V/Bot.3424719593: Friend(3194287962) <- ä½ å¥½æ¬¢è¿ä½¿ç”¨welearnåˆ·è¯¾å·¥å…·\nè¯·è¾“å…¥è´¦å·[0m[m
[0m2022-03-20 12:39:31 V/Bot.3424719593: éª‘æœ¨é©¬çš„æœ¨å¤´äºº(3194287962) -> 111[0m[m
[0m2022-03-20 12:39:31 V/Bot.3424719593: Friend(3194287962) <- è¯·è¾“å…¥å¯†ç [0m[m
[0m2022-03-20 12:39:33 V/Bot.3424719593: éª‘æœ¨é©¬çš„æœ¨å¤´äºº(3194287962) -> 111[0m[m
[0m2022-03-20 12:39:33 V/Bot.3424719593: Friend(3194287962) <- æ­£åœ¨ç™»å½•...[0m[m
[0m2022-03-20 12:39:33 V/Bot.3424719593: Friend(3194287962) <- ç™»å½•å¤±è´¥\n[0m[m
[0m2022-03-20 12:42:39 V/Bot.3424719593: [åœ°ç‰¢å››è´±å®¢ã€è¿«å®³å‘ã€‘(519611991)] ä¸€æ¬¡å……ç”µæ•°å‘¨ç»­èˆª(2598810411) -> æœ‰äººç”¨welearnå—[0m[m
[0m2022-03-20 12:42:46 V/Bot.3424719593: [åœ°ç‰¢å››è´±å®¢ã€è¿«å®³å‘ã€‘(519611991)] å–µä¸‰OAO(1163772509) -> ä¸ç”¨[0m[m
[0m2022-03-20 12:43:34 V/Bot.3424719593: [åœ°ç‰¢å››è´±å®¢ã€è¿«å®³å‘ã€‘(519611991)] ä¸€æ¬¡å……ç”µæ•°å‘¨ç»­èˆª(2598810411) -> é‚£ä¸ªæœºå™¨äººå¯ä»¥åˆ·welearn[0m[m
[0m2022-03-20 12:44:36 V/Bot.3424719593: [åœ°ç‰¢å››è´±å®¢ã€è¿«å®³å‘ã€‘(519611991)] ä¸€æ¬¡å……ç”µæ•°å‘¨ç»­èˆª(2598810411) -> ç§èŠ[mirai:at:3424719593] å‘welearnå°±å¥½äº†[0m[m
[0m2022-03-20 12:51:35 V/Bot.3424719593: ä¸€æ¬¡å……ç”µæ•°å‘¨ç»­èˆª(2598810411) -> /status[0m[m
[0m2022-03-20 12:52:39 V/Bot.3424719593: ä¸€æ¬¡å……ç”µæ•°å‘¨ç»­èˆª(2598810411) -> /status[0m[m
[0m2022-03-20 12:52:39 V/Bot.3424719593: Friend(2598810411) <- Running MiraiConsole v2.11.0-M1, built on 2022-03-08 20:34:54.\nFrontend Terminal: version 2.11.0-M1, provided by Mamoe Technologies\n\nPermission Service: LuckPerms v2.10.0-dev-6+null\n\nPlugins: LuckPerms v2.10.0-dev-6+null, MCL Addon v1.2.2, Chat Command v0.5.0, net.mamoe.mirai-api-http v2.4.0\n\nObject Pending Finalization Count: 0\n                 committed |  init  |   used   |   max  \n    Heap Memory:  140.0MB  | 32.0MB | 106.29MB | 496.0MB\nNon-Heap Memory: 110.43MB  | 7.31MB | 105.57MB |   -1   [0m[m
[0m2022-03-20 12:52:48 V/Bot.3424719593: ä¸€æ¬¡å……ç”µæ•°å‘¨ç»­èˆª(2598810411) -> /help[0m[m
[0m2022-03-20 12:52:48 V/Bot.3424719593: Friend(2598810411) <- â—† /autoLogin add <account> <password> [passwordKind]    # æ·»åŠ è‡ªåŠ¨ç™»å½•, passwordKind å¯é€‰ PLAIN æˆ– MD5\n  /autoLogin clear    # æ¸…é™¤æ‰€æœ‰é…ç½®\n  /autoLogin list    # æŸ¥çœ‹è‡ªåŠ¨ç™»å½•è´¦å·åˆ—è¡¨\n  /autoLogin remove <account>    # åˆ é™¤ä¸€ä¸ªè´¦å·\n  /autoLogin removeConfig <account> <configKey>    # åˆ é™¤ä¸€ä¸ªè´¦å·çš„ä¸€ä¸ªé…ç½®é¡¹\n  /autoLogin setConfig <account> <configKey> <value>    # è®¾ç½®ä¸€ä¸ªè´¦å·çš„ä¸€ä¸ªé…ç½®é¡¹\nâ—† /help     # æŸ¥çœ‹æŒ‡ä»¤å¸®åŠ©\nâ—† /login <qq> [password] [protocol]    # ç™»å½•ä¸€ä¸ªè´¦å·\nâ—† /logout <qq>    # ç™»å‡ºä¸€ä¸ªè´¦å·\nâ—† /status     # è·å– Mirai Console è¿è¡ŒçŠ¶æ€\nâ—† /stop     # å…³é—­ Mirai Console\nâ—† /mclc <MCLå‘½ä»¤è¡Œå‚æ•°>\nâ—† /mcl info <package>    # è·å–åŒ…ä¿¡æ¯\n  /mcl install <package> [channel] [type] [version] [lock or unlock]    # å®‰è£…åŒ…\n  /mcl list    # åˆ—å‡ºå·²å®‰è£…çš„åŒ…\n  /mcl remove <package> [delete]    # ç§»é™¤åŒ…\n  /mcl run <script>    # æ‰§è¡Œè„šæœ¬loadé˜¶æ®µ\n  /mcl update    # æ‰§è¡Œupdaterè„šæœ¬\nâ—† /permission\nâ—† /lp\nâ—† \nâ—† /lpe shutdown    # fast shutdown\n  /lpe startup    # restart[0m[m
[0m2022-03-20 12:53:23 V/Bot.3424719593: Event: BotOfflineEvent.Active(bot=Bot(3424719593), cause=kotlinx.coroutines.JobCancellationException: Job was cancelled; job=SupervisorJobImpl{Cancelling}@44b24840, reconnect=false)[0m[m
