[0m2022-05-07 13:55:26 V/Net 202898447: No server list cached.[0m
[92m2022-05-07 13:55:26 I/Net 202898447: ECDH key is invalid, start to fetch ecdh public key from server.[0m
[92m2022-05-07 13:55:26 I/Net 202898447: Successfully fetched ecdh public key from server.[0m
[0m2022-05-07 13:55:26 V/Net 202898447: Send: wtlogin.login[0m
[0m2022-05-07 13:55:26 V/Net 202898447: Recv: wtlogin.login[0m
[0m2022-05-07 13:57:35 V/Net 202898447: Send: wtlogin.login[0m
[0m2022-05-07 13:57:35 V/Net 202898447: Recv: wtlogin.login[0m
[0m2022-05-07 13:58:18 V/Net 202898447: Send: wtlogin.login[0m
[0m2022-05-07 13:58:18 V/Net 202898447: Recv: wtlogin.login[0m
[0m2022-05-07 13:58:18 V/Net 202898447: Send: StatSvc.register(online)[0m
[0m2022-05-07 13:58:18 V/Net 202898447: No BdhSession cache[0m
[92m2022-05-07 13:58:18 I/Net 202898447: Syncing friend message history...[0m
[92m2022-05-07 13:58:18 I/Net 202898447: Server time updated, serverTime: 1651903098, diff: 0ms=0.0s[0m
[92m2022-05-07 13:58:18 I/Net 202898447: Start loading stranger list...[0m
[0m2022-05-07 13:58:18 V/Net 202898447: Recv: StatSvc.register[0m
[0m2022-05-07 13:58:18 V/Net 202898447: Send: OidbSvc.0x5d2_0(OidbSvc.0x5d2_0)[0m
[92m2022-05-07 13:58:18 I/Net 202898447: Start loading friend list...[0m
[0m2022-05-07 13:58:18 V/Net 202898447: Send: StatSvc.GetDevLoginInfo(StatSvc.GetDevLoginInfo)[0m
[0m2022-05-07 13:58:18 V/Net 202898447: Send: friendlist.getFriendGroupList(friendlist.getFriendGroupList)[0m
[0m2022-05-07 13:58:18 V/Net 202898447: Send: OidbSvc.0x496(OidbSvc.0x496)[0m
[92m2022-05-07 13:58:18 I/Net 202898447: Successfully loaded stranger list: 0 in total[0m
[0m2022-05-07 13:58:18 V/Net 202898447: Recv: OidbSvc.0x5d2_0[0m
[92m2022-05-07 13:58:18 I/Net 202898447: No OtherClient online.[0m
[0m2022-05-07 13:58:18 V/Net 202898447: Recv: StatSvc.GetDevLoginInfo[0m
[92m2022-05-07 13:58:18 I/Net 202898447: Start loading group list...[0m
[0m2022-05-07 13:58:18 V/Net 202898447: Recv: OidbSvc.0x496[0m
[0m2022-05-07 13:58:18 V/Net 202898447: Send: friendlist.GetTroopListReqV2(friendlist.GetTroopListReqV2)[0m
[92m2022-05-07 13:58:18 I/Net 202898447: Syncing friend message history: Success.[0m
[0m2022-05-07 13:58:18 V/Net 202898447: Recv: friendlist.getFriendGroupList[0m
[0m2022-05-07 13:58:18 V/Net 202898447: Loading friend list: 2/2[0m
[92m2022-05-07 13:58:18 I/Net 202898447: Successfully loaded friend list: 2 in total[0m
[0m2022-05-07 13:58:18 V/Net 202898447: Recv: friendlist.GetTroopListReqV2[0m
[0m2022-05-07 13:58:18 V/Net 202898447: Send: friendlist.GetTroopMemberListReq(friendlist.GetTroopMemberListReq)[0m
[0m2022-05-07 13:58:18 V/Net 202898447: Send: friendlist.GetTroopMemberListReq(friendlist.GetTroopMemberListReq)[0m
[0m2022-05-07 13:58:18 V/Net 202898447: Send: friendlist.GetTroopMemberListReq(friendlist.GetTroopMemberListReq)[0m
[0m2022-05-07 13:58:18 V/Net 202898447: Recv: friendlist.GetTroopMemberListReq[0m
[0m2022-05-07 13:58:18 V/Net 202898447: Recv: friendlist.GetTroopMemberListReq[0m
[0m2022-05-07 13:58:18 V/Net 202898447: Recv: friendlist.GetTroopMemberListReq[0m
[92m2022-05-07 13:58:18 I/Net 202898447: Successfully loaded group list: 3 in total.[0m
[92m2022-05-07 13:58:19 I/Net 202898447: Scheduled key refresh in 23h 55min 0.0s.[0m
[92m2022-05-07 13:58:19 I/Net 202898447: Scheduled refresh login session in 19d 23h 55min 0.0s.[0m
[92m2022-05-07 13:58:21 I/Net 202898447: Server list: msfwifi.3g.qq.com:8080, 117.62.243.213:14000, 183.47.102.213:8080, 120.232.69.213:443, 157.148.36.89:80, 49.7.253.244:80, 183.47.98.25:14000.[0m
[0m2022-05-07 13:58:21 V/Net 202898447: No BdhSession to save to cache[0m
[0m2022-05-07 13:58:21 V/Net 202898447: Saving server list to cache[0m
[0m2022-05-07 13:58:21 V/Net 202898447: Send: ConfigPushSvc.PushResp(ConfigPushSvc.PushResp)[0m
[0m2022-05-07 13:58:21 V/Net 202898447: Recv: ConfigPushSvc.PushReq[0m
[0m2022-05-07 13:58:21 V/Net 202898447: Saving bdh session to cache[0m
[0m2022-05-07 13:58:21 V/Net 202898447: Send: ConfigPushSvc.PushResp(ConfigPushSvc.PushResp)[0m
[0m2022-05-07 13:58:21 V/Net 202898447: Recv: ConfigPushSvc.PushReq[0m
[0m2022-05-07 13:58:22 V/Net 202898447: Send: MessageSvc.PbSendMsg(MessageSvc.PbSendMsg)[0m
[0m2022-05-07 13:58:22 V/Net 202898447: Recv: MessageSvc.PbSendMsg[0m
[0m2022-05-07 13:58:57 V/Net 202898447: Send: StatSvc.register(offline)[0m
[0m2022-05-07 13:59:29 V/Net 202898447: Loading server list from cache.[0m
[92m2022-05-07 13:59:29 I/Net 202898447: Server list: msfwifi.3g.qq.com:8080, 117.62.243.213:14000, 183.47.102.213:8080, 120.232.69.213:443, 157.148.36.89:80, 49.7.253.244:80, 183.47.98.25:14000.[0m
[92m2022-05-07 13:59:29 I/Net 202898447: ECDH key is valid.[0m
[0m2022-05-07 13:59:29 V/Net 202898447: Send: wtlogin.exchange_emp[0m
[0m2022-05-07 13:59:30 V/Net 202898447: Recv: wtlogin.exchange_emp[0m
[0m2022-05-07 13:59:30 V/Net 202898447: Send: StatSvc.register(online)[0m
[0m2022-05-07 13:59:30 V/Net 202898447: Loading BdhSession from cache file[0m
[92m2022-05-07 13:59:30 I/Net 202898447: Syncing friend message history...[0m
[92m2022-05-07 13:59:30 I/Net 202898447: Server time updated, serverTime: 1651903170, diff: 0ms=0.0s[0m
[0m2022-05-07 13:59:30 V/Net 202898447: Recv: StatSvc.register[0m
[0m2022-05-07 13:59:30 V/Net 202898447: Send: StatSvc.GetDevLoginInfo(StatSvc.GetDevLoginInfo)[0m
[92m2022-05-07 13:59:30 I/Net 202898447: Start loading stranger list...[0m
[0m2022-05-07 13:59:30 V/Net 202898447: Send: OidbSvc.0x5d2_0(OidbSvc.0x5d2_0)[0m
[92m2022-05-07 13:59:30 I/Net 202898447: Start loading friend list...[0m
[0m2022-05-07 13:59:30 V/Net 202898447: Send: OidbSvc.0x496(OidbSvc.0x496)[0m
[0m2022-05-07 13:59:30 V/Net 202898447: Send: friendlist.getFriendGroupList(friendlist.getFriendGroupList)[0m
[92m2022-05-07 13:59:30 I/Net 202898447: Start loading group list...[0m
[0m2022-05-07 13:59:30 V/Net 202898447: Send: friendlist.GetTroopListReqV2(friendlist.GetTroopListReqV2)[0m
[0m2022-05-07 13:59:30 V/Net 202898447: Recv: OidbSvc.0x5d2_0[0m
[92m2022-05-07 13:59:30 I/Net 202898447: Successfully loaded stranger list: 0 in total[0m
[0m2022-05-07 13:59:30 V/Net 202898447: Recv: OidbSvc.0x496[0m
[0m2022-05-07 13:59:30 V/Net 202898447: Recv: StatSvc.GetDevLoginInfo[0m
[92m2022-05-07 13:59:30 I/Net 202898447: No OtherClient online.[0m
[0m2022-05-07 13:59:30 V/Net 202898447: Recv: friendlist.getFriendGroupList[0m
[0m2022-05-07 13:59:30 V/Net 202898447: Loading friend list: 2/2[0m
[92m2022-05-07 13:59:30 I/Net 202898447: Successfully loaded friend list: 2 in total[0m
[0m2022-05-07 13:59:30 V/Net 202898447: Recv: friendlist.GetTroopListReqV2[0m
[0m2022-05-07 13:59:30 V/Net 202898447: Send: friendlist.GetTroopMemberListReq(friendlist.GetTroopMemberListReq)[0m
[0m2022-05-07 13:59:30 V/Net 202898447: Send: friendlist.GetTroopMemberListReq(friendlist.GetTroopMemberListReq)[0m
[0m2022-05-07 13:59:30 V/Net 202898447: Send: friendlist.GetTroopMemberListReq(friendlist.GetTroopMemberListReq)[0m
[92m2022-05-07 13:59:30 I/Net 202898447: Syncing friend message history: Success.[0m
[0m2022-05-07 13:59:30 V/Net 202898447: Recv: friendlist.GetTroopMemberListReq[0m
[0m2022-05-07 13:59:30 V/Net 202898447: Recv: friendlist.GetTroopMemberListReq[0m
[0m2022-05-07 13:59:30 V/Net 202898447: Recv: friendlist.GetTroopMemberListReq[0m
[92m2022-05-07 13:59:30 I/Net 202898447: Successfully loaded group list: 3 in total.[0m
[92m2022-05-07 13:59:30 I/Net 202898447: Scheduled key refresh in 23h 55min 0.0s.[0m
[92m2022-05-07 13:59:30 I/Net 202898447: Scheduled refresh login session in 19d 23h 55min 0.0s.[0m
[0m2022-05-07 13:59:33 V/Net 202898447: Saving bdh session to cache[0m
[0m2022-05-07 13:59:33 V/Net 202898447: Send: ConfigPushSvc.PushResp(ConfigPushSvc.PushResp)[0m
[0m2022-05-07 13:59:33 V/Net 202898447: Recv: ConfigPushSvc.PushReq[0m
[0m2022-05-07 13:59:33 V/Net 202898447: Send: MessageSvc.PbSendMsg(MessageSvc.PbSendMsg)[0m
[0m2022-05-07 13:59:33 V/Net 202898447: Recv: MessageSvc.PbSendMsg[0m
[0m2022-05-07 14:04:01 V/Net 202898447: Send: ProfileService.Pb.ReqSystemMsgNew.Friend(ProfileService.Pb.ReqSystemMsgNew.Friend)[0m
[0m2022-05-07 14:04:02 V/Net 202898447: Send: MessageSvc.PbSendMsg(MessageSvc.PbSendMsg)[0m
[0m2022-05-07 14:04:02 V/Net 202898447: Recv: ProfileService.Pb.ReqSystemMsgNew.Friend[0m
[0m2022-05-07 14:04:02 V/Net 202898447: Recv: MessageSvc.PbSendMsg[0m
[0m2022-05-07 14:04:02 V/Net 202898447: Send: ProfileService.Pb.ReqSystemMsgAction.Friend(ProfileService.Pb.ReqSystemMsgAction.Friend)[0m
[0m2022-05-07 14:15:24 V/Net 202898447: Send: MessageSvc.PbSendMsg(MessageSvc.PbSendMsg)[0m
[0m2022-05-07 14:15:24 V/Net 202898447: Recv: MessageSvc.PbSendMsg[0m
[0m2022-05-07 14:15:48 V/Net 202898447: Send: MessageSvc.PbSendMsg(MessageSvc.PbSendMsg)[0m
[0m2022-05-07 14:15:48 V/Net 202898447: Recv: MessageSvc.PbSendMsg[0m
[0m2022-05-07 14:22:55 V/Net 202898447: Send: MessageSvc.PbSendMsg(MessageSvc.PbSendMsg)[0m
[0m2022-05-07 14:22:55 V/Net 202898447: Recv: MessageSvc.PbSendMsg[0m
[0m2022-05-07 17:53:36 V/Net 202898447: Send: MessageSvc.PbSendMsg(MessageSvc.PbSendMsg)[0m
[0m2022-05-07 17:53:36 V/Net 202898447: Recv: MessageSvc.PbSendMsg[0m
[96m2022-05-07 19:20:18 D/Net 202898447: Unknown MsgInfo kind 736, data=0C 19 00 02 0A 01 6A 11 0B 0A 02 00 00 A5 BB 0B[0m
[0m2022-05-07 19:20:18 V/Net 202898447: Send: StatSvc.RspMSFForceOffline(StatSvc.RspMSFForceOffline)[0m
[0m2022-05-07 19:20:18 V/Net 202898447: Recv: StatSvc.ReqMSFOffline[0m
[91m2022-05-07 19:20:18 W/Net 202898447: MsfOfflineToken(uin=202898447, seq=3691017599, const=0)
MsfOfflineToken(uin=202898447, seq=3691017599, const=0)
	at net.mamoe.mirai.internal.network.protocol.packet.login.StatSvc$ReqMSFOffline.decode(StatSvc.kt:295)
	at net.mamoe.mirai.internal.network.components.PacketCodecImpl.processBody(PacketCodec.kt:369)
	at net.mamoe.mirai.internal.network.impl.netty.NettyNetworkHandler$PacketDecodePipeline$send$1.invokeSuspend(NettyNetworkHandler.kt:175)
	at kotlin.coroutines.jvm.internal.BaseContinuationImpl.resumeWith(ContinuationImpl.kt:33)
	at kotlinx.coroutines.DispatchedTask.run(DispatchedTask.kt:106)
	at io.netty.util.concurrent.AbstractEventExecutor.safeExecute(AbstractEventExecutor.java:164)
	at io.netty.util.concurrent.SingleThreadEventExecutor.runAllTasks(SingleThreadEventExecutor.java:472)
	at io.netty.channel.nio.NioEventLoop.run(NioEventLoop.java:500)
	at io.netty.util.concurrent.SingleThreadEventExecutor$4.run(SingleThreadEventExecutor.java:989)
	at io.netty.util.internal.ThreadExecutorMap$2.run(ThreadExecutorMap.java:74)
	at io.netty.util.concurrent.FastThreadLocalRunnable.run(FastThreadLocalRunnable.java:30)
	at java.base/java.lang.Thread.run(Thread.java:829)
	Suppressed: java.util.concurrent.CancellationException: NetworkHandler closed
		at kotlinx.coroutines.ExceptionsKt.CancellationException(Exceptions.kt:22)
		at kotlinx.coroutines.JobKt__JobKt.cancel(Job.kt:602)
		at kotlinx.coroutines.JobKt.cancel(Unknown Source)
		at net.mamoe.mirai.internal.network.handler.NetworkHandlerSupport.close(NetworkHandlerSupport.kt:55)
		at net.mamoe.mirai.internal.network.impl.netty.NettyNetworkHandler.close(NettyNetworkHandler.kt:191)
		at net.mamoe.mirai.internal.network.handler.selector.SelectorNetworkHandler.close(SelectorNetworkHandler.kt:79)
		at net.mamoe.mirai.internal.network.protocol.packet.login.StatSvc$ReqMSFOffline.handle(StatSvc.kt:322)
		at net.mamoe.mirai.internal.network.protocol.packet.login.StatSvc$ReqMSFOffline.handle(StatSvc.kt:277)
		at net.mamoe.mirai.internal.network.components.CallPacketFactoryPacketHandler.handlePacket(PacketHandler.kt:105)
		at net.mamoe.mirai.internal.network.components.PacketHandlerChain.handlePacket(PacketHandler.kt:42)
		at net.mamoe.mirai.internal.network.handler.NetworkHandlerSupport$collectReceived$3.invokeSuspend(NetworkHandlerSupport.kt:84)
		at net.mamoe.mirai.internal.network.handler.NetworkHandlerSupport$collectReceived$3.invoke(NetworkHandlerSupport.kt)
		at net.mamoe.mirai.internal.network.handler.NetworkHandlerSupport$collectReceived$3.invoke(NetworkHandlerSupport.kt)
		at kotlinx.coroutines.intrinsics.UndispatchedKt.startCoroutineUndispatched(Undispatched.kt:55)
		at kotlinx.coroutines.CoroutineStart.invoke(CoroutineStart.kt:112)
		at kotlinx.coroutines.AbstractCoroutine.start(AbstractCoroutine.kt:126)
		at kotlinx.coroutines.BuildersKt__Builders_commonKt.launch(Builders.common.kt:56)
		at kotlinx.coroutines.BuildersKt.launch(Unknown Source)
		at kotlinx.coroutines.BuildersKt__Builders_commonKt.launch$default(Builders.common.kt:47)
		at kotlinx.coroutines.BuildersKt.launch$default(Unknown Source)
		at net.mamoe.mirai.internal.network.handler.NetworkHandlerSupport.collectReceived$mirai_core(NetworkHandlerSupport.kt:82)
		at net.mamoe.mirai.internal.network.impl.netty.NettyNetworkHandler$PacketDecodePipeline$send$1.invokeSuspend(NettyNetworkHandler.kt:178)
		... 9 more
	Caused by: [CIRCULAR REFERENCE: MsfOfflineToken(uin=202898447, seq=3691017599, const=0)]
[0m
[0m2022-05-07 19:20:18 V/Net 202898447: Loading server list from cache.[0m
[92m2022-05-07 19:20:18 I/Net 202898447: Server list: msfwifi.3g.qq.com:8080, 117.62.243.213:14000, 183.47.102.213:8080, 120.232.69.213:443, 157.148.36.89:80, 49.7.253.244:80, 183.47.98.25:14000.[0m
[92m2022-05-07 19:20:18 I/Net 202898447: ECDH key is valid.[0m
[0m2022-05-07 19:20:18 V/Net 202898447: Send: wtlogin.exchange_emp[0m
[0m2022-05-07 19:20:18 V/Net 202898447: Send: StatSvc.register(online)[0m
[0m2022-05-07 19:20:18 V/Net 202898447: Recv: wtlogin.exchange_emp[0m
[31m2022-05-07 19:20:18 E/Net 202898447: Exception in coroutine 'unnamed'
ExceptionInPacketCodecException(cause=java.lang.IllegalStateException: returnCode = -10003)
	at net.mamoe.mirai.internal.network.impl.netty.NettyNetworkHandler.handleExceptionInDecoding(NettyNetworkHandler.kt:61)
	at net.mamoe.mirai.internal.network.impl.netty.NettyNetworkHandler$ByteBufToIncomingPacketDecoder.channelRead0(NettyNetworkHandler.kt:83)
	at net.mamoe.mirai.internal.network.impl.netty.NettyNetworkHandler$ByteBufToIncomingPacketDecoder.channelRead0(NettyNetworkHandler.kt:73)
	at io.netty.channel.SimpleChannelInboundHandler.channelRead(SimpleChannelInboundHandler.java:99)
	at io.netty.channel.AbstractChannelHandlerContext.invokeChannelRead(AbstractChannelHandlerContext.java:379)
	at io.netty.channel.AbstractChannelHandlerContext.invokeChannelRead(AbstractChannelHandlerContext.java:365)
	at io.netty.channel.AbstractChannelHandlerContext.fireChannelRead(AbstractChannelHandlerContext.java:357)
	at io.netty.handler.codec.ByteToMessageDecoder.fireChannelRead(ByteToMessageDecoder.java:324)
	at io.netty.handler.codec.ByteToMessageDecoder.channelRead(ByteToMessageDecoder.java:296)
	at io.netty.channel.AbstractChannelHandlerContext.invokeChannelRead(AbstractChannelHandlerContext.java:379)
	at io.netty.channel.AbstractChannelHandlerContext.invokeChannelRead(AbstractChannelHandlerContext.java:365)
	at io.netty.channel.AbstractChannelHandlerContext.fireChannelRead(AbstractChannelHandlerContext.java:357)
	at io.netty.channel.DefaultChannelPipeline$HeadContext.channelRead(DefaultChannelPipeline.java:1410)
	at io.netty.channel.AbstractChannelHandlerContext.invokeChannelRead(AbstractChannelHandlerContext.java:379)
	at io.netty.channel.AbstractChannelHandlerContext.invokeChannelRead(AbstractChannelHandlerContext.java:365)
	at io.netty.channel.DefaultChannelPipeline.fireChannelRead(DefaultChannelPipeline.java:919)
	at io.netty.channel.nio.AbstractNioByteChannel$NioByteUnsafe.read(AbstractNioByteChannel.java:166)
	at io.netty.channel.nio.NioEventLoop.processSelectedKey(NioEventLoop.java:719)
	at io.netty.channel.nio.NioEventLoop.processSelectedKeysOptimized(NioEventLoop.java:655)
	at io.netty.channel.nio.NioEventLoop.processSelectedKeys(NioEventLoop.java:581)
	at io.netty.channel.nio.NioEventLoop.run(NioEventLoop.java:493)
	at io.netty.util.concurrent.SingleThreadEventExecutor$4.run(SingleThreadEventExecutor.java:989)
	at io.netty.util.internal.ThreadExecutorMap$2.run(ThreadExecutorMap.java:74)
	at io.netty.util.concurrent.FastThreadLocalRunnable.run(FastThreadLocalRunnable.java:30)
	at java.base/java.lang.Thread.run(Thread.java:829)
Caused by: java.lang.IllegalStateException: returnCode = -10003
	at net.mamoe.mirai.internal.network.components.PacketCodecImpl.parseSsoFrame(PacketCodec.kt:142)
	at net.mamoe.mirai.internal.network.components.PacketCodecImpl.decodeRaw(PacketCodec.kt:96)
	at net.mamoe.mirai.internal.network.impl.netty.NettyNetworkHandler$ByteBufToIncomingPacketDecoder.channelRead0(NettyNetworkHandler.kt:80)
	... 23 more
[0m
[0m2022-05-07 19:20:23 V/Net 202898447: Send: StatSvc.register(online)[0m
[31m2022-05-07 19:20:23 E/Net 202898447: Exception in coroutine 'unnamed'
ExceptionInPacketCodecException(cause=java.lang.IllegalStateException: returnCode = -10003)
	at net.mamoe.mirai.internal.network.impl.netty.NettyNetworkHandler.handleExceptionInDecoding(NettyNetworkHandler.kt:61)
	at net.mamoe.mirai.internal.network.impl.netty.NettyNetworkHandler$ByteBufToIncomingPacketDecoder.channelRead0(NettyNetworkHandler.kt:83)
	at net.mamoe.mirai.internal.network.impl.netty.NettyNetworkHandler$ByteBufToIncomingPacketDecoder.channelRead0(NettyNetworkHandler.kt:73)
	at io.netty.channel.SimpleChannelInboundHandler.channelRead(SimpleChannelInboundHandler.java:99)
	at io.netty.channel.AbstractChannelHandlerContext.invokeChannelRead(AbstractChannelHandlerContext.java:379)
	at io.netty.channel.AbstractChannelHandlerContext.invokeChannelRead(AbstractChannelHandlerContext.java:365)
	at io.netty.channel.AbstractChannelHandlerContext.fireChannelRead(AbstractChannelHandlerContext.java:357)
	at io.netty.handler.codec.ByteToMessageDecoder.fireChannelRead(ByteToMessageDecoder.java:324)
	at io.netty.handler.codec.ByteToMessageDecoder.channelRead(ByteToMessageDecoder.java:296)
	at io.netty.channel.AbstractChannelHandlerContext.invokeChannelRead(AbstractChannelHandlerContext.java:379)
	at io.netty.channel.AbstractChannelHandlerContext.invokeChannelRead(AbstractChannelHandlerContext.java:365)
	at io.netty.channel.AbstractChannelHandlerContext.fireChannelRead(AbstractChannelHandlerContext.java:357)
	at io.netty.channel.DefaultChannelPipeline$HeadContext.channelRead(DefaultChannelPipeline.java:1410)
	at io.netty.channel.AbstractChannelHandlerContext.invokeChannelRead(AbstractChannelHandlerContext.java:379)
	at io.netty.channel.AbstractChannelHandlerContext.invokeChannelRead(AbstractChannelHandlerContext.java:365)
	at io.netty.channel.DefaultChannelPipeline.fireChannelRead(DefaultChannelPipeline.java:919)
	at io.netty.channel.nio.AbstractNioByteChannel$NioByteUnsafe.read(AbstractNioByteChannel.java:166)
	at io.netty.channel.nio.NioEventLoop.processSelectedKey(NioEventLoop.java:719)
	at io.netty.channel.nio.NioEventLoop.processSelectedKeysOptimized(NioEventLoop.java:655)
	at io.netty.channel.nio.NioEventLoop.processSelectedKeys(NioEventLoop.java:581)
	at io.netty.channel.nio.NioEventLoop.run(NioEventLoop.java:493)
	at io.netty.util.concurrent.SingleThreadEventExecutor$4.run(SingleThreadEventExecutor.java:989)
	at io.netty.util.internal.ThreadExecutorMap$2.run(ThreadExecutorMap.java:74)
	at io.netty.util.concurrent.FastThreadLocalRunnable.run(FastThreadLocalRunnable.java:30)
	at java.base/java.lang.Thread.run(Thread.java:829)
Caused by: java.lang.IllegalStateException: returnCode = -10003
	at net.mamoe.mirai.internal.network.components.PacketCodecImpl.parseSsoFrame(PacketCodec.kt:142)
	at net.mamoe.mirai.internal.network.components.PacketCodecImpl.decodeRaw(PacketCodec.kt:96)
	at net.mamoe.mirai.internal.network.impl.netty.NettyNetworkHandler$ByteBufToIncomingPacketDecoder.channelRead0(NettyNetworkHandler.kt:80)
	... 23 more
[0m
[91m2022-05-07 19:20:28 W/Net 202898447: kotlinx.coroutines.TimeoutCancellationException: Timed out waiting for 5000 ms
kotlinx.coroutines.TimeoutCancellationException: Timed out waiting for 5000 ms
	at kotlinx.coroutines.TimeoutKt.TimeoutCancellationException(Timeout.kt:184)
	at kotlinx.coroutines.TimeoutCoroutine.run(Timeout.kt:154)
	at kotlinx.coroutines.EventLoopImplBase$DelayedRunnableTask.run(EventLoop.common.kt:502)
	at kotlinx.coroutines.EventLoopImplBase.processNextEvent(EventLoop.common.kt:279)
	at kotlinx.coroutines.DefaultExecutor.run(DefaultExecutor.kt:108)
	at java.base/java.lang.Thread.run(Thread.java:829)
[0m
[0m2022-05-07 19:20:31 V/Net 202898447: Loading server list from cache.[0m
[92m2022-05-07 19:20:31 I/Net 202898447: Server list: msfwifi.3g.qq.com:8080, 117.62.243.213:14000, 183.47.102.213:8080, 120.232.69.213:443, 157.148.36.89:80, 49.7.253.244:80, 183.47.98.25:14000.[0m
[92m2022-05-07 19:20:31 I/Net 202898447: ECDH key is valid.[0m
[0m2022-05-07 19:20:31 V/Net 202898447: Send: wtlogin.exchange_emp[0m
[0m2022-05-07 19:20:31 V/Net 202898447: Send: StatSvc.register(online)[0m
[0m2022-05-07 19:20:31 V/Net 202898447: Recv: wtlogin.exchange_emp[0m
[92m2022-05-07 19:20:32 I/Net 202898447: Server time updated, serverTime: 1651922432, diff: 0ms=0.0s[0m
[0m2022-05-07 19:20:32 V/Net 202898447: Recv: StatSvc.register[0m
[92m2022-05-07 19:20:32 I/Net 202898447: Scheduled key refresh in 23h 55min 0.0s.[0m
[92m2022-05-07 19:20:32 I/Net 202898447: Scheduled refresh login session in 19d 23h 55min 0.0s.[0m
[92m2022-05-07 19:20:34 I/Net 202898447: Server list: 183.47.98.77:14000, 157.148.41.102:80, 183.47.117.200:8080, 114.222.112.79:14000, 120.232.31.192:443, msfwifi.3g.qq.com:8080, 42.81.184.206:80.[0m
[0m2022-05-07 19:20:34 V/Net 202898447: Saving bdh session to cache[0m
[0m2022-05-07 19:20:34 V/Net 202898447: Saving server list to cache[0m
[0m2022-05-07 19:20:34 V/Net 202898447: Send: ConfigPushSvc.PushResp(ConfigPushSvc.PushResp)[0m
[0m2022-05-07 19:20:34 V/Net 202898447: Recv: ConfigPushSvc.PushReq[0m
[0m2022-05-07 19:20:34 V/Net 202898447: Saving bdh session to cache[0m
[0m2022-05-07 19:20:34 V/Net 202898447: Send: ConfigPushSvc.PushResp(ConfigPushSvc.PushResp)[0m
[0m2022-05-07 19:20:34 V/Net 202898447: Recv: ConfigPushSvc.PushReq[0m
[0m2022-05-07 19:26:10 V/Net 202898447: Send: MessageSvc.PbSendMsg(MessageSvc.PbSendMsg)[0m
[0m2022-05-07 19:26:10 V/Net 202898447: Recv: MessageSvc.PbSendMsg[0m
[0m2022-05-07 19:26:20 V/Net 202898447: Send: MessageSvc.PbSendMsg(MessageSvc.PbSendMsg)[0m
[0m2022-05-07 19:26:20 V/Net 202898447: Recv: MessageSvc.PbSendMsg[0m
[0m2022-05-07 19:26:25 V/Net 202898447: Send: MessageSvc.PbSendMsg(MessageSvc.PbSendMsg)[0m
[0m2022-05-07 19:26:25 V/Net 202898447: Recv: MessageSvc.PbSendMsg[0m
[0m2022-05-07 19:34:10 V/Net 202898447: Send: MessageSvc.PbSendMsg(MessageSvc.PbSendMsg)[0m
[0m2022-05-07 19:34:10 V/Net 202898447: Recv: MessageSvc.PbSendMsg[0m
[0m2022-05-07 19:34:15 V/Net 202898447: Send: MessageSvc.PbSendMsg(MessageSvc.PbSendMsg)[0m
[0m2022-05-07 19:34:15 V/Net 202898447: Recv: MessageSvc.PbSendMsg[0m
[0m2022-05-07 19:34:21 V/Net 202898447: Send: MessageSvc.PbSendMsg(MessageSvc.PbSendMsg)[0m
[0m2022-05-07 19:34:22 V/Net 202898447: Recv: MessageSvc.PbSendMsg[0m
[0m2022-05-07 19:34:23 V/Net 202898447: Send: MessageSvc.PbSendMsg(MessageSvc.PbSendMsg)[0m
[0m2022-05-07 19:34:23 V/Net 202898447: Recv: MessageSvc.PbSendMsg[0m
[0m2022-05-07 19:34:27 V/Net 202898447: Send: MessageSvc.PbSendMsg(MessageSvc.PbSendMsg)[0m
[0m2022-05-07 19:34:27 V/Net 202898447: Recv: MessageSvc.PbSendMsg[0m
[0m2022-05-07 19:35:07 V/Net 202898447: Send: MessageSvc.PbSendMsg(MessageSvc.PbSendMsg)[0m
[0m2022-05-07 19:35:08 V/Net 202898447: Recv: MessageSvc.PbSendMsg[0m
[0m2022-05-07 19:38:20 V/Net 202898447: Send: MessageSvc.PbSendMsg(MessageSvc.PbSendMsg)[0m
[0m2022-05-07 19:38:20 V/Net 202898447: Recv: MessageSvc.PbSendMsg[0m
[0m2022-05-07 19:38:23 V/Net 202898447: Send: MessageSvc.PbSendMsg(MessageSvc.PbSendMsg)[0m
[0m2022-05-07 19:38:24 V/Net 202898447: Recv: MessageSvc.PbSendMsg[0m
[0m2022-05-07 19:38:27 V/Net 202898447: Send: MessageSvc.PbSendMsg(MessageSvc.PbSendMsg)[0m
[0m2022-05-07 19:38:28 V/Net 202898447: Recv: MessageSvc.PbSendMsg[0m
[0m2022-05-07 19:39:06 V/Net 202898447: Send: MessageSvc.PbSendMsg(MessageSvc.PbSendMsg)[0m
[0m2022-05-07 19:39:06 V/Net 202898447: Recv: MessageSvc.PbSendMsg[0m
[0m2022-05-07 19:39:09 V/Net 202898447: Send: MessageSvc.PbSendMsg(MessageSvc.PbSendMsg)[0m
[0m2022-05-07 19:39:10 V/Net 202898447: Recv: MessageSvc.PbSendMsg[0m
[0m2022-05-07 19:39:13 V/Net 202898447: Send: MessageSvc.PbSendMsg(MessageSvc.PbSendMsg)[0m
[0m2022-05-07 19:39:13 V/Net 202898447: Recv: MessageSvc.PbSendMsg[0m
[0m2022-05-07 19:39:32 V/Net 202898447: Send: MessageSvc.PbSendMsg(MessageSvc.PbSendMsg)[0m
[0m2022-05-07 19:39:32 V/Net 202898447: Recv: MessageSvc.PbSendMsg[0m
[0m2022-05-07 19:39:36 V/Net 202898447: Send: MessageSvc.PbSendMsg(MessageSvc.PbSendMsg)[0m
[0m2022-05-07 19:39:36 V/Net 202898447: Recv: MessageSvc.PbSendMsg[0m
[0m2022-05-07 19:39:39 V/Net 202898447: Send: MessageSvc.PbSendMsg(MessageSvc.PbSendMsg)[0m
[0m2022-05-07 19:39:39 V/Net 202898447: Recv: MessageSvc.PbSendMsg[0m
[0m2022-05-07 19:39:40 V/Net 202898447: Send: MessageSvc.PbSendMsg(MessageSvc.PbSendMsg)[0m
[0m2022-05-07 19:39:40 V/Net 202898447: Recv: MessageSvc.PbSendMsg[0m
[0m2022-05-07 19:40:20 V/Net 202898447: Send: MessageSvc.PbSendMsg(MessageSvc.PbSendMsg)[0m
[0m2022-05-07 19:40:21 V/Net 202898447: Recv: MessageSvc.PbSendMsg[0m
[0m2022-05-07 19:40:57 V/Net 202898447: Send: MessageSvc.PbSendMsg(MessageSvc.PbSendMsg)[0m
[0m2022-05-07 19:40:57 V/Net 202898447: Recv: MessageSvc.PbSendMsg[0m
[0m2022-05-07 19:41:00 V/Net 202898447: Send: MessageSvc.PbSendMsg(MessageSvc.PbSendMsg)[0m
[0m2022-05-07 19:41:01 V/Net 202898447: Recv: MessageSvc.PbSendMsg[0m
[0m2022-05-07 19:41:05 V/Net 202898447: Send: MessageSvc.PbSendMsg(MessageSvc.PbSendMsg)[0m
[0m2022-05-07 19:41:05 V/Net 202898447: Recv: MessageSvc.PbSendMsg[0m
[0m2022-05-07 19:41:26 V/Net 202898447: Send: MessageSvc.PbSendMsg(MessageSvc.PbSendMsg)[0m
[0m2022-05-07 19:41:26 V/Net 202898447: Recv: MessageSvc.PbSendMsg[0m
[0m2022-05-07 19:41:33 V/Net 202898447: Send: MessageSvc.PbSendMsg(MessageSvc.PbSendMsg)[0m
[0m2022-05-07 19:41:33 V/Net 202898447: Recv: MessageSvc.PbSendMsg[0m
[0m2022-05-07 19:42:05 V/Net 202898447: Send: MessageSvc.PbSendMsg(MessageSvc.PbSendMsg)[0m
[0m2022-05-07 19:42:06 V/Net 202898447: Recv: MessageSvc.PbSendMsg[0m
[0m2022-05-07 19:42:06 V/Net 202898447: Send: MessageSvc.PbSendMsg(MessageSvc.PbSendMsg)[0m
[0m2022-05-07 19:42:06 V/Net 202898447: Recv: MessageSvc.PbSendMsg[0m
[0m2022-05-07 19:42:06 V/Net 202898447: Send: MessageSvc.PbSendMsg(MessageSvc.PbSendMsg)[0m
[0m2022-05-07 19:42:06 V/Net 202898447: Recv: MessageSvc.PbSendMsg[0m
[0m2022-05-07 19:44:28 V/Net 202898447: Send: MessageSvc.PbSendMsg(MessageSvc.PbSendMsg)[0m
[0m2022-05-07 19:44:28 V/Net 202898447: Recv: MessageSvc.PbSendMsg[0m
[0m2022-05-07 19:44:33 V/Net 202898447: Send: MessageSvc.PbSendMsg(MessageSvc.PbSendMsg)[0m
[0m2022-05-07 19:44:33 V/Net 202898447: Recv: MessageSvc.PbSendMsg[0m
[0m2022-05-07 19:44:38 V/Net 202898447: Send: MessageSvc.PbSendMsg(MessageSvc.PbSendMsg)[0m
[0m2022-05-07 19:44:39 V/Net 202898447: Recv: MessageSvc.PbSendMsg[0m
[0m2022-05-07 19:44:45 V/Net 202898447: Send: MessageSvc.PbSendMsg(MessageSvc.PbSendMsg)[0m
[0m2022-05-07 19:44:46 V/Net 202898447: Recv: MessageSvc.PbSendMsg[0m
[0m2022-05-07 19:45:43 V/Net 202898447: Send: MessageSvc.PbSendMsg(MessageSvc.PbSendMsg)[0m
[0m2022-05-07 19:45:43 V/Net 202898447: Recv: MessageSvc.PbSendMsg[0m
[0m2022-05-07 19:46:02 V/Net 202898447: Send: MessageSvc.PbSendMsg(MessageSvc.PbSendMsg)[0m
[0m2022-05-07 19:46:03 V/Net 202898447: Recv: MessageSvc.PbSendMsg[0m
[0m2022-05-07 19:46:03 V/Net 202898447: Send: MessageSvc.PbSendMsg(MessageSvc.PbSendMsg)[0m
[0m2022-05-07 19:46:03 V/Net 202898447: Recv: MessageSvc.PbSendMsg[0m
[0m2022-05-07 19:46:03 V/Net 202898447: Send: MessageSvc.PbSendMsg(MessageSvc.PbSendMsg)[0m
[0m2022-05-07 19:46:03 V/Net 202898447: Recv: MessageSvc.PbSendMsg[0m
[0m2022-05-07 19:47:23 V/Net 202898447: Send: StatSvc.register(offline)[0m
[0m2022-05-07 19:52:22 V/Net 202898447: Loading server list from cache.[0m
[92m2022-05-07 19:52:22 I/Net 202898447: Server list: 183.47.98.77:14000, 157.148.41.102:80, 183.47.117.200:8080, 114.222.112.79:14000, 120.232.31.192:443, msfwifi.3g.qq.com:8080, 42.81.184.206:80.[0m
[92m2022-05-07 19:52:22 I/Net 202898447: ECDH key is valid.[0m
[0m2022-05-07 19:52:22 V/Net 202898447: Send: wtlogin.exchange_emp[0m
[0m2022-05-07 19:52:22 V/Net 202898447: Recv: wtlogin.exchange_emp[0m
[0m2022-05-07 19:52:22 V/Net 202898447: Send: StatSvc.register(online)[0m
[92m2022-05-07 19:52:23 I/Net 202898447: Server time updated, serverTime: 1651924342, diff: -1ms=-0.001s[0m
[0m2022-05-07 19:52:23 V/Net 202898447: Recv: StatSvc.register[0m
[0m2022-05-07 19:52:23 V/Net 202898447: Loading BdhSession from cache file[0m
[92m2022-05-07 19:52:23 I/Net 202898447: Syncing friend message history...[0m
[0m2022-05-07 19:52:23 V/Net 202898447: Recv: MessageSvc.PushForceOffline[0m
[91m2022-05-07 19:52:23 W/Net 202898447: net.mamoe.mirai.internal.network.impl.netty.ForceOfflineException: 你的帐号于19:48在另一台iPhone手机登录了QQ。如非本人操作，则密码可能已泄露，建议前往http://aq.qq.com/修改密码或紧急冻结帐号。
net.mamoe.mirai.internal.network.impl.netty.ForceOfflineException: 你的帐号于19:48在另一台iPhone手机登录了QQ。如非本人操作，则密码可能已泄露，建议前往http://aq.qq.com/修改密码或紧急冻结帐号。
	at net.mamoe.mirai.internal.network.protocol.packet.chat.receive.MessageSvcPushForceOffline.handle(MessageSvc.PushForceOffline.kt:35)
	at net.mamoe.mirai.internal.network.protocol.packet.chat.receive.MessageSvcPushForceOffline.handle(MessageSvc.PushForceOffline.kt:25)
	at net.mamoe.mirai.internal.network.components.CallPacketFactoryPacketHandler.handlePacket(PacketHandler.kt:110)
	at net.mamoe.mirai.internal.network.components.PacketHandlerChain.handlePacket(PacketHandler.kt:42)
	at net.mamoe.mirai.internal.network.handler.NetworkHandlerSupport$collectReceived$3.invokeSuspend(NetworkHandlerSupport.kt:84)
	at net.mamoe.mirai.internal.network.handler.NetworkHandlerSupport$collectReceived$3.invoke(NetworkHandlerSupport.kt)
	at net.mamoe.mirai.internal.network.handler.NetworkHandlerSupport$collectReceived$3.invoke(NetworkHandlerSupport.kt)
	at kotlinx.coroutines.intrinsics.UndispatchedKt.startCoroutineUndispatched(Undispatched.kt:55)
	at kotlinx.coroutines.CoroutineStart.invoke(CoroutineStart.kt:112)
	at kotlinx.coroutines.AbstractCoroutine.start(AbstractCoroutine.kt:126)
	at kotlinx.coroutines.BuildersKt__Builders_commonKt.launch(Builders.common.kt:56)
	at kotlinx.coroutines.BuildersKt.launch(Unknown Source)
	at kotlinx.coroutines.BuildersKt__Builders_commonKt.launch$default(Builders.common.kt:47)
	at kotlinx.coroutines.BuildersKt.launch$default(Unknown Source)
	at net.mamoe.mirai.internal.network.handler.NetworkHandlerSupport.collectReceived$mirai_core(NetworkHandlerSupport.kt:82)
	at net.mamoe.mirai.internal.network.impl.netty.NettyNetworkHandler$PacketDecodePipeline$send$1.invokeSuspend(NettyNetworkHandler.kt:178)
	at kotlin.coroutines.jvm.internal.BaseContinuationImpl.resumeWith(ContinuationImpl.kt:33)
	at kotlinx.coroutines.DispatchedTask.run(DispatchedTask.kt:106)
	at io.netty.util.concurrent.AbstractEventExecutor.safeExecute(AbstractEventExecutor.java:164)
	at io.netty.util.concurrent.SingleThreadEventExecutor.runAllTasks(SingleThreadEventExecutor.java:472)
	at io.netty.channel.nio.NioEventLoop.run(NioEventLoop.java:500)
	at io.netty.util.concurrent.SingleThreadEventExecutor$4.run(SingleThreadEventExecutor.java:989)
	at io.netty.util.internal.ThreadExecutorMap$2.run(ThreadExecutorMap.java:74)
	at io.netty.util.concurrent.FastThreadLocalRunnable.run(FastThreadLocalRunnable.java:30)
	at java.base/java.lang.Thread.run(Thread.java:829)
[0m
[31m2022-05-07 19:52:23 E/Net 202898447: Exception in coroutine 'unnamed'
net.mamoe.mirai.internal.network.impl.netty.ForceOfflineException: 你的帐号于19:48在另一台iPhone手机登录了QQ。如非本人操作，则密码可能已泄露，建议前往http://aq.qq.com/修改密码或紧急冻结帐号。
	at net.mamoe.mirai.internal.network.protocol.packet.chat.receive.MessageSvcPushForceOffline.handle(MessageSvc.PushForceOffline.kt:35)
	at net.mamoe.mirai.internal.network.protocol.packet.chat.receive.MessageSvcPushForceOffline.handle(MessageSvc.PushForceOffline.kt:25)
	at net.mamoe.mirai.internal.network.components.CallPacketFactoryPacketHandler.handlePacket(PacketHandler.kt:110)
	at net.mamoe.mirai.internal.network.components.PacketHandlerChain.handlePacket(PacketHandler.kt:42)
	at net.mamoe.mirai.internal.network.handler.NetworkHandlerSupport$collectReceived$3.invokeSuspend(NetworkHandlerSupport.kt:84)
	at net.mamoe.mirai.internal.network.handler.NetworkHandlerSupport$collectReceived$3.invoke(NetworkHandlerSupport.kt)
	at net.mamoe.mirai.internal.network.handler.NetworkHandlerSupport$collectReceived$3.invoke(NetworkHandlerSupport.kt)
	at kotlinx.coroutines.intrinsics.UndispatchedKt.startCoroutineUndispatched(Undispatched.kt:55)
	at kotlinx.coroutines.CoroutineStart.invoke(CoroutineStart.kt:112)
	at kotlinx.coroutines.AbstractCoroutine.start(AbstractCoroutine.kt:126)
	at kotlinx.coroutines.BuildersKt__Builders_commonKt.launch(Builders.common.kt:56)
	at kotlinx.coroutines.BuildersKt.launch(Unknown Source)
	at kotlinx.coroutines.BuildersKt__Builders_commonKt.launch$default(Builders.common.kt:47)
	at kotlinx.coroutines.BuildersKt.launch$default(Unknown Source)
	at net.mamoe.mirai.internal.network.handler.NetworkHandlerSupport.collectReceived$mirai_core(NetworkHandlerSupport.kt:82)
	at net.mamoe.mirai.internal.network.impl.netty.NettyNetworkHandler$PacketDecodePipeline$send$1.invokeSuspend(NettyNetworkHandler.kt:178)
	at kotlin.coroutines.jvm.internal.BaseContinuationImpl.resumeWith(ContinuationImpl.kt:33)
	at kotlinx.coroutines.DispatchedTask.run(DispatchedTask.kt:106)
	at io.netty.util.concurrent.AbstractEventExecutor.safeExecute(AbstractEventExecutor.java:164)
	at io.netty.util.concurrent.SingleThreadEventExecutor.runAllTasks(SingleThreadEventExecutor.java:472)
	at io.netty.channel.nio.NioEventLoop.run(NioEventLoop.java:500)
	at io.netty.util.concurrent.SingleThreadEventExecutor$4.run(SingleThreadEventExecutor.java:989)
	at io.netty.util.internal.ThreadExecutorMap$2.run(ThreadExecutorMap.java:74)
	at io.netty.util.concurrent.FastThreadLocalRunnable.run(FastThreadLocalRunnable.java:30)
	at java.base/java.lang.Thread.run(Thread.java:829)
	Suppressed: java.util.concurrent.CancellationException: NetworkHandler closed
		at kotlinx.coroutines.ExceptionsKt.CancellationException(Exceptions.kt:22)
		at kotlinx.coroutines.JobKt__JobKt.cancel(Job.kt:602)
		at kotlinx.coroutines.JobKt.cancel(Unknown Source)
		at net.mamoe.mirai.internal.network.handler.NetworkHandlerSupport.close(NetworkHandlerSupport.kt:55)
		at net.mamoe.mirai.internal.network.impl.netty.NettyNetworkHandler.close(NettyNetworkHandler.kt:191)
		at net.mamoe.mirai.internal.network.handler.selector.SelectorNetworkHandler.close(SelectorNetworkHandler.kt:79)
		... 25 more
	Caused by: [CIRCULAR REFERENCE: net.mamoe.mirai.internal.network.impl.netty.ForceOfflineException: 你的帐号于19:48在另一台iPhone手机登录了QQ。如非本人操作，则密码可能已泄露，建议前往http://aq.qq.com/修改密码或紧急冻结帐号。]
[0m
[31m2022-05-07 19:52:23 E/Net 202898447: Exception in coroutine 'BotInitProcessor.init'
java.lang.IllegalStateException: Exception in attached Job 'BotInitProcessor.init'
	at net.mamoe.mirai.internal.network.handler.state.JobAttachStateObserver$stateChanged0$1.invokeSuspend(JobAttachStateObserver.kt:40)
	at kotlin.coroutines.jvm.internal.BaseContinuationImpl.resumeWith(ContinuationImpl.kt:33)
	at kotlinx.coroutines.DispatchedTask.run(DispatchedTask.kt:104)
	at kotlinx.coroutines.scheduling.CoroutineScheduler.runSafely(CoroutineScheduler.kt:571)
	at kotlinx.coroutines.scheduling.CoroutineScheduler$Worker.executeTask(CoroutineScheduler.kt:750)
	at kotlinx.coroutines.scheduling.CoroutineScheduler$Worker.runWorker(CoroutineScheduler.kt:678)
	at kotlinx.coroutines.scheduling.CoroutineScheduler$Worker.run(CoroutineScheduler.kt:665)
Caused by: net.mamoe.mirai.internal.network.impl.netty.ForceOfflineException: 你的帐号于19:48在另一台iPhone手机登录了QQ。如非本人操作，则密码可能已泄露，建议前往http://aq.qq.com/修改密码或紧急冻结帐号。
	at net.mamoe.mirai.internal.network.protocol.packet.chat.receive.MessageSvcPushForceOffline.handle(MessageSvc.PushForceOffline.kt:35)
	at net.mamoe.mirai.internal.network.protocol.packet.chat.receive.MessageSvcPushForceOffline.handle(MessageSvc.PushForceOffline.kt:25)
	at net.mamoe.mirai.internal.network.components.CallPacketFactoryPacketHandler.handlePacket(PacketHandler.kt:110)
	at net.mamoe.mirai.internal.network.components.PacketHandlerChain.handlePacket(PacketHandler.kt:42)
	at net.mamoe.mirai.internal.network.handler.NetworkHandlerSupport$collectReceived$3.invokeSuspend(NetworkHandlerSupport.kt:84)
	at net.mamoe.mirai.internal.network.handler.NetworkHandlerSupport$collectReceived$3.invoke(NetworkHandlerSupport.kt)
	at net.mamoe.mirai.internal.network.handler.NetworkHandlerSupport$collectReceived$3.invoke(NetworkHandlerSupport.kt)
	at kotlinx.coroutines.intrinsics.UndispatchedKt.startCoroutineUndispatched(Undispatched.kt:55)
	at kotlinx.coroutines.CoroutineStart.invoke(CoroutineStart.kt:112)
	at kotlinx.coroutines.AbstractCoroutine.start(AbstractCoroutine.kt:126)
	at kotlinx.coroutines.BuildersKt__Builders_commonKt.launch(Builders.common.kt:56)
	at kotlinx.coroutines.BuildersKt.launch(Unknown Source)
	at kotlinx.coroutines.BuildersKt__Builders_commonKt.launch$default(Builders.common.kt:47)
	at kotlinx.coroutines.BuildersKt.launch$default(Unknown Source)
	at net.mamoe.mirai.internal.network.handler.NetworkHandlerSupport.collectReceived$mirai_core(NetworkHandlerSupport.kt:82)
	at net.mamoe.mirai.internal.network.impl.netty.NettyNetworkHandler$PacketDecodePipeline$send$1.invokeSuspend(NettyNetworkHandler.kt:178)
	at kotlin.coroutines.jvm.internal.BaseContinuationImpl.resumeWith(ContinuationImpl.kt:33)
	at kotlinx.coroutines.DispatchedTask.run(DispatchedTask.kt:106)
	at io.netty.util.concurrent.AbstractEventExecutor.safeExecute(AbstractEventExecutor.java:164)
	at io.netty.util.concurrent.SingleThreadEventExecutor.runAllTasks(SingleThreadEventExecutor.java:472)
	at io.netty.channel.nio.NioEventLoop.run(NioEventLoop.java:500)
	at io.netty.util.concurrent.SingleThreadEventExecutor$4.run(SingleThreadEventExecutor.java:989)
	at io.netty.util.internal.ThreadExecutorMap$2.run(ThreadExecutorMap.java:74)
	at io.netty.util.concurrent.FastThreadLocalRunnable.run(FastThreadLocalRunnable.java:30)
	at java.base/java.lang.Thread.run(Thread.java:829)
	Suppressed: java.util.concurrent.CancellationException: NetworkHandler closed
		at kotlinx.coroutines.ExceptionsKt.CancellationException(Exceptions.kt:22)
		at kotlinx.coroutines.JobKt__JobKt.cancel(Job.kt:602)
		at kotlinx.coroutines.JobKt.cancel(Unknown Source)
		at net.mamoe.mirai.internal.network.handler.NetworkHandlerSupport.close(NetworkHandlerSupport.kt:55)
		at net.mamoe.mirai.internal.network.impl.netty.NettyNetworkHandler.close(NettyNetworkHandler.kt:191)
		at net.mamoe.mirai.internal.network.handler.selector.SelectorNetworkHandler.close(SelectorNetworkHandler.kt:79)
		... 25 more
	Caused by: [CIRCULAR REFERENCE: net.mamoe.mirai.internal.network.impl.netty.ForceOfflineException: 你的帐号于19:48在另一台iPhone手机登录了QQ。如非本人操作，则密码可能已泄露，建议前往http://aq.qq.com/修改密码或紧急冻结帐号。]
	Suppressed: StateSwitchingException(old=StateLoading, new=StateClosed, cause=net.mamoe.mirai.internal.network.impl.netty.ForceOfflineException: 你的帐号于19:48在另一台iPhone手机登录了QQ。如非本人操作，则密码可能已泄露，建议前往http://aq.qq.com/修改密码或紧急冻结帐号。)
		at net.mamoe.mirai.internal.network.handler.NetworkHandlerSupport.setStateImpl$mirai_core(NetworkHandlerSupport.kt:261)
		at net.mamoe.mirai.internal.network.impl.netty.NettyNetworkHandler.close(NettyNetworkHandler.kt:409)
		at net.mamoe.mirai.internal.network.handler.selector.SelectorNetworkHandler.close(SelectorNetworkHandler.kt:79)
		... 25 more
	Caused by: [CIRCULAR REFERENCE: net.mamoe.mirai.internal.network.impl.netty.ForceOfflineException: 你的帐号于19:48在另一台iPhone手机登录了QQ。如非本人操作，则密码可能已泄露，建议前往http://aq.qq.com/修改密码或紧急冻结帐号。]
[0m
[0m2022-05-07 19:52:23 V/Net 202898447: Loading server list from cache.[0m
[92m2022-05-07 19:52:23 I/Net 202898447: Server list: 183.47.98.77:14000, 157.148.41.102:80, 183.47.117.200:8080, 114.222.112.79:14000, 120.232.31.192:443, msfwifi.3g.qq.com:8080, 42.81.184.206:80.[0m
[92m2022-05-07 19:52:23 I/Net 202898447: ECDH key is invalid, start to fetch ecdh public key from server.[0m
[92m2022-05-07 19:52:23 I/Net 202898447: Successfully fetched ecdh public key from server.[0m
[0m2022-05-07 19:52:23 V/Net 202898447: Send: wtlogin.login[0m
[0m2022-05-07 19:52:23 V/Net 202898447: Send: StatSvc.register(online)[0m
[0m2022-05-07 19:52:23 V/Net 202898447: Recv: wtlogin.login[0m
[92m2022-05-07 19:52:23 I/Net 202898447: Server time updated, serverTime: 1651924343, diff: 0ms=0.0s[0m
[0m2022-05-07 19:52:23 V/Net 202898447: Recv: StatSvc.register[0m
[0m2022-05-07 19:52:23 V/Net 202898447: Loading BdhSession from cache file[0m
[92m2022-05-07 19:52:23 I/Net 202898447: Syncing friend message history...[0m
[0m2022-05-07 19:52:23 V/Net 202898447: Send: StatSvc.GetDevLoginInfo(StatSvc.GetDevLoginInfo)[0m
[91m2022-05-07 19:52:23 W/Net 202898447: An exception was thrown during initialization process of Bot 202898447. Trying to ignore the error and continue logging in...
StateSwitchingException(old=StateLoading, new=StateClosed, cause=kotlinx.coroutines.JobCancellationException: Job was cancelled; job=SupervisorJobImpl{Cancelled}@503fa319)
	at net.mamoe.mirai.internal.network.handler.NetworkHandlerSupport.setStateImpl$mirai_core(NetworkHandlerSupport.kt:261)
	at net.mamoe.mirai.internal.network.impl.netty.NettyNetworkHandler.close(NettyNetworkHandler.kt:409)
	at net.mamoe.mirai.internal.network.handler.selector.AbstractKeepAliveNetworkHandlerSelector$AwaitResumeInstance.runImpl$resumeInstanceCatchingException(AbstractKeepAliveNetworkHandlerSelector.kt:133)
	at net.mamoe.mirai.internal.network.handler.selector.AbstractKeepAliveNetworkHandlerSelector$AwaitResumeInstance.access$runImpl$resumeInstanceCatchingException(AbstractKeepAliveNetworkHandlerSelector.kt:63)
	at net.mamoe.mirai.internal.network.handler.selector.AbstractKeepAliveNetworkHandlerSelector$AwaitResumeInstance$runImpl$resumeInstanceCatchingException$1.invokeSuspend(AbstractKeepAliveNetworkHandlerSelector.kt)
	at kotlin.coroutines.jvm.internal.BaseContinuationImpl.resumeWith(ContinuationImpl.kt:33)
	at kotlinx.coroutines.DispatchedTask.run(DispatchedTask.kt:106)
	at kotlinx.coroutines.scheduling.CoroutineScheduler.runSafely(CoroutineScheduler.kt:571)
	at kotlinx.coroutines.scheduling.CoroutineScheduler$Worker.executeTask(CoroutineScheduler.kt:750)
	at kotlinx.coroutines.scheduling.CoroutineScheduler$Worker.runWorker(CoroutineScheduler.kt:678)
	at kotlinx.coroutines.scheduling.CoroutineScheduler$Worker.run(CoroutineScheduler.kt:665)
Caused by: kotlinx.coroutines.JobCancellationException: Job was cancelled; job=SupervisorJobImpl{Cancelled}@503fa319
[0m
[31m2022-05-07 19:52:23 E/Net 202898447: Exception in coroutine 'BotInitProcessor.init'
java.lang.IllegalStateException: Exception in attached Job 'BotInitProcessor.init'
	at net.mamoe.mirai.internal.network.handler.state.JobAttachStateObserver$stateChanged0$1.invokeSuspend(JobAttachStateObserver.kt:40)
	at kotlin.coroutines.jvm.internal.BaseContinuationImpl.resumeWith(ContinuationImpl.kt:33)
	at kotlinx.coroutines.DispatchedTask.run(DispatchedTask.kt:104)
	at kotlinx.coroutines.scheduling.CoroutineScheduler.runSafely(CoroutineScheduler.kt:571)
	at kotlinx.coroutines.scheduling.CoroutineScheduler$Worker.executeTask(CoroutineScheduler.kt:750)
	at kotlinx.coroutines.scheduling.CoroutineScheduler$Worker.runWorker(CoroutineScheduler.kt:678)
	at kotlinx.coroutines.scheduling.CoroutineScheduler$Worker.run(CoroutineScheduler.kt:665)
Caused by: StateSwitchingException(old=StateLoading, new=StateClosed, cause=kotlinx.coroutines.JobCancellationException: Job was cancelled; job=SupervisorJobImpl{Cancelled}@503fa319)
	at net.mamoe.mirai.internal.network.handler.NetworkHandlerSupport.setStateImpl$mirai_core(NetworkHandlerSupport.kt:261)
	at net.mamoe.mirai.internal.network.impl.netty.NettyNetworkHandler.close(NettyNetworkHandler.kt:409)
	at net.mamoe.mirai.internal.network.handler.selector.AbstractKeepAliveNetworkHandlerSelector$AwaitResumeInstance.runImpl$resumeInstanceCatchingException(AbstractKeepAliveNetworkHandlerSelector.kt:133)
	at net.mamoe.mirai.internal.network.handler.selector.AbstractKeepAliveNetworkHandlerSelector$AwaitResumeInstance.access$runImpl$resumeInstanceCatchingException(AbstractKeepAliveNetworkHandlerSelector.kt:63)
	at net.mamoe.mirai.internal.network.handler.selector.AbstractKeepAliveNetworkHandlerSelector$AwaitResumeInstance$runImpl$resumeInstanceCatchingException$1.invokeSuspend(AbstractKeepAliveNetworkHandlerSelector.kt)
	at kotlin.coroutines.jvm.internal.BaseContinuationImpl.resumeWith(ContinuationImpl.kt:33)
	at kotlinx.coroutines.DispatchedTask.run(DispatchedTask.kt:106)
	... 4 more
Caused by: kotlinx.coroutines.JobCancellationException: Job was cancelled; job=SupervisorJobImpl{Cancelled}@503fa319
[0m
[91m2022-05-07 19:52:23 W/Net 202898447: kotlinx.coroutines.JobCancellationException: Job was cancelled; job=SupervisorJobImpl{Cancelled}@503fa319
kotlinx.coroutines.JobCancellationException: Job was cancelled; job=SupervisorJobImpl{Cancelled}@503fa319
[0m
[0m2022-05-07 19:52:23 V/Net 202898447: Loading server list from cache.[0m
[92m2022-05-07 19:52:23 I/Net 202898447: Server list: 183.47.98.77:14000, 157.148.41.102:80, 183.47.117.200:8080, 114.222.112.79:14000, 120.232.31.192:443, msfwifi.3g.qq.com:8080, 42.81.184.206:80.[0m
[92m2022-05-07 19:52:23 I/Net 202898447: ECDH key is valid.[0m
[0m2022-05-07 19:52:23 V/Net 202898447: Send: wtlogin.exchange_emp[0m
[0m2022-05-07 19:52:23 V/Net 202898447: Send: StatSvc.register(online)[0m
[0m2022-05-07 19:52:23 V/Net 202898447: Recv: wtlogin.exchange_emp[0m
[92m2022-05-07 19:52:24 I/Net 202898447: Server time updated, serverTime: 1651924343, diff: -1ms=-0.001s[0m
[0m2022-05-07 19:52:24 V/Net 202898447: Loading BdhSession from cache file[0m
[92m2022-05-07 19:52:24 I/Net 202898447: Syncing friend message history...[0m
[0m2022-05-07 19:52:24 V/Net 202898447: Recv: StatSvc.register[0m
[92m2022-05-07 19:52:24 I/Net 202898447: Start loading stranger list...[0m
[0m2022-05-07 19:52:24 V/Net 202898447: Send: OidbSvc.0x5d2_0(OidbSvc.0x5d2_0)[0m
[92m2022-05-07 19:52:24 I/Net 202898447: Start loading friend list...[0m
[0m2022-05-07 19:52:24 V/Net 202898447: Send: StatSvc.GetDevLoginInfo(StatSvc.GetDevLoginInfo)[0m
[0m2022-05-07 19:52:24 V/Net 202898447: Send: OidbSvc.0x496(OidbSvc.0x496)[0m
[0m2022-05-07 19:52:24 V/Net 202898447: Send: friendlist.getFriendGroupList(friendlist.getFriendGroupList)[0m
[92m2022-05-07 19:52:24 I/Net 202898447: Start loading group list...[0m
[0m2022-05-07 19:52:24 V/Net 202898447: Recv: OidbSvc.0x496[0m
[0m2022-05-07 19:52:24 V/Net 202898447: Send: friendlist.GetTroopListReqV2(friendlist.GetTroopListReqV2)[0m
[0m2022-05-07 19:52:24 V/Net 202898447: Recv: StatSvc.GetDevLoginInfo[0m
[92m2022-05-07 19:52:24 I/Net 202898447: No OtherClient online.[0m
[0m2022-05-07 19:52:24 V/Net 202898447: Recv: OidbSvc.0x5d2_0[0m
[92m2022-05-07 19:52:24 I/Net 202898447: Successfully loaded stranger list: 0 in total[0m
[0m2022-05-07 19:52:24 V/Net 202898447: Loading friend list: 3/3[0m
[92m2022-05-07 19:52:24 I/Net 202898447: Successfully loaded friend list: 3 in total[0m
[0m2022-05-07 19:52:24 V/Net 202898447: Recv: friendlist.getFriendGroupList[0m
[92m2022-05-07 19:52:24 I/Net 202898447: Syncing friend message history: Success.[0m
[0m2022-05-07 19:52:24 V/Net 202898447: Send: friendlist.GetTroopMemberListReq(friendlist.GetTroopMemberListReq)[0m
[0m2022-05-07 19:52:24 V/Net 202898447: Send: friendlist.GetTroopMemberListReq(friendlist.GetTroopMemberListReq)[0m
[0m2022-05-07 19:52:24 V/Net 202898447: Send: friendlist.GetTroopMemberListReq(friendlist.GetTroopMemberListReq)[0m
[0m2022-05-07 19:52:24 V/Net 202898447: Recv: friendlist.GetTroopListReqV2[0m
[0m2022-05-07 19:52:24 V/Net 202898447: Recv: friendlist.GetTroopMemberListReq[0m
[0m2022-05-07 19:52:24 V/Net 202898447: Recv: friendlist.GetTroopMemberListReq[0m
[0m2022-05-07 19:52:24 V/Net 202898447: Recv: friendlist.GetTroopMemberListReq[0m
[92m2022-05-07 19:52:24 I/Net 202898447: Successfully loaded group list: 3 in total.[0m
[92m2022-05-07 19:52:24 I/Net 202898447: Scheduled refresh login session in 19d 23h 55min 0.0s.[0m
[92m2022-05-07 19:52:24 I/Net 202898447: Scheduled key refresh in 23h 55min 0.0s.[0m
[92m2022-05-07 19:52:26 I/Net 202898447: Server list: msfwifi.3g.qq.com:8080, 183.47.106.104:14000, 120.232.31.221:443, 180.109.52.200:14000, 163.177.30.25:80, 119.147.190.138:8080, 49.7.253.124:80.[0m
[0m2022-05-07 19:52:26 V/Net 202898447: Saving bdh session to cache[0m
[0m2022-05-07 19:52:26 V/Net 202898447: Saving server list to cache[0m
[0m2022-05-07 19:52:26 V/Net 202898447: Send: ConfigPushSvc.PushResp(ConfigPushSvc.PushResp)[0m
[0m2022-05-07 19:52:26 V/Net 202898447: Recv: ConfigPushSvc.PushReq[0m
[0m2022-05-07 19:52:27 V/Net 202898447: Saving bdh session to cache[0m
[0m2022-05-07 19:52:27 V/Net 202898447: Send: ConfigPushSvc.PushResp(ConfigPushSvc.PushResp)[0m
[0m2022-05-07 19:52:27 V/Net 202898447: Recv: ConfigPushSvc.PushReq[0m
[0m2022-05-07 19:52:27 V/Net 202898447: Send: MessageSvc.PbSendMsg(MessageSvc.PbSendMsg)[0m
[0m2022-05-07 19:52:27 V/Net 202898447: Recv: MessageSvc.PbSendMsg[0m
[0m2022-05-07 19:59:45 V/Net 202898447: Send: MessageSvc.PbSendMsg(MessageSvc.PbSendMsg)[0m
[0m2022-05-07 19:59:45 V/Net 202898447: Recv: MessageSvc.PbSendMsg[0m
[0m2022-05-07 20:00:45 V/Net 202898447: Send: MessageSvc.PbSendMsg(MessageSvc.PbSendMsg)[0m
[0m2022-05-07 20:00:45 V/Net 202898447: Recv: MessageSvc.PbSendMsg[0m
[0m2022-05-07 20:08:30 V/Net 202898447: Send: MessageSvc.PbSendMsg(MessageSvc.PbSendMsg)[0m
[0m2022-05-07 20:08:30 V/Net 202898447: Recv: MessageSvc.PbSendMsg[0m
[0m2022-05-07 20:09:30 V/Net 202898447: Send: MessageSvc.PbSendMsg(MessageSvc.PbSendMsg)[0m
[0m2022-05-07 20:09:30 V/Net 202898447: Recv: MessageSvc.PbSendMsg[0m
[0m2022-05-07 21:46:36 V/Net 202898447: Send: MessageSvc.PbSendMsg(MessageSvc.PbSendMsg)[0m
[0m2022-05-07 21:46:36 V/Net 202898447: Recv: MessageSvc.PbSendMsg[0m
[0m2022-05-07 21:47:36 V/Net 202898447: Send: MessageSvc.PbSendMsg(MessageSvc.PbSendMsg)[0m
[0m2022-05-07 21:47:36 V/Net 202898447: Recv: MessageSvc.PbSendMsg[0m
[0m2022-05-07 22:21:12 V/Net 202898447: Send: ProfileService.Pb.ReqSystemMsgNew.Friend(ProfileService.Pb.ReqSystemMsgNew.Friend)[0m
[0m2022-05-07 22:21:12 V/Net 202898447: Send: MessageSvc.PbSendMsg(MessageSvc.PbSendMsg)[0m
[0m2022-05-07 22:21:12 V/Net 202898447: Recv: ProfileService.Pb.ReqSystemMsgNew.Friend[0m
[0m2022-05-07 22:21:12 V/Net 202898447: Recv: MessageSvc.PbSendMsg[0m
[0m2022-05-07 22:21:12 V/Net 202898447: Send: ProfileService.Pb.ReqSystemMsgAction.Friend(ProfileService.Pb.ReqSystemMsgAction.Friend)[0m
[0m2022-05-07 22:26:51 V/Net 202898447: Send: ProfileService.Pb.ReqSystemMsgNew.Friend(ProfileService.Pb.ReqSystemMsgNew.Friend)[0m
[0m2022-05-07 22:26:51 V/Net 202898447: Send: MessageSvc.PbSendMsg(MessageSvc.PbSendMsg)[0m
[0m2022-05-07 22:26:51 V/Net 202898447: Recv: ProfileService.Pb.ReqSystemMsgNew.Friend[0m
[0m2022-05-07 22:26:51 V/Net 202898447: Recv: MessageSvc.PbSendMsg[0m
[0m2022-05-07 22:26:51 V/Net 202898447: Send: ProfileService.Pb.ReqSystemMsgAction.Friend(ProfileService.Pb.ReqSystemMsgAction.Friend)[0m
[0m2022-05-07 22:27:45 V/Net 202898447: Send: MessageSvc.PbSendMsg(MessageSvc.PbSendMsg)[0m
[0m2022-05-07 22:27:45 V/Net 202898447: Recv: MessageSvc.PbSendMsg[0m
[0m2022-05-07 22:28:45 V/Net 202898447: Send: MessageSvc.PbSendMsg(MessageSvc.PbSendMsg)[0m
[0m2022-05-07 22:28:45 V/Net 202898447: Recv: MessageSvc.PbSendMsg[0m
